This is pdfTeXk, Version 3.141592-1.40.3 (Web2C 7.5.6) (format=latex 2007.12.7)  21 FEB 2008 13:24
entering extended mode
 %&-line parsing enabled.
**refman
(./refman.tex
LaTeX2e <2005/12/01>
Babel <v3.8h> and hyphenation patterns for english, usenglishmax, dumylang, noh
yphenation, croatian, bulgarian, russian, ukrainian, czech, slovak, danish, dut
ch, finnish, finnish, french, basque, french, german, ngerman, german, ngerman,
 greek, monogreek, ancientgreek, ibycus, hungarian, hungarian, italian, italian
, latin, latin, mongolian, mongolian, norsk, norsk, coptic, esperanto, estonian
, icelandic, indonesian, interlingua, romanian, serbian, slovenian, turkish, up
persorbian, welsh, polish, polish, portuguese, portuguese, spanish, catalan, ga
lician, spanish, catalan, galician, swedish, swedish, loaded.
(/usr/share/texmf-texlive/tex/latex/base/book.cls
Document Class: book 2005/09/16 v1.4f Standard LaTeX document class
(/usr/share/texmf-texlive/tex/latex/base/bk10.clo
File: bk10.clo 2005/09/16 v1.4f Standard LaTeX file (size option)
)
\c@part=\count79
\c@chapter=\count80
\c@section=\count81
\c@subsection=\count82
\c@subsubsection=\count83
\c@paragraph=\count84
\c@subparagraph=\count85
\c@figure=\count86
\c@table=\count87
\abovecaptionskip=\skip41
\belowcaptionskip=\skip42
\bibindent=\dimen102
)
(/usr/share/texmf-texlive/tex/latex/base/makeidx.sty
Package: makeidx 2000/03/29 v1.0m Standard LaTeX package
)
(/usr/share/texmf-texlive/tex/latex/fancyhdr/fancyhdr.sty
\fancy@headwidth=\skip43
\f@ncyO@elh=\skip44
\f@ncyO@erh=\skip45
\f@ncyO@olh=\skip46
\f@ncyO@orh=\skip47
\f@ncyO@elf=\skip48
\f@ncyO@erf=\skip49
\f@ncyO@olf=\skip50
\f@ncyO@orf=\skip51
)
(/usr/share/texmf-texlive/tex/latex/graphics/graphicx.sty
Package: graphicx 1999/02/16 v1.0f Enhanced LaTeX Graphics (DPC,SPQR)

(/usr/share/texmf-texlive/tex/latex/graphics/keyval.sty
Package: keyval 1999/03/16 v1.13 key=value parser (DPC)
\KV@toks@=\toks14
)
(/usr/share/texmf-texlive/tex/latex/graphics/graphics.sty
Package: graphics 2006/02/20 v1.0o Standard LaTeX Graphics (DPC,SPQR)

(/usr/share/texmf-texlive/tex/latex/graphics/trig.sty
Package: trig 1999/03/16 v1.09 sin cos tan (DPC)
)
(/etc/texmf/tex/latex/config/graphics.cfg
File: graphics.cfg 2007/01/18 v1.5 graphics configuration of teTeX/TeXLive
)
Package graphics Info: Driver file: dvips.def on input line 90.

(/usr/share/texmf-texlive/tex/latex/graphics/dvips.def
File: dvips.def 1999/02/16 v3.0i Driver-dependant file (DPC,SPQR)
))
\Gin@req@height=\dimen103
\Gin@req@width=\dimen104
)
(/usr/share/texmf-texlive/tex/latex/tools/multicol.sty
Package: multicol 2006/05/18 v1.6g multicolumn formatting (FMi)
\c@tracingmulticols=\count88
\mult@box=\box26
\multicol@leftmargin=\dimen105
\c@unbalance=\count89
\c@collectmore=\count90
\doublecol@number=\count91
\multicoltolerance=\count92
\multicolpretolerance=\count93
\full@width=\dimen106
\page@free=\dimen107
\premulticols=\dimen108
\postmulticols=\dimen109
\multicolsep=\skip52
\multicolbaselineskip=\skip53
\partial@page=\box27
\last@line=\box28
\mult@rightbox=\box29
\mult@grightbox=\box30
\mult@gfirstbox=\box31
\mult@firstbox=\box32
\@tempa=\box33
\@tempa=\box34
\@tempa=\box35
\@tempa=\box36
\@tempa=\box37
\@tempa=\box38
\@tempa=\box39
\@tempa=\box40
\@tempa=\box41
\@tempa=\box42
\@tempa=\box43
\@tempa=\box44
\@tempa=\box45
\@tempa=\box46
\@tempa=\box47
\@tempa=\box48
\@tempa=\box49
\c@columnbadness=\count94
\c@finalcolumnbadness=\count95
\last@try=\dimen110
\multicolovershoot=\dimen111
\multicolundershoot=\dimen112
\mult@nat@firstbox=\box50
\colbreak@box=\box51
)
(/usr/share/texmf-texlive/tex/latex/float/float.sty
Package: float 2001/11/08 v1.3d Float enhancements (AL)
\c@float@type=\count96
\float@exts=\toks15
\float@box=\box52
\@float@everytoks=\toks16
\@floatcapt=\box53
)
(/usr/share/texmf-texlive/tex/latex/base/textcomp.sty
Package: textcomp 2005/09/27 v1.99g Standard LaTeX package
Package textcomp Info: Sub-encoding information:
(textcomp)               5 = only ISO-Adobe without \textcurrency
(textcomp)               4 = 5 + \texteuro
(textcomp)               3 = 4 + \textohm
(textcomp)               2 = 3 + \textestimated + \textcurrency
(textcomp)               1 = TS1 - \textcircled - \t
(textcomp)               0 = TS1 (full)
(textcomp)             Font families with sub-encoding setting implement
(textcomp)             only a restricted character set as indicated.
(textcomp)             Family '?' is the default used for unknown fonts.
(textcomp)             See the documentation for details.
Package textcomp Info: Setting ? sub-encoding to TS1/1 on input line 71.

(/usr/share/texmf-texlive/tex/latex/base/ts1enc.def
File: ts1enc.def 2001/06/05 v3.0e (jk/car/fm) Standard LaTeX file
)
LaTeX Info: Redefining \oldstylenums on input line 266.
Package textcomp Info: Setting cmr sub-encoding to TS1/0 on input line 281.
Package textcomp Info: Setting cmss sub-encoding to TS1/0 on input line 282.
Package textcomp Info: Setting cmtt sub-encoding to TS1/0 on input line 283.
Package textcomp Info: Setting cmvtt sub-encoding to TS1/0 on input line 284.
Package textcomp Info: Setting cmbr sub-encoding to TS1/0 on input line 285.
Package textcomp Info: Setting cmtl sub-encoding to TS1/0 on input line 286.
Package textcomp Info: Setting ccr sub-encoding to TS1/0 on input line 287.
Package textcomp Info: Setting ptm sub-encoding to TS1/4 on input line 288.
Package textcomp Info: Setting pcr sub-encoding to TS1/4 on input line 289.
Package textcomp Info: Setting phv sub-encoding to TS1/4 on input line 290.
Package textcomp Info: Setting ppl sub-encoding to TS1/3 on input line 291.
Package textcomp Info: Setting pag sub-encoding to TS1/4 on input line 292.
Package textcomp Info: Setting pbk sub-encoding to TS1/4 on input line 293.
Package textcomp Info: Setting pnc sub-encoding to TS1/4 on input line 294.
Package textcomp Info: Setting pzc sub-encoding to TS1/4 on input line 295.
Package textcomp Info: Setting bch sub-encoding to TS1/4 on input line 296.
Package textcomp Info: Setting put sub-encoding to TS1/5 on input line 297.
Package textcomp Info: Setting uag sub-encoding to TS1/5 on input line 298.
Package textcomp Info: Setting ugq sub-encoding to TS1/5 on input line 299.
Package textcomp Info: Setting ul8 sub-encoding to TS1/4 on input line 300.
Package textcomp Info: Setting ul9 sub-encoding to TS1/4 on input line 301.
Package textcomp Info: Setting augie sub-encoding to TS1/5 on input line 302.
Package textcomp Info: Setting dayrom sub-encoding to TS1/3 on input line 303.
Package textcomp Info: Setting dayroms sub-encoding to TS1/3 on input line 304.

Package textcomp Info: Setting pxr sub-encoding to TS1/0 on input line 305.
Package textcomp Info: Setting pxss sub-encoding to TS1/0 on input line 306.
Package textcomp Info: Setting pxtt sub-encoding to TS1/0 on input line 307.
Package textcomp Info: Setting txr sub-encoding to TS1/0 on input line 308.
Package textcomp Info: Setting txss sub-encoding to TS1/0 on input line 309.
Package textcomp Info: Setting txtt sub-encoding to TS1/0 on input line 310.
Package textcomp Info: Setting futs sub-encoding to TS1/4 on input line 311.
Package textcomp Info: Setting futx sub-encoding to TS1/4 on input line 312.
Package textcomp Info: Setting futj sub-encoding to TS1/4 on input line 313.
Package textcomp Info: Setting hlh sub-encoding to TS1/3 on input line 314.
Package textcomp Info: Setting hls sub-encoding to TS1/3 on input line 315.
Package textcomp Info: Setting hlst sub-encoding to TS1/3 on input line 316.
Package textcomp Info: Setting hlct sub-encoding to TS1/5 on input line 317.
Package textcomp Info: Setting hlx sub-encoding to TS1/5 on input line 318.
Package textcomp Info: Setting hlce sub-encoding to TS1/5 on input line 319.
Package textcomp Info: Setting hlcn sub-encoding to TS1/5 on input line 320.
Package textcomp Info: Setting hlcw sub-encoding to TS1/5 on input line 321.
Package textcomp Info: Setting hlcf sub-encoding to TS1/5 on input line 322.
Package textcomp Info: Setting pplx sub-encoding to TS1/3 on input line 323.
Package textcomp Info: Setting pplj sub-encoding to TS1/3 on input line 324.
Package textcomp Info: Setting ptmx sub-encoding to TS1/4 on input line 325.
Package textcomp Info: Setting ptmj sub-encoding to TS1/4 on input line 326.
)
(/usr/share/texmf-texlive/tex/latex/base/alltt.sty
Package: alltt 1997/06/16 v2.0g defines alltt environment
)
(/usr/share/texmf-texlive/tex/latex/psnfss/times.sty
Package: times 2005/04/12 PSNFSS-v9.2a (SPQR) 
)
(/usr/share/texmf-texlive/tex/generic/oberdiek/ifpdf.sty
Package: ifpdf 2006/02/20 v1.4 Provides the ifpdf switch (HO)
Package ifpdf Info: pdfTeX in pdf mode not detected.
)
(/usr/share/texmf-texlive/tex/latex/hyperref/hyperref.sty
Package: hyperref 2007/02/07 v6.75r Hypertext links for LaTeX
\@linkdim=\dimen113
\Hy@linkcounter=\count97
\Hy@pagecounter=\count98

(/usr/share/texmf-texlive/tex/latex/hyperref/pd1enc.def
File: pd1enc.def 2007/02/07 v6.75r Hyperref: PDFDocEncoding definition (HO)
)
(/etc/texmf/tex/latex/config/hyperref.cfg
File: hyperref.cfg 2002/06/06 v1.2 hyperref configuration of TeXLive
)
(/usr/share/texmf-texlive/tex/latex/oberdiek/kvoptions.sty
Package: kvoptions 2006/08/22 v2.4 Connects package keyval with LaTeX options (
HO)
)
Package hyperref Info: Option `colorlinks' set `true' on input line 2238.
Package hyperref Info: Option `unicode' set `true' on input line 2238.

(/usr/share/texmf-texlive/tex/latex/hyperref/puenc.def
File: puenc.def 2007/02/07 v6.75r Hyperref: PDF Unicode definition (HO)
)
Package hyperref Info: Hyper figures OFF on input line 2288.
Package hyperref Info: Link nesting OFF on input line 2293.
Package hyperref Info: Hyper index ON on input line 2296.
Package hyperref Info: Plain pages OFF on input line 2303.
Package hyperref Info: Backreferencing ON on input line 2306.

Implicit mode ON; LaTeX internals redefined
Package hyperref Info: Bookmarks ON on input line 2444.
(/usr/share/texmf-texlive/tex/latex/hyperref/backref.sty
Package: backref 2006/10/06 v1.27 Bibliographical back referencing
)
(/usr/share/texmf-texlive/tex/latex/ltxmisc/url.sty
\Urlmuskip=\muskip10
Package: url 2005/06/27  ver 3.2  Verb mode for urls, etc.
)
LaTeX Info: Redefining \url on input line 2599.
\Fld@menulength=\count99
\Field@Width=\dimen114
\Fld@charsize=\dimen115
\Choice@toks=\toks17
\Field@toks=\toks18
Package hyperref Info: Hyper figures OFF on input line 3102.
Package hyperref Info: Link nesting OFF on input line 3107.
Package hyperref Info: Hyper index ON on input line 3110.
Package hyperref Info: backreferencing ON on input line 3115.
Package hyperref Info: Link coloring ON on input line 3120.
\Hy@abspage=\count100
\c@Item=\count101
\c@Hfootnote=\count102
)
*hyperref using driver hdvips*
(/usr/share/texmf-texlive/tex/latex/hyperref/hdvips.def
File: hdvips.def 2007/02/07 v6.75r Hyperref driver for dvips

(/usr/share/texmf-texlive/tex/latex/hyperref/pdfmark.def
File: pdfmark.def 2007/02/07 v6.75r Hyperref definitions for pdfmark specials
\pdf@docset=\toks19
\pdf@box=\box54
\pdf@toks=\toks20
\pdf@defaulttoks=\toks21
\Fld@listcount=\count103
))
(/usr/share/texmf-texlive/tex/latex/pspicture/pspicture.sty
Package: pspicture 1999/04/11/ v2.02 Picture mode via PS specials (DPC)
\@arrowlength=\dimen116
)
(/usr/share/texmf-texlive/tex/latex/base/inputenc.sty
Package: inputenc 2006/05/05 v1.1b Input encoding file
\inpenc@prehook=\toks22
\inpenc@posthook=\toks23

(/usr/share/texmf-texlive/tex/latex/base/utf8.def
File: utf8.def 2006/03/30 v1.1i UTF-8 support for inputenc
Now handling font encoding OML ...
... no UTF-8 mapping file for font encoding OML
Now handling font encoding T1 ...
... processing UTF-8 mapping file for font encodingT1

(/usr/share/texmf-texlive/tex/latex/base/t1enc.dfu
File: t1enc.dfu 2006/03/30 v1.1i UTF-8 support for inputenc
   defining Unicode char U+00A1 (decimal 161)
   defining Unicode char U+00A3 (decimal 163)
   defining Unicode char U+00AB (decimal 171)
   defining Unicode char U+00BB (decimal 187)
   defining Unicode char U+00BF (decimal 191)
   defining Unicode char U+00C0 (decimal 192)
   defining Unicode char U+00C1 (decimal 193)
   defining Unicode char U+00C2 (decimal 194)
   defining Unicode char U+00C3 (decimal 195)
   defining Unicode char U+00C4 (decimal 196)
   defining Unicode char U+00C5 (decimal 197)
   defining Unicode char U+00C6 (decimal 198)
   defining Unicode char U+00C7 (decimal 199)
   defining Unicode char U+00C8 (decimal 200)
   defining Unicode char U+00C9 (decimal 201)
   defining Unicode char U+00CA (decimal 202)
   defining Unicode char U+00CB (decimal 203)
   defining Unicode char U+00CC (decimal 204)
   defining Unicode char U+00CD (decimal 205)
   defining Unicode char U+00CE (decimal 206)
   defining Unicode char U+00CF (decimal 207)
   defining Unicode char U+00D0 (decimal 208)
   defining Unicode char U+00D1 (decimal 209)
   defining Unicode char U+00D2 (decimal 210)
   defining Unicode char U+00D3 (decimal 211)
   defining Unicode char U+00D4 (decimal 212)
   defining Unicode char U+00D5 (decimal 213)
   defining Unicode char U+00D6 (decimal 214)
   defining Unicode char U+00D8 (decimal 216)
   defining Unicode char U+00D9 (decimal 217)
   defining Unicode char U+00DA (decimal 218)
   defining Unicode char U+00DB (decimal 219)
   defining Unicode char U+00DC (decimal 220)
   defining Unicode char U+00DD (decimal 221)
   defining Unicode char U+00DE (decimal 222)
   defining Unicode char U+00DF (decimal 223)
   defining Unicode char U+00E0 (decimal 224)
   defining Unicode char U+00E1 (decimal 225)
   defining Unicode char U+00E2 (decimal 226)
   defining Unicode char U+00E3 (decimal 227)
   defining Unicode char U+00E4 (decimal 228)
   defining Unicode char U+00E5 (decimal 229)
   defining Unicode char U+00E6 (decimal 230)
   defining Unicode char U+00E7 (decimal 231)
   defining Unicode char U+00E8 (decimal 232)
   defining Unicode char U+00E9 (decimal 233)
   defining Unicode char U+00EA (decimal 234)
   defining Unicode char U+00EB (decimal 235)
   defining Unicode char U+00EC (decimal 236)
   defining Unicode char U+00ED (decimal 237)
   defining Unicode char U+00EE (decimal 238)
   defining Unicode char U+00EF (decimal 239)
   defining Unicode char U+00F0 (decimal 240)
   defining Unicode char U+00F1 (decimal 241)
   defining Unicode char U+00F2 (decimal 242)
   defining Unicode char U+00F3 (decimal 243)
   defining Unicode char U+00F4 (decimal 244)
   defining Unicode char U+00F5 (decimal 245)
   defining Unicode char U+00F6 (decimal 246)
   defining Unicode char U+00F8 (decimal 248)
   defining Unicode char U+00F9 (decimal 249)
   defining Unicode char U+00FA (decimal 250)
   defining Unicode char U+00FB (decimal 251)
   defining Unicode char U+00FC (decimal 252)
   defining Unicode char U+00FD (decimal 253)
   defining Unicode char U+00FE (decimal 254)
   defining Unicode char U+00FF (decimal 255)
   defining Unicode char U+0102 (decimal 258)
   defining Unicode char U+0103 (decimal 259)
   defining Unicode char U+0104 (decimal 260)
   defining Unicode char U+0105 (decimal 261)
   defining Unicode char U+0106 (decimal 262)
   defining Unicode char U+0107 (decimal 263)
   defining Unicode char U+010C (decimal 268)
   defining Unicode char U+010D (decimal 269)
   defining Unicode char U+010E (decimal 270)
   defining Unicode char U+010F (decimal 271)
   defining Unicode char U+0110 (decimal 272)
   defining Unicode char U+0111 (decimal 273)
   defining Unicode char U+0118 (decimal 280)
   defining Unicode char U+0119 (decimal 281)
   defining Unicode char U+011A (decimal 282)
   defining Unicode char U+011B (decimal 283)
   defining Unicode char U+011E (decimal 286)
   defining Unicode char U+011F (decimal 287)
   defining Unicode char U+0130 (decimal 304)
   defining Unicode char U+0131 (decimal 305)
   defining Unicode char U+0132 (decimal 306)
   defining Unicode char U+0133 (decimal 307)
   defining Unicode char U+0139 (decimal 313)
   defining Unicode char U+013A (decimal 314)
   defining Unicode char U+013D (decimal 317)
   defining Unicode char U+013E (decimal 318)
   defining Unicode char U+0141 (decimal 321)
   defining Unicode char U+0142 (decimal 322)
   defining Unicode char U+0143 (decimal 323)
   defining Unicode char U+0144 (decimal 324)
   defining Unicode char U+0147 (decimal 327)
   defining Unicode char U+0148 (decimal 328)
   defining Unicode char U+014A (decimal 330)
   defining Unicode char U+014B (decimal 331)
   defining Unicode char U+0150 (decimal 336)
   defining Unicode char U+0151 (decimal 337)
   defining Unicode char U+0152 (decimal 338)
   defining Unicode char U+0153 (decimal 339)
   defining Unicode char U+0154 (decimal 340)
   defining Unicode char U+0155 (decimal 341)
   defining Unicode char U+0158 (decimal 344)
   defining Unicode char U+0159 (decimal 345)
   defining Unicode char U+015A (decimal 346)
   defining Unicode char U+015B (decimal 347)
   defining Unicode char U+015E (decimal 350)
   defining Unicode char U+015F (decimal 351)
   defining Unicode char U+0160 (decimal 352)
   defining Unicode char U+0161 (decimal 353)
   defining Unicode char U+0162 (decimal 354)
   defining Unicode char U+0163 (decimal 355)
   defining Unicode char U+0164 (decimal 356)
   defining Unicode char U+0165 (decimal 357)
   defining Unicode char U+016E (decimal 366)
   defining Unicode char U+016F (decimal 367)
   defining Unicode char U+0170 (decimal 368)
   defining Unicode char U+0171 (decimal 369)
   defining Unicode char U+0178 (decimal 376)
   defining Unicode char U+0179 (decimal 377)
   defining Unicode char U+017A (decimal 378)
   defining Unicode char U+017B (decimal 379)
   defining Unicode char U+017C (decimal 380)
   defining Unicode char U+017D (decimal 381)
   defining Unicode char U+017E (decimal 382)
   defining Unicode char U+200C (decimal 8204)
   defining Unicode char U+2013 (decimal 8211)
   defining Unicode char U+2014 (decimal 8212)
   defining Unicode char U+2018 (decimal 8216)
   defining Unicode char U+2019 (decimal 8217)
   defining Unicode char U+201A (decimal 8218)
   defining Unicode char U+201C (decimal 8220)
   defining Unicode char U+201D (decimal 8221)
   defining Unicode char U+201E (decimal 8222)
   defining Unicode char U+2030 (decimal 8240)
   defining Unicode char U+2031 (decimal 8241)
   defining Unicode char U+2039 (decimal 8249)
   defining Unicode char U+203A (decimal 8250)
   defining Unicode char U+2423 (decimal 9251)
)
Now handling font encoding OT1 ...
... processing UTF-8 mapping file for font encodingOT1

(/usr/share/texmf-texlive/tex/latex/base/ot1enc.dfu
File: ot1enc.dfu 2006/03/30 v1.1i UTF-8 support for inputenc
   defining Unicode char U+00A1 (decimal 161)
   defining Unicode char U+00A3 (decimal 163)
   defining Unicode char U+00B8 (decimal 184)
   defining Unicode char U+00BF (decimal 191)
   defining Unicode char U+00C5 (decimal 197)
   defining Unicode char U+00C6 (decimal 198)
   defining Unicode char U+00D8 (decimal 216)
   defining Unicode char U+00DF (decimal 223)
   defining Unicode char U+00E6 (decimal 230)
   defining Unicode char U+00EC (decimal 236)
   defining Unicode char U+00ED (decimal 237)
   defining Unicode char U+00EE (decimal 238)
   defining Unicode char U+00EF (decimal 239)
   defining Unicode char U+00F8 (decimal 248)
   defining Unicode char U+0131 (decimal 305)
   defining Unicode char U+0141 (decimal 321)
   defining Unicode char U+0142 (decimal 322)
   defining Unicode char U+0152 (decimal 338)
   defining Unicode char U+0153 (decimal 339)
   defining Unicode char U+2013 (decimal 8211)
   defining Unicode char U+2014 (decimal 8212)
   defining Unicode char U+2018 (decimal 8216)
   defining Unicode char U+2019 (decimal 8217)
   defining Unicode char U+201C (decimal 8220)
   defining Unicode char U+201D (decimal 8221)
)
Now handling font encoding OMS ...
... processing UTF-8 mapping file for font encodingOMS

(/usr/share/texmf-texlive/tex/latex/base/omsenc.dfu
File: omsenc.dfu 2006/03/30 v1.1i UTF-8 support for inputenc
   defining Unicode char U+00A7 (decimal 167)
   defining Unicode char U+00B6 (decimal 182)
   defining Unicode char U+00B7 (decimal 183)
   defining Unicode char U+2020 (decimal 8224)
   defining Unicode char U+2021 (decimal 8225)
   defining Unicode char U+2022 (decimal 8226)
)
Now handling font encoding OMX ...
... no UTF-8 mapping file for font encoding OMX
Now handling font encoding U ...
... no UTF-8 mapping file for font encoding U
Now handling font encoding TS1 ...
... processing UTF-8 mapping file for font encodingTS1

(/usr/share/texmf-texlive/tex/latex/base/ts1enc.dfu
File: ts1enc.dfu 2006/03/30 v1.1i UTF-8 support for inputenc
   defining Unicode char U+00A2 (decimal 162)
   defining Unicode char U+00A3 (decimal 163)
   defining Unicode char U+00A4 (decimal 164)
   defining Unicode char U+00A5 (decimal 165)
   defining Unicode char U+00A6 (decimal 166)
   defining Unicode char U+00A7 (decimal 167)
   defining Unicode char U+00A8 (decimal 168)
   defining Unicode char U+00A9 (decimal 169)
   defining Unicode char U+00AA (decimal 170)
   defining Unicode char U+00AC (decimal 172)
   defining Unicode char U+00AE (decimal 174)
   defining Unicode char U+00AF (decimal 175)
   defining Unicode char U+00B0 (decimal 176)
   defining Unicode char U+00B1 (decimal 177)
   defining Unicode char U+00B2 (decimal 178)
   defining Unicode char U+00B3 (decimal 179)
   defining Unicode char U+00B4 (decimal 180)
   defining Unicode char U+00B5 (decimal 181)
   defining Unicode char U+00B6 (decimal 182)
   defining Unicode char U+00B7 (decimal 183)
   defining Unicode char U+00B9 (decimal 185)
   defining Unicode char U+00BA (decimal 186)
   defining Unicode char U+00BC (decimal 188)
   defining Unicode char U+00BD (decimal 189)
   defining Unicode char U+00BE (decimal 190)
   defining Unicode char U+00D7 (decimal 215)
   defining Unicode char U+00F7 (decimal 247)
   defining Unicode char U+0192 (decimal 402)
   defining Unicode char U+02C7 (decimal 711)
   defining Unicode char U+02D8 (decimal 728)
   defining Unicode char U+02DD (decimal 733)
   defining Unicode char U+0E3F (decimal 3647)
   defining Unicode char U+2016 (decimal 8214)
   defining Unicode char U+2020 (decimal 8224)
   defining Unicode char U+2021 (decimal 8225)
   defining Unicode char U+2022 (decimal 8226)
   defining Unicode char U+2030 (decimal 8240)
   defining Unicode char U+2031 (decimal 8241)
   defining Unicode char U+203B (decimal 8251)
   defining Unicode char U+203D (decimal 8253)
   defining Unicode char U+2044 (decimal 8260)
   defining Unicode char U+204E (decimal 8270)
   defining Unicode char U+2052 (decimal 8274)
   defining Unicode char U+20A1 (decimal 8353)
   defining Unicode char U+20A4 (decimal 8356)
   defining Unicode char U+20A6 (decimal 8358)
   defining Unicode char U+20A9 (decimal 8361)
   defining Unicode char U+20AB (decimal 8363)
   defining Unicode char U+20AC (decimal 8364)
   defining Unicode char U+20B1 (decimal 8369)
   defining Unicode char U+2103 (decimal 8451)
   defining Unicode char U+2116 (decimal 8470)
   defining Unicode char U+2117 (decimal 8471)
   defining Unicode char U+211E (decimal 8478)
   defining Unicode char U+2120 (decimal 8480)
   defining Unicode char U+2122 (decimal 8482)
   defining Unicode char U+2126 (decimal 8486)
   defining Unicode char U+2127 (decimal 8487)
   defining Unicode char U+212E (decimal 8494)
   defining Unicode char U+2190 (decimal 8592)
   defining Unicode char U+2191 (decimal 8593)
   defining Unicode char U+2192 (decimal 8594)
   defining Unicode char U+2193 (decimal 8595)
   defining Unicode char U+2329 (decimal 9001)
   defining Unicode char U+232A (decimal 9002)
   defining Unicode char U+2422 (decimal 9250)
   defining Unicode char U+25E6 (decimal 9702)
   defining Unicode char U+25EF (decimal 9711)
   defining Unicode char U+266A (decimal 9834)
)
Now handling font encoding PD1 ...
... no UTF-8 mapping file for font encoding PD1
Now handling font encoding PU ...
... no UTF-8 mapping file for font encoding PU
   defining Unicode char U+00A9 (decimal 169)
   defining Unicode char U+00AA (decimal 170)
   defining Unicode char U+00AE (decimal 174)
   defining Unicode char U+00BA (decimal 186)
   defining Unicode char U+02C6 (decimal 710)
   defining Unicode char U+02DC (decimal 732)
   defining Unicode char U+200C (decimal 8204)
   defining Unicode char U+2026 (decimal 8230)
   defining Unicode char U+2122 (decimal 8482)
   defining Unicode char U+2423 (decimal 9251)
)) (./doxygen.sty
Package: doxygen 

(/usr/share/texmf-texlive/tex/latex/tools/calc.sty
Package: calc 2005/08/06 v4.2 Infix arithmetic (KKT,FJ)
\calc@Acount=\count104
\calc@Bcount=\count105
\calc@Adimen=\dimen117
\calc@Bdimen=\dimen118
\calc@Askip=\skip54
\calc@Bskip=\skip55
LaTeX Info: Redefining \setlength on input line 75.
LaTeX Info: Redefining \addtolength on input line 76.
\calc@Ccount=\count106
\calc@Cskip=\skip56
)
(/usr/share/texmf-texlive/tex/latex/tools/array.sty
Package: array 2005/08/23 v2.4b Tabular extension package (FMi)
\col@sep=\dimen119
\extrarowheight=\dimen120
\NC@list=\toks24
\extratabsurround=\skip57
\backup@length=\skip58
)
\tmplength=\skip59
)
(/usr/share/texmf-texlive/tex/latex/base/fontenc.sty
Package: fontenc 2005/09/27 v1.99g Standard LaTeX package

(/usr/share/texmf-texlive/tex/latex/base/t1enc.def
File: t1enc.def 2005/09/27 v1.99g Standard LaTeX file
LaTeX Font Info:    Redeclaring font encoding T1 on input line 43.
))
\@indexfile=\write3
\openout3 = `refman.idx'.


Writing index file refman.idx
(./refman.aux (./namespacePyPedal.aux)
(./namespacePyPedal_1_1____version____.aux)
(./namespacePyPedal_1_1depgraph2dot.aux) (./namespacePyPedal_1_1deps.aux)
(./namespacePyPedal_1_1dict4ini.aux) (./namespacePyPedal_1_1odict.aux

LaTeX Warning: Label `namespacePyPedal_1_1odict_1e93f5491e71b3f7ca1b01ef8f58cf2
9' multiply defined.


LaTeX Warning: Label `namespacePyPedal_1_1odict_1e93f5491e71b3f7ca1b01ef8f58cf2
9' multiply defined.

) (./namespacePyPedal_1_1py2depgraph.aux)
(./namespacePyPedal_1_1pyp__classes.aux) (./namespacePyPedal_1_1pyp__db.aux)
(./namespacePyPedal_1_1pyp__demog.aux) (./namespacePyPedal_1_1pyp__graphics.aux
) (./namespacePyPedal_1_1pyp__gui.aux)
(./namespacePyPedal_1_1pyp__gui__graphs.aux)
(./namespacePyPedal_1_1pyp__gui__metrics.aux

LaTeX Warning: Label `namespacePyPedal_1_1pyp__gui__metrics_4b5654398c192e7b9d5
3aa325d367b00' multiply defined.

) (./namespacePyPedal_1_1pyp__gui__utils.aux)
(./namespacePyPedal_1_1pyp__io.aux) (./namespacePyPedal_1_1pyp__jbc.aux)
(./namespacePyPedal_1_1pyp__metrics.aux)
(./namespacePyPedal_1_1pyp__network.aux)
(./namespacePyPedal_1_1pyp__newclasses.aux) (./namespacePyPedal_1_1pyp__nrm.aux
) (./namespacePyPedal_1_1pyp__reports.aux)
(./namespacePyPedal_1_1pyp__reports__templates.aux)
(./namespacePyPedal_1_1pyp__template.aux) (./namespacePyPedal_1_1pyp__tests.aux
) (./namespacePyPedal_1_1pyp__utils.aux) (./classPyPedal_1_1odict_1_1__keys.aux
) (./classPyPedal_1_1odict_1_1__values.aux)
(./classPyPedal_1_1pyp__classes_1_1Animal.aux)
(./classPyPedal_1_1dict4ini_1_1DictIni.aux)
(./classPyPedal_1_1dict4ini_1_1DictNode.aux)
(./classPyPedal_1_1pyp__newclasses_1_1LightAnimal.aux)
(./classPyPedal_1_1pyp__gui_1_1MainWindow.aux)
(./classPyPedal_1_1pyp__gui_1_1MyApp.aux)
(./classPyPedal_1_1py2depgraph_1_1mymf.aux)
(./classPyPedal_1_1pyp__newclasses_1_1NewAMatrix.aux)
(./classPyPedal_1_1pyp__newclasses_1_1NewAnimal.aux)
(./classPyPedal_1_1pyp__newclasses_1_1NewPedigree.aux)
(./classPyPedal_1_1odict_1_1OrderedDict.aux)
(./classPyPedal_1_1pyp__classes_1_1Pedigree.aux)
(./classPyPedal_1_1pyp__newclasses_1_1PedigreeMetadata.aux)
(./classPyPedal_1_1depgraph2dot_1_1pydepgraphdot.aux)
(./classPyPedal_1_1pyp__newclasses_1_1PyPedalError.aux)
(./classPyPedal_1_1pyp__gui__graphs_1_1PyPedalGraphDialogInbreeding.aux)
(./classPyPedal_1_1pyp__tests_1_1PyPedalMetricsTestCases.aux)
(./classPyPedal_1_1pyp__tests_1_1PyPedalNrmTestCases.aux)
(./classPyPedal_1_1pyp__gui__utils_1_1PyPedalOptionsDialog.aux)
(./classPyPedal_1_1pyp__newclasses_1_1PyPedalPedigreeInputFileNameError.aux)
(./classPyPedal_1_1pyp__tests_1_1PyPedalUtilsTestCases.aux)
(./classPyPedal_1_1pyp__db_1_1PypMean.aux)
(./classPyPedal_1_1pyp__db_1_1PypSSD.aux)
(./classPyPedal_1_1pyp__db_1_1PypSum.aux)
(./classPyPedal_1_1pyp__db_1_1PypSVar.aux)
(./classPyPedal_1_1odict_1_1SequenceOrderedDict.aux)
(./classPyPedal_1_1pyp__newclasses_1_1SimAnimal.aux)
(./classPyPedal_1_1pyp__newclasses_1_1tail__recursive.aux))
\openout1 = `refman.aux'.

LaTeX Font Info:    Checking defaults for OML/cmm/m/it on input line 32.
LaTeX Font Info:    ... okay on input line 32.
LaTeX Font Info:    Checking defaults for T1/cmr/m/n on input line 32.
LaTeX Font Info:    ... okay on input line 32.
LaTeX Font Info:    Checking defaults for OT1/cmr/m/n on input line 32.
LaTeX Font Info:    ... okay on input line 32.
LaTeX Font Info:    Checking defaults for OMS/cmsy/m/n on input line 32.
LaTeX Font Info:    ... okay on input line 32.
LaTeX Font Info:    Checking defaults for OMX/cmex/m/n on input line 32.
LaTeX Font Info:    ... okay on input line 32.
LaTeX Font Info:    Checking defaults for U/cmr/m/n on input line 32.
LaTeX Font Info:    ... okay on input line 32.
LaTeX Font Info:    Checking defaults for TS1/cmr/m/n on input line 32.
LaTeX Font Info:    Try loading font information for TS1+cmr on input line 32.

(/usr/share/texmf-texlive/tex/latex/base/ts1cmr.fd
File: ts1cmr.fd 1999/05/25 v2.5h Standard LaTeX font definitions
)
LaTeX Font Info:    ... okay on input line 32.
LaTeX Font Info:    Checking defaults for PD1/pdf/m/n on input line 32.
LaTeX Font Info:    ... okay on input line 32.
LaTeX Font Info:    Checking defaults for PU/pdf/m/n on input line 32.
LaTeX Font Info:    ... okay on input line 32.
LaTeX Font Info:    Try loading font information for T1+ptm on input line 32.

(/usr/share/texmf-texlive/tex/latex/psnfss/t1ptm.fd
File: t1ptm.fd 2001/06/04 font definitions for T1/ptm.
)
(/usr/share/texmf-texlive/tex/latex/graphics/color.sty
Package: color 2005/11/14 v1.0j Standard LaTeX Color (DPC)

(/etc/texmf/tex/latex/config/color.cfg
File: color.cfg 2007/01/18 v1.5 color configuration of teTeX/TeXLive
)
Package color Info: Driver file: dvips.def on input line 130.

(/usr/share/texmf-texlive/tex/latex/graphics/dvipsnam.def
File: dvipsnam.def 1999/02/16 v3.0i Driver-dependant file (DPC,SPQR)
))
Package hyperref Info: Link coloring ON on input line 32.

(/usr/share/texmf-texlive/tex/latex/hyperref/nameref.sty
Package: nameref 2006/12/27 v2.28 Cross-referencing by name of section

(/usr/share/texmf-texlive/tex/latex/oberdiek/refcount.sty
Package: refcount 2006/02/20 v3.0 Data extraction from references (HO)
)
\c@section@level=\count107
)
LaTeX Info: Redefining \ref on input line 32.
LaTeX Info: Redefining \pageref on input line 32.
 (./refman.out)
(./refman.out)
\@outlinefile=\write4
\openout4 = `refman.out'.

 [1


] [2

]
LaTeX Font Info:    Font shape `T1/ptm/bx/n' in size <24.88> not available
(Font)              Font shape `T1/ptm/b/n' tried instead on input line 45.
 (./refman.toc
LaTeX Font Info:    Font shape `T1/ptm/bx/n' in size <10> not available
(Font)              Font shape `T1/ptm/b/n' tried instead on input line 1.
LaTeX Font Info:    External font `cmex10' loaded for size
(Font)              <7> on input line 2.
LaTeX Font Info:    External font `cmex10' loaded for size
(Font)              <5> on input line 2.
 [1

]
Underfull \vbox (badness 1694) has occurred while \output is active []

LaTeX Font Info:    Font shape `T1/ptm/bx/n' in size <7> not available
(Font)              Font shape `T1/ptm/b/n' tried instead on input line 354.
 [2]
Overfull \hbox (12.24695pt too wide) in paragraph at lines 356--356
 [][] [] [][]  
 []


Overfull \hbox (33.09604pt too wide) in paragraph at lines 364--364
 [][] [] [][]  
 []

)
\tf@toc=\write5
\openout5 = `refman.toc'.

 [3] [4

]
Chapter 1.
LaTeX Font Info:    Font shape `T1/ptm/bx/n' in size <20.74> not available
(Font)              Font shape `T1/ptm/b/n' tried instead on input line 48.
(./namespaces.tex
LaTeX Font Info:    Font shape `T1/ptm/bx/n' in size <14.4> not available
(Font)              Font shape `T1/ptm/b/n' tried instead on input line 1.
 [1

]) [2]
Chapter 2.
(./hierarchy.tex [3

]) [4]
Chapter 3.
(./annotated.tex [5

]) [6]
Chapter 4.
(./namespacepyp__demog.tex
LaTeX Font Info:    Font shape `T1/ptm/bx/n' in size <12> not available
(Font)              Font shape `T1/ptm/b/n' tried instead on input line 9.
) [7

]
\openout2 = `namespacePyPedal.aux'.

 (./namespacePyPedal.tex
LaTeX Font Info:    Try loading font information for TS1+ptm on input line 10.

(/usr/share/texmf-texlive/tex/latex/psnfss/ts1ptm.fd
File: ts1ptm.fd 2001/06/04 font definitions for TS1/ptm.
)) [8

]
\openout2 = `namespacePyPedal_1_1____version____.aux'.


(./namespacePyPedal_1_1____version____.tex) [9


]
\openout2 = `namespacePyPedal_1_1depgraph2dot.aux'.


(./namespacePyPedal_1_1depgraph2dot.tex) [10


]
\openout2 = `namespacePyPedal_1_1deps.aux'.

 (./namespacePyPedal_1_1deps.tex)
[11


]
\openout2 = `namespacePyPedal_1_1dict4ini.aux'.

 (./namespacePyPedal_1_1dict4ini.tex) [12


]
\openout2 = `namespacePyPedal_1_1odict.aux'.

 (./namespacePyPedal_1_1odict.tex [13


]
LaTeX Font Info:    Font shape `T1/ptm/bx/it' in size <10> not available
(Font)              Font shape `T1/ptm/b/it' tried instead on input line 111.
LaTeX Font Info:    Try loading font information for T1+pcr on input line 117.
 (/usr/share/texmf-texlive/tex/latex/psnfss/t1pcr.fd
File: t1pcr.fd 2001/06/04 font definitions for T1/pcr.
) [14] [15]
Overfull \hbox (24.60023pt too wide) in paragraph at lines 252--252
[]\T1/pcr/m/n/8 >>> b = OrderedDict([(7, 0), (6, 1), (5, 2), (4, 3), (3, 4), (2
, 5), (1, 6)])[] 
 []

[16] [17]
Underfull \vbox (badness 10000) has occurred while \output is active []

 [18]
[19] [20] [21] [22] [23]
Overfull \hbox (24.60023pt too wide) in paragraph at lines 894--894
[]\T1/pcr/m/n/8 TypeError: cannot convert dictionary update sequence element #0
 to a sequence[] 
 []

) [24]
\openout2 = `namespacePyPedal_1_1py2depgraph.aux'.

 (./namespacePyPedal_1_1py2depgraph.tex) [25


]
\openout2 = `namespacePyPedal_1_1pyp__classes.aux'.


(./namespacePyPedal_1_1pyp__classes.tex) [26


]
\openout2 = `namespacePyPedal_1_1pyp__db.aux'.


(./namespacePyPedal_1_1pyp__db.tex [27


]
Overfull \hbox (32.78012pt too wide) in paragraph at lines 85--85
 []\T1/pcr/m/n/8 createPedigreeDatabase() creates a new pedigree table in a SQL
ite database.[] 
 []


Overfull \hbox (3.9801pt too wide) in paragraph at lines 110--110
 []\T1/pcr/m/n/8 databaseQuery() executes an SQLite query.  This is a wrapper f
unction[] 
 []


Overfull \hbox (8.7801pt too wide) in paragraph at lines 110--110
 []\T1/pcr/m/n/8 I wrote it so that any changes that need to be made in the way
 PyPedal[] 
 []

[28] [29] [30]
Overfull \hbox (3.9801pt too wide) in paragraph at lines 272--272
 []\T1/pcr/m/n/8 tableExists() queries the sqlite_master view in an SQLite data
base to[] 
 []


Overfull \hbox (18.38011pt too wide) in paragraph at lines 295--295
 []\T1/pcr/m/n/8 tableExistsSQA() queries the sqlite_master view in an SQLite d
atabase to[] 
 []

[31]) [32]
\openout2 = `namespacePyPedal_1_1pyp__demog.aux'.

 (./namespacePyPedal_1_1pyp__demog.tex
Overfull \hbox (6.78009pt too wide) in paragraph at lines 39--39
 []\T1/pcr/m/n/8 age_distribution() computes histograms of the age distribution
 of[] 
 []


Overfull \hbox (61.58014pt too wide) in paragraph at lines 63--63
 []\T1/pcr/m/n/8 founders_by_year() returns a dictionary containing the number 
of founders in each[] 
 []

[33


]
Overfull \hbox (66.38014pt too wide) in paragraph at lines 130--130
 []\T1/pcr/m/n/8 sex_ratio() returns a dictionary containing the proportion of 
males and females in[] 
 []

[34]) [35]
\openout2 = `namespacePyPedal_1_1pyp__graphics.aux'.

 (./namespacePyPedal_1_1pyp__graphics.tex [36


]
Overfull \hbox (27.98012pt too wide) in paragraph at lines 55--55
 []\T1/pcr/m/n/8 draw_pedigree() uses the pydot bindings to the graphviz librar
y -- if they[] 
 []


Overfull \hbox (37.58012pt too wide) in paragraph at lines 55--55
 []\T1/pcr/m/n/8 are available on your system -- to produce a directed graph of
 your pedigree[] 
 []


Overfull \hbox (51.98013pt too wide) in paragraph at lines 55--55
 []\T1/pcr/m/n/8 with paths of inheritance as edges and animals as nodes.  If t
here is more than[] 
 []


Overfull \hbox (66.38014pt too wide) in paragraph at lines 55--55
 []\T1/pcr/m/n/8 one generation in the pedigree as determind by the "gen" attri
butes of the animals[] 
 []


Overfull \hbox (71.18015pt too wide) in paragraph at lines 55--55
 []\T1/pcr/m/n/8 in the pedigree, draw_pedigree() will use subgraphs to try and
 group animals in the[] 
 []

[37]
Overfull \hbox (27.98012pt too wide) in paragraph at lines 82--82
 []\T1/pcr/m/n/8 draw_pedigree() uses the pydot bindings to the graphviz librar
y -- if they[] 
 []


Overfull \hbox (37.58012pt too wide) in paragraph at lines 82--82
 []\T1/pcr/m/n/8 are available on your system -- to produce a directed graph of
 your pedigree[] 
 []


Overfull \hbox (51.98013pt too wide) in paragraph at lines 82--82
 []\T1/pcr/m/n/8 with paths of inheritance as edges and animals as nodes.  If t
here is more than[] 
 []


Overfull \hbox (66.38014pt too wide) in paragraph at lines 82--82
 []\T1/pcr/m/n/8 one generation in the pedigree as determind by the "gen" attri
butes of the animals[] 
 []


Overfull \hbox (71.18015pt too wide) in paragraph at lines 82--82
 []\T1/pcr/m/n/8 in the pedigree, draw_pedigree() will use subgraphs to try and
 group animals in the[] 
 []

[38]
Overfull \hbox (47.18013pt too wide) in paragraph at lines 106--106
 []\T1/pcr/m/n/8 display the large elements of a matrix in pseudocolor using th
e Python Imaging[] 
 []


Overfull \hbox (61.58014pt too wide) in paragraph at lines 129--129
 []\T1/pcr/m/n/8 founders_by_year() uses matplotlib -- if available on your sys
tem -- to produce a[] 
 []


Overfull \hbox (80.78015pt too wide) in paragraph at lines 152--152
 []\T1/pcr/m/n/8 founders_pct_by_year() uses matplotlib -- if available on your
 system -- to produce a[] 
 []


Overfull \hbox (13.58011pt too wide) in paragraph at lines 152--152
 []\T1/pcr/m/n/8 line graph of the frequency (percentage) of founders in each b
irthyear.[] 
 []

[39]
Overfull \hbox (42.38013pt too wide) in paragraph at lines 175--175
 []\T1/pcr/m/n/8 plot_line_xy() uses matplotlib -- if available on your system 
-- to produce a[] 
 []

[40]
Overfull \hbox (23.18011pt too wide) in paragraph at lines 222--222
 []\T1/pcr/m/n/8 rmuller_pcolor_matrix_pil() implements a matlab-like 'pcolor' 
function to[] 
 []


Overfull \hbox (47.18013pt too wide) in paragraph at lines 222--222
 []\T1/pcr/m/n/8 display the large elements of a matrix in pseudocolor using th
e Python Imaging[] 
 []


Overfull \hbox (51.98013pt too wide) in paragraph at lines 245--245
 []\T1/pcr/m/n/8 rmuller_spy_matrix_pil() implements a matlab-like 'spy' functi
on to display the[] 
 []

[41]
Overfull \hbox (47.18013pt too wide) in paragraph at lines 269--269
 []\T1/pcr/m/n/8 display the large elements of a matrix in pseudocolor using th
e Python Imaging[] 
 []

) [42]
\openout2 = `namespacePyPedal_1_1pyp__gui.aux'.

 (./namespacePyPedal_1_1pyp__gui.tex) [43


]
\openout2 = `namespacePyPedal_1_1pyp__gui__graphs.aux'.


(./namespacePyPedal_1_1pyp__gui__graphs.tex) [44


]
\openout2 = `namespacePyPedal_1_1pyp__gui__metrics.aux'.


(./namespacePyPedal_1_1pyp__gui__metrics.tex) [45


]
\openout2 = `namespacePyPedal_1_1pyp__gui__utils.aux'.


(./namespacePyPedal_1_1pyp__gui__utils.tex) [46


] [47]
\openout2 = `namespacePyPedal_1_1pyp__io.aux'.


(./namespacePyPedal_1_1pyp__io.tex
Overfull \hbox (195.98022pt too wide) in paragraph at lines 64--64
 []\T1/pcr/m/n/8 Use the Python pickle system for persistent objects to read th
e inverse of a relationship matrix from a file.[] 
 []

[48


]
Overfull \hbox (191.18022pt too wide) in paragraph at lines 86--86
 []\T1/pcr/m/n/8 Use the Python pickle system for persistent objects to write t
he inverse of a relationship matrix to a file.[] 
 []


Overfull \hbox (75.98015pt too wide) in paragraph at lines 109--109
 []\T1/pcr/m/n/8 dissertation_pedigree_to_file() takes a pedigree in 'asdxfg' f
ormat and writes is to[] 
 []


Overfull \hbox (80.78015pt too wide) in paragraph at lines 133--133
 []\T1/pcr/m/n/8 dissertation_pedigree_to_pedig_format() takes a pedigree in 'a
sdbxfg' format, formats[] 
 []


Overfull \hbox (71.18015pt too wide) in paragraph at lines 133--133
 []\T1/pcr/m/n/8 it into the form used by Didier Boichard's 'pedig' suite of pr
ograms, and writes it[] 
 []

[49]
Overfull \hbox (66.38014pt too wide) in paragraph at lines 159--159
 []\T1/pcr/m/n/8 dissertation_pedigree_to_pedig_format_mask() Takes a pedigree 
in 'asdbxfg' format,[] 
 []


Overfull \hbox (61.58014pt too wide) in paragraph at lines 159--159
 []\T1/pcr/m/n/8 formats it into the form used by Didier Boichard's 'pedig' sui
te of programs, and[] 
 []


Overfull \hbox (66.38014pt too wide) in paragraph at lines 159--159
 []\T1/pcr/m/n/8 writes it to a file.  THIS FUNCTION MASKS THE GENERATION ID WI
TH A FAKE BIRTH YEAR[] 
 []


Overfull \hbox (71.18015pt too wide) in paragraph at lines 159--159
 []\T1/pcr/m/n/8 AND WRITES THE FAKE BIRTH YEAR TO THE FILE INSTEAD OF THE TRUE
 BIRTH YEAR.  THIS IS[] 
 []


Overfull \hbox (85.58015pt too wide) in paragraph at lines 183--183
 []\T1/pcr/m/n/8 dissertation_pedigree_to_pedig_interest_format() takes a pedig
ree in 'asdbxfg' format,[] 
 []


Overfull \hbox (66.38014pt too wide) in paragraph at lines 183--183
 []\T1/pcr/m/n/8 formats it into the form used by Didier Boichard's parente pro
gram for the studied[] 
 []

[50] [51]
Overfull \hbox (5.40022pt too wide) in paragraph at lines 289--289
[]\T1/pcr/m/n/8 renderBodyText() renders page contents (produces HTML output by
 default).[] 
 []

[52]
Overfull \hbox (13.58011pt too wide) in paragraph at lines 326--326
 []\T1/pcr/m/n/8 save_from_gedcom() takes pedigree data parsed by load_from_ged
com() and[] 
 []


Overfull \hbox (13.58011pt too wide) in paragraph at lines 326--326
 []\T1/pcr/m/n/8 writes it to a text file in an ASD format that PyPedal can eas
ily read.[] 
 []


Overfull \hbox (10.20023pt too wide) in paragraph at lines 349--349
[]\T1/pcr/m/n/8 save_ijk() saves an NRM to a file in the form "animal A" "anima
l B" "rAB".[] 
 []

[53]
Overfull \hbox (42.38013pt too wide) in paragraph at lines 395--395
 []\T1/pcr/m/n/8 summary_inbreeding() returns a string representation of the da
ta contained in[] 
 []


Overfull \hbox (18.38011pt too wide) in paragraph at lines 395--395
 []\T1/pcr/m/n/8 the 'metadata' dictionary contained in the output dictionary r
eturned by[] 
 []


Overfull \hbox (75.98015pt too wide) in paragraph at lines 418--418
 []\T1/pcr/m/n/8 unpickle_pedigree() reads a pickled pedigree in from a file an
d returns the unpacked[] 
 []

[54]) [55]
\openout2 = `namespacePyPedal_1_1pyp__jbc.aux'.

 (./namespacePyPedal_1_1pyp__jbc.tex
Overfull \hbox (51.98013pt too wide) in paragraph at lines 40--40
 []\T1/pcr/m/n/8 color_pedigree() forms a graph object from a pedigree object a
nd determines the[] 
 []


Overfull \hbox (47.18013pt too wide) in paragraph at lines 40--40
 []\T1/pcr/m/n/8 proportion of animals in a pedigree that are descendants of ea
ch animal in the[] 
 []

[56


]
Overfull \hbox (75.98015pt too wide) in paragraph at lines 67--67
 []\T1/pcr/m/n/8 draw_colored_pedigree() uses the pydot bindings to the graphvi
z library to produce a[] 
 []


Overfull \hbox (61.58014pt too wide) in paragraph at lines 67--67
 []\T1/pcr/m/n/8 directed graph of your pedigree with paths of inheritance as e
dges and animals as[] 
 []


Overfull \hbox (85.58015pt too wide) in paragraph at lines 67--67
 []\T1/pcr/m/n/8 nodes.  If there is more than one generation in the pedigree a
s determind by the "gen"[] 
 []


Overfull \hbox (75.98015pt too wide) in paragraph at lines 67--67
 []\T1/pcr/m/n/8 attributes of the animals in the pedigree, draw_pedigree() wil
l use subgraphs to try[] 
 []


Overfull \hbox (56.78014pt too wide) in paragraph at lines 67--67
 []\T1/pcr/m/n/8 and group animals in the same generation together in the drawi
ng.  Nodes will be[] 
 []


Overfull \hbox (27.98012pt too wide) in paragraph at lines 67--67
 []\T1/pcr/m/n/8 colored based on the number of outgoing connections (number of
 offspring).[] 
 []

[57] [58]
Overfull \hbox (27.98012pt too wide) in paragraph at lines 118--118
 []\T1/pcr/m/n/8 draw_pedigree() uses the pydot bindings to the graphviz librar
y -- if they[] 
 []


Overfull \hbox (37.58012pt too wide) in paragraph at lines 118--118
 []\T1/pcr/m/n/8 are available on your system -- to produce a directed graph of
 your pedigree[] 
 []


Overfull \hbox (51.98013pt too wide) in paragraph at lines 118--118
 []\T1/pcr/m/n/8 with paths of inheritance as edges and animals as nodes.  If t
here is more than[] 
 []


Overfull \hbox (66.38014pt too wide) in paragraph at lines 118--118
 []\T1/pcr/m/n/8 one generation in the pedigree as determind by the "gen" attri
butes of the animals[] 
 []


Overfull \hbox (71.18015pt too wide) in paragraph at lines 118--118
 []\T1/pcr/m/n/8 in the pedigree, draw_pedigree() will use subgraphs to try and
 group animals in the[] 
 []

) [59]
\openout2 = `namespacePyPedal_1_1pyp__metrics.aux'.

 (./namespacePyPedal_1_1pyp__metrics.tex [60


]
Overfull \hbox (23.18011pt too wide) in paragraph at lines 78--78
 []\T1/pcr/m/n/8 Write population average coefficients of inbreeding and relati
onship to a[] 
 []


Overfull \hbox (37.58012pt too wide) in paragraph at lines 78--78
 []\T1/pcr/m/n/8 file, as well as individual animal IDs and coefficients of inb
reeding.  Some[] 
 []


Overfull \hbox (61.58014pt too wide) in paragraph at lines 78--78
 []\T1/pcr/m/n/8 -- an array that large cannot be allocated due to memory restr
ictions -- and will[] 
 []


Overfull \hbox (51.98013pt too wide) in paragraph at lines 105--105
 []\T1/pcr/m/n/8 The algorithm in Appendix B of Boichard et al. (1996) is not v
ery well written.[] 
 []


Overfull \hbox (66.38014pt too wide) in paragraph at lines 105--105
 []\T1/pcr/m/n/8 a_effective_ancestors_definite() implements that algorithm (su
ccessfully, I hope).[] 
 []


Overfull \hbox (66.38014pt too wide) in paragraph at lines 105--105
 []\T1/pcr/m/n/8 NOTE: One problem here is that if you pass a pedigree WITHOUT 
generations an error[] 
 []


Overfull \hbox (42.38013pt too wide) in paragraph at lines 105--105
 []\T1/pcr/m/n/8 is not thrown.  You simply end up wth a list of generations th
at contains the[] 
 []

[61]
Overfull \hbox (66.38014pt too wide) in paragraph at lines 130--130
 []\T1/pcr/m/n/8 a_effective_ancestors_indefinite() uses the approach outlined 
on pages 9 and 10 of[] 
 []


Overfull \hbox (71.18015pt too wide) in paragraph at lines 130--130
 []\T1/pcr/m/n/8 Boichard et al. (1996) to compute approximate upper and lower 
bounds for f_a.  This[] 
 []


Overfull \hbox (61.58014pt too wide) in paragraph at lines 130--130
 []\T1/pcr/m/n/8 is much more tractable for large pedigrees than the exact comp
utation provided in[] 
 []

[62]
Overfull \hbox (51.98013pt too wide) in paragraph at lines 155--155
 []\T1/pcr/m/n/8 The algorithm in Appendix A of Boichard et al. (1996) is not v
ery well written.[] 
 []


Overfull \hbox (61.58014pt too wide) in paragraph at lines 155--155
 []\T1/pcr/m/n/8 a_effective_founders_boichard() implements that algorithm (suc
cessfully, I hope).[] 
 []


Overfull \hbox (27.98012pt too wide) in paragraph at lines 155--155
 []\T1/pcr/m/n/8 Note that answers from this function will not necessarily matc
h those from[] 
 []


Overfull \hbox (95.18016pt too wide) in paragraph at lines 177--177
 []\T1/pcr/m/n/8 Calculate the number of effective founders in a pedigree using
 the exact method of Lacy.[] 
 []

[63]
Overfull \hbox (75.98015pt too wide) in paragraph at lines 224--224
 []\T1/pcr/m/n/8 common_ancestors() returns a list of the ancestors that two an
imals share in common.[] 
 []


Overfull \hbox (56.78014pt too wide) in paragraph at lines 247--247
 []\T1/pcr/m/n/8 descendants() uses pedigree metadata to walk a pedigree and re
turn a list of all[] 
 []

[64]
Overfull \hbox (23.18011pt too wide) in paragraph at lines 271--271
 []\T1/pcr/m/n/8 dropped_ancestral_inbreeding() uses a gene dropping approach t
o calculate[] 
 []


Overfull \hbox (32.78012pt too wide) in paragraph at lines 271--271
 []\T1/pcr/m/n/8 ancestral inbreeding, the probability of an individual inherit
ing an allele[] 
 []


Overfull \hbox (51.98013pt too wide) in paragraph at lines 295--295
 []\T1/pcr/m/n/8 effective_founder_genomes() simulates the random segregation o
f founder alleles[] 
 []


Overfull \hbox (56.78014pt too wide) in paragraph at lines 295--295
 []\T1/pcr/m/n/8 through a pedigree.  At present only two alleles are simulated
 for each founder.[] 
 []

[65]
Overfull \hbox (95.18016pt too wide) in paragraph at lines 319--319
 []\T1/pcr/m/n/8 Calculate the number of effective founders in a pedigree using
 the exact method of Lacy.[] 
 []


Overfull \hbox (47.18013pt too wide) in paragraph at lines 343--343
 []\T1/pcr/m/n/8 a_fast_coefficients() writes population average coefficients o
f inbreeding and[] 
 []


Overfull \hbox (37.58012pt too wide) in paragraph at lines 343--343
 []\T1/pcr/m/n/8 relationship to a file, as well as individual animal IDs and c
oefficients of[] 
 []


Overfull \hbox (69.18013pt too wide) in paragraph at lines 363--363
 []\T1/pcr/m/n/8 founder_descendants() returns a dictionary containing a list o
f descendants of[] 
 []

[66]
Overfull \hbox (23.18011pt too wide) in paragraph at lines 393--393
 []\T1/pcr/m/n/8 generation_intervals() computes the average age of parents at 
the time of[] 
 []


Overfull \hbox (18.38011pt too wide) in paragraph at lines 393--393
 []\T1/pcr/m/n/8 birth of their first (oldest) offspring.  This is implies that
 selection[] 
 []


Overfull \hbox (18.38011pt too wide) in paragraph at lines 393--393
 []\T1/pcr/m/n/8 decisions are made at the time of birth of the first offspring
.  Average[] 
 []


Overfull \hbox (32.78012pt too wide) in paragraph at lines 393--393
 []\T1/pcr/m/n/8 ages are computed for each of four paths: sire-son, sire-daugh
ter, dam-son,[] 
 []


Overfull \hbox (23.18011pt too wide) in paragraph at lines 393--393
 []\T1/pcr/m/n/8 and dam-daughter.  An overall mean is computed, as well.  IT I
S IMPORTANT[] 
 []


Overfull \hbox (37.58012pt too wide) in paragraph at lines 393--393
 []\T1/pcr/m/n/8 to note that if you DO NOT provide birthyears in your pedigree
 file that the[] 
 []


Overfull \hbox (56.78014pt too wide) in paragraph at lines 393--393
 []\T1/pcr/m/n/8 returned dictionary will contain only zeroes!  This is because
 when no birthyear[] 
 []


Overfull \hbox (47.18013pt too wide) in paragraph at lines 393--393
 []\T1/pcr/m/n/8 is provided a default value (1900) is assigned to all animals 
in the pedigree.[] 
 []

[67]
Overfull \hbox (42.38013pt too wide) in paragraph at lines 422--422
 []\T1/pcr/m/n/8 generation_intervals_all() computes the average age of parents
 at the time of[] 
 []


Overfull \hbox (37.58012pt too wide) in paragraph at lines 422--422
 []\T1/pcr/m/n/8 birth of their offspring.  The computation is made using birth
 years for all[] 
 []


Overfull \hbox (51.98013pt too wide) in paragraph at lines 422--422
 []\T1/pcr/m/n/8 known offspring of sires and dams, which implies discrete gene
rations.  Average[] 
 []


Overfull \hbox (51.98013pt too wide) in paragraph at lines 422--422
 []\T1/pcr/m/n/8 ages are computed for each of four paths: sire-son, sire-daugh
ter, dam-son, and[] 
 []


Overfull \hbox (61.58014pt too wide) in paragraph at lines 422--422
 []\T1/pcr/m/n/8 dam-daughter.  An overall mean is computed, as well. IT IS IMP
ORTANT to note that[] 
 []


Overfull \hbox (71.18015pt too wide) in paragraph at lines 422--422
 []\T1/pcr/m/n/8 if you DO NOT provide birthyears in your pedigree file that th
e returned dictionary[] 
 []


Overfull \hbox (66.38014pt too wide) in paragraph at lines 422--422
 []\T1/pcr/m/n/8 will contain only zeroes!  This is because when no birthyear i
s provided a default[] 
 []

[68]
Overfull \hbox (23.18011pt too wide) in paragraph at lines 510--510
 []\T1/pcr/m/n/8 pedigree_completeness() computes the proportion of known ances
tors in the[] 
 []

[69]
Overfull \hbox (23.18011pt too wide) in paragraph at lines 510--510
 []\T1/pcr/m/n/8 pedigree of each animal in the population for a user-determine
d number of[] 
 []


Overfull \hbox (18.38011pt too wide) in paragraph at lines 510--510
 []\T1/pcr/m/n/8 generations. Also, the mean pedcomps for all animals and for a
ll animals[] 
 []

[70]
Overfull \hbox (37.58012pt too wide) in paragraph at lines 579--579
 []\T1/pcr/m/n/8 theoretical_ne_from_metadata() computes the theoretical effect
ive population[] 
 []


Overfull \hbox (32.78012pt too wide) in paragraph at lines 579--579
 []\T1/pcr/m/n/8 size based on the number of sires and dams contained in a pedi
gree metadata[] 
 []

) [71]
\openout2 = `namespacePyPedal_1_1pyp__network.aux'.

 (./namespacePyPedal_1_1pyp__network.tex [72


]
Overfull \hbox (66.38014pt too wide) in paragraph at lines 115--115
 []\T1/pcr/m/n/8 find_ancestors() identifies the ancestors of an animal and ret
urns them in a list.[] 
 []

[73]
Overfull \hbox (75.98015pt too wide) in paragraph at lines 137--137
 []\T1/pcr/m/n/8 find_ancestors_g() identifies the ancestors of an animal and r
eturns them in a list.[] 
 []


Overfull \hbox (85.58015pt too wide) in paragraph at lines 159--159
 []\T1/pcr/m/n/8 find_descendants() identifies the descendants of an animal and
 returns them in a list.[] 
 []

[74]
Overfull \hbox (3.9801pt too wide) in paragraph at lines 230--230
 []\T1/pcr/m/n/8 get_clustering_coefficient(pg) returns a dictionary of the clu
stering[] 
 []


Overfull \hbox (8.7801pt too wide) in paragraph at lines 230--230
 []\T1/pcr/m/n/8 coefficient of each node in the graph based on the definition 
of Watts[] 
 []

[75]
Overfull \hbox (66.38014pt too wide) in paragraph at lines 253--253
 []\T1/pcr/m/n/8 get_founder_descendants() returns a dictionary containing a li
st of descendants of[] 
 []

[76]
Overfull \hbox (27.98012pt too wide) in paragraph at lines 301--301
 []\T1/pcr/m/n/8 get_node_degree_histograms() returns a dictionary containing h
istograms of[] 
 []


Overfull \hbox (3.9801pt too wide) in paragraph at lines 301--301
 []\T1/pcr/m/n/8 the number of vertices (nodes) in pg with a given number of in
coming,[] 
 []

[77] [78]
Overfull \hbox (71.18015pt too wide) in paragraph at lines 464--464
 []\T1/pcr/m/n/8 most_influential_offspring() returns the most influential offs
pring of an animal as[] 
 []

[79]
Overfull \hbox (71.18015pt too wide) in paragraph at lines 487--487
 []\T1/pcr/m/n/8 offspring_influence() returns the number of grand-children by 
each child of a given[] 
 []


Overfull \hbox (47.18013pt too wide) in paragraph at lines 510--510
 []\T1/pcr/m/n/8 ped_to_graph() Takes a PyPedal pedigree object and returns a n
etworkx XDiGraph[] 
 []

) [80]
\openout2 = `namespacePyPedal_1_1pyp__newclasses.aux'.

 (./namespacePyPedal_1_1pyp__newclasses.tex [81


]
Overfull \hbox (3.9801pt too wide) in paragraph at lines 56--56
 []\T1/pcr/m/n/8 dictionary will be used instead of the filename unless the dic
tionary[] 
 []

) [82]
\openout2 = `namespacePyPedal_1_1pyp__nrm.aux'.

 (./namespacePyPedal_1_1pyp__nrm.tex [83


]
Overfull \hbox (23.18011pt too wide) in paragraph at lines 112--112
 []\T1/pcr/m/n/8 Form the inverse of A directly using the method of Henderson (
1976) which[] 
 []

[84]
Overfull \hbox (66.38014pt too wide) in paragraph at lines 162--162
 []\T1/pcr/m/n/8 Form a numerator relationship matrix from a pedigree.  fast_a_
matrix() is a hacked[] 
 []


Overfull \hbox (56.78014pt too wide) in paragraph at lines 162--162
 []\T1/pcr/m/n/8 version of a_matrix() modified to try and improve performance.
  Lists of animal,[] 
 []


Overfull \hbox (71.18015pt too wide) in paragraph at lines 162--162
 []\T1/pcr/m/n/8 sire, and dam IDs are formed and accessed rather than myped as
 it is much faster to[] 
 []


Overfull \hbox (32.78012pt too wide) in paragraph at lines 162--162
 []\T1/pcr/m/n/8 access a member of a simple list rather than an attribute of a
n object in a[] 
 []


Overfull \hbox (27.98012pt too wide) in paragraph at lines 162--162
 []\T1/pcr/m/n/8 list.  Further note that only the diagonal and upper off-diago
nal of A are[] 
 []


Overfull \hbox (47.18013pt too wide) in paragraph at lines 162--162
 []\T1/pcr/m/n/8 populated.  This is done to save n(n+1) / 2 matrix writes.  Fo
r a 1000-element[] 
 []


Underfull \hbox (badness 2253) in paragraph at lines 174--174
\T1/ptm/m/n/10 Form a re-la-tion-ship ma-trix from a pedi-gree. [][][][][][] di
f-fers from
 []

[85]
Overfull \hbox (32.78012pt too wide) in paragraph at lines 186--186
 []\T1/pcr/m/n/8 Form a relationship matrix from a pedigree.  fast_a_matrix_r()
 differs from[] 
 []


Overfull \hbox (47.18013pt too wide) in paragraph at lines 186--186
 []\T1/pcr/m/n/8 fast_a_matrix() in that the coefficients of relationship are c
orrected for the[] 
 []


Overfull \hbox (13.58011pt too wide) in paragraph at lines 211--211
 []\T1/pcr/m/n/8 fast_partial_a_matrix() calculates a partial kinship matrix fo
r a given[] 
 []


Overfull \hbox (3.9801pt too wide) in paragraph at lines 211--211
 []\T1/pcr/m/n/8 founder in a pedigree, and returns a dictionary of partial inb
reeding[] 
 []


Overfull \hbox (13.58011pt too wide) in paragraph at lines 211--211
 []\T1/pcr/m/n/8 coefficients between that founder and and descendants (non-fou
nders) in[] 
 []

[86]
Overfull \hbox (23.18011pt too wide) in paragraph at lines 237--237
 []\T1/pcr/m/n/8 Form the diagonal matrix, D, used in decomposing A and forming
 the direct[] 
 []


Overfull \hbox (51.98013pt too wide) in paragraph at lines 237--237
 []\T1/pcr/m/n/8 inverse of A.  This function does not write output to a file -
 if you need D in[] 
 []


Overfull \hbox (37.58012pt too wide) in paragraph at lines 237--237
 []\T1/pcr/m/n/8 a file, use the a_decompose()  function.  form_d() is a conven
ience function[] 
 []


Overfull \hbox (13.58011pt too wide) in paragraph at lines 237--237
 []\T1/pcr/m/n/8 used by other functions.  Note that inbreeding is not consider
ed in the[] 
 []


Overfull \hbox (47.18013pt too wide) in paragraph at lines 262--262
 []\T1/pcr/m/n/8 inbreeding() is a proxy function used to dispatch pedigrees to
 the appropriate[] 
 []


Overfull \hbox (47.18013pt too wide) in paragraph at lines 262--262
 []\T1/pcr/m/n/8 function for computing CoI.  By default, small pedigrees < 10,
000 animals) are[] 
 []


Overfull \hbox (71.18015pt too wide) in paragraph at lines 262--262
 []\T1/pcr/m/n/8 processed with the tabular method directly.  For larger pedigr
ees, or if requested,[] 
 []

[87]
Overfull \hbox (3.9801pt too wide) in paragraph at lines 287--287
 []\T1/pcr/m/n/8 inbreeding_tabular() computes CoI using the tabular method by 
calling[] 
 []


Overfull \hbox (8.7801pt too wide) in paragraph at lines 287--287
 []\T1/pcr/m/n/8 to return successfully requires that you are able to allocate 
a matrix[] 
 []

[88]
Overfull \hbox (61.58014pt too wide) in paragraph at lines 319--319
 []\T1/pcr/m/n/8 inbreeding_vanraden() uses VanRaden's (1992) method for comput
ing coefficients of[] 
 []


Overfull \hbox (71.18015pt too wide) in paragraph at lines 319--319
 []\T1/pcr/m/n/8 1.  Take a large pedigree and order it from youngest animal to
 oldest (n, n-1, ...,[] 
 []


Overfull \hbox (51.98013pt too wide) in paragraph at lines 319--319
 []\T1/pcr/m/n/8 2.  Recurse through the pedigree to find all of the ancestors 
of that animal n;[] 
 []


Overfull \hbox (51.98013pt too wide) in paragraph at lines 319--319
 []\T1/pcr/m/n/8 4.  Compute coefficients of inbreeding for that "subpedigree" 
using the tabular[] 
 []


Overfull \hbox (56.78014pt too wide) in paragraph at lines 319--319
 []\T1/pcr/m/n/8 6.  Repeat 2 - 5 for animals n-1 through 1; the process is slo
west for the early[] 
 []

[89]
Overfull \hbox (66.38014pt too wide) in paragraph at lines 370--370
 []\T1/pcr/m/n/8 recurse_pedigree() performs the recursion needed to build the 
subpedigrees used by[] 
 []


Overfull \hbox (61.58014pt too wide) in paragraph at lines 370--370
 []\T1/pcr/m/n/8 inbreeding_vanraden().  For the animal with animalID anid recu
rse_pedigree() will[] 
 []


Overfull \hbox (61.58014pt too wide) in paragraph at lines 370--370
 []\T1/pcr/m/n/8 recurse through the pedigree myped and add references to the r
elatives of anid to[] 
 []


Overfull \hbox (47.18013pt too wide) in paragraph at lines 392--392
 []\T1/pcr/m/n/8 recurse_pedigree_idonly() performs the recursion needed to bui
ld subpedigrees.[] 
 []

[90]
Overfull \hbox (3.9801pt too wide) in paragraph at lines 417--417
 []\T1/pcr/m/n/8 recurse_pedigree_idonly_side() performs the recursion needed t
o build[] 
 []


Overfull \hbox (8.7801pt too wide) in paragraph at lines 440--440
 []\T1/pcr/m/n/8 recurse_pedigree_n() recurses to build a pedigree of depth n. 
 A depth[] 
 []


Overfull \hbox (3.9801pt too wide) in paragraph at lines 440--440
 []\T1/pcr/m/n/8 less than 1 returns the animal whose relatives were to be iden
tified.[] 
 []

[91]
Overfull \hbox (56.78014pt too wide) in paragraph at lines 463--463
 []\T1/pcr/m/n/8 recurse_pedigree_onesided() recurses to build a subpedigree fr
om either the sire[] 
 []

) [92]
\openout2 = `namespacePyPedal_1_1pyp__reports.aux'.

 (./namespacePyPedal_1_1pyp__reports.tex
Overfull \hbox (56.78014pt too wide) in paragraph at lines 39--39
 []\T1/pcr/m/n/8 meanMetricBy() returns a dictionary of means keyed by levels o
f the 'byvar' that[] 
 []

[93


]
Overfull \hbox (3.9801pt too wide) in paragraph at lines 61--61
 []\T1/pcr/m/n/8 pdf3GenPed() draws a three-generation pedigree for animal 'ani
malID'.[] 
 []


Overfull \hbox (71.18015pt too wide) in paragraph at lines 84--84
 []\T1/pcr/m/n/8 pdfMeanMetricBy() returns a dictionary of means keyed by level
s of the 'byvar' that[] 
 []

[94]
Overfull \hbox (37.58012pt too wide) in paragraph at lines 108--108
 []\T1/pcr/m/n/8 pdfPedigreeMetadata() produces a report, in PDF format, of the
 metadata from[] 
 []


Overfull \hbox (37.58012pt too wide) in paragraph at lines 108--108
 []\T1/pcr/m/n/8 the input pedigree.  It is intended for use as a template for 
custom printed[] 
 []

) [95]
\openout2 = `namespacePyPedal_1_1pyp__reports__templates.aux'.

 (./namespacePyPedal_1_1pyp__reports__templates.tex
Overfull \hbox (48.60025pt too wide) in paragraph at lines 33--33
[]\T1/pcr/m/n/8 We define the fixed features of the first page of the document 
with this function.[] 
 []


Overfull \hbox (43.80025pt too wide) in paragraph at lines 50--50
[]\T1/pcr/m/n/8 Since we want pages after the first to look different from the 
first we define an[] 
 []


Overfull \hbox (72.60027pt too wide) in paragraph at lines 50--50
[]\T1/pcr/m/n/8 alternate layout for the fixed features of the other pages. Not
e that the two functions[] 
 []


Overfull \hbox (58.20026pt too wide) in paragraph at lines 50--50
[]\T1/pcr/m/n/8 above use the pdfgen level canvas operations to paint the annot
ations for the pages.[] 
 []

) [96


]
\openout2 = `namespacePyPedal_1_1pyp__template.aux'.

 (./namespacePyPedal_1_1pyp__template.tex) [97


]
\openout2 = `namespacePyPedal_1_1pyp__tests.aux'.


(./namespacePyPedal_1_1pyp__tests.tex) [98


]
\openout2 = `namespacePyPedal_1_1pyp__utils.aux'.


(./namespacePyPedal_1_1pyp__utils.tex [99


]
Overfull \hbox (75.98015pt too wide) in paragraph at lines 75--75
 []\T1/pcr/m/n/8 assign_offspring() assigns offspring to their parent(s)'s unkn
own sex offspring list[] 
 []


Overfull \hbox (75.98015pt too wide) in paragraph at lines 98--98
 []\T1/pcr/m/n/8 assign_sexes() assigns a sex to every animal in the pedigree u
sing sire and daughter[] 
 []


Overfull \hbox (80.78015pt too wide) in paragraph at lines 121--121
 []\T1/pcr/m/n/8 delete_id_map() checks to see if an ID map for the given filet
ag exists.  If the file[] 
 []

[100]
Overfull \hbox (32.78012pt too wide) in paragraph at lines 153--153
 []\T1/pcr/m/n/8 pedigree.  In order to minimize overhead as much as is reasona
bly possible,[] 
 []


Overfull \hbox (37.58012pt too wide) in paragraph at lines 153--153
 []\T1/pcr/m/n/8 a list of animal IDs that have already been seen is kept.  Whe
never a parent[] 
 []


Overfull \hbox (37.58012pt too wide) in paragraph at lines 153--153
 []\T1/pcr/m/n/8 that is not in the seen list is encountered, the offspring of 
that parent is[] 
 []


Overfull \hbox (27.98012pt too wide) in paragraph at lines 153--153
 []\T1/pcr/m/n/8 moved to the end of the pedigree.  This should ensure that the
 pedigree is[] 
 []


Overfull \hbox (18.38011pt too wide) in paragraph at lines 153--153
 []\T1/pcr/m/n/8 properly sorted such that all parents precede their offspring.
  myped is[] 
 []


Overfull \hbox (80.78015pt too wide) in paragraph at lines 153--153
 []\T1/pcr/m/n/8 reorder() is VERY slow, but I am pretty sure that it works cor
rectly.  fast_reorder()[] 
 []


Overfull \hbox (71.18015pt too wide) in paragraph at lines 153--153
 []\T1/pcr/m/n/8 appears to be VERY fast, but I am not sure if it works correct
ly all of the time or[] 
 []

[101]
Overfull \hbox (42.38013pt too wide) in paragraph at lines 201--201
 []\T1/pcr/m/n/8 load_id_map() reads an ID map from the file generated by pyp_u
tils/renumber()[] 
 []


Overfull \hbox (80.78015pt too wide) in paragraph at lines 201--201
 []\T1/pcr/m/n/8 into a dictionary.  There is a VERY similar function, pyp_io/i
d_map_from_file(), that[] 
 []


Overfull \hbox (18.38011pt too wide) in paragraph at lines 225--225
 []\T1/pcr/m/n/8 pedigree_range() takes a renumbered pedigree and removes all i
ndividuals[] 
 []


Overfull \hbox (27.98012pt too wide) in paragraph at lines 225--225
 []\T1/pcr/m/n/8 with a renumbered ID > n.  The reduced pedigree is returned.  
Assumes that[] 
 []

[102]
Overfull \hbox (3.9801pt too wide) in paragraph at lines 271--271
 []\T1/pcr/m/n/8 pyp_nice_time() returns the current date and time formatted as
, e.g.,[] 
 []

[103]
Overfull \hbox (27.98012pt too wide) in paragraph at lines 297--297
 []\T1/pcr/m/n/8 renumber() takes a pedigree as input and renumbers it such tha
t the oldest[] 
 []


Overfull \hbox (80.78015pt too wide) in paragraph at lines 297--297
 []\T1/pcr/m/n/8 animal in the pedigree has an ID of '1' and the n-th animal ha
s an ID of 'n'.  If the[] 
 []


Overfull \hbox (80.78015pt too wide) in paragraph at lines 297--297
 []\T1/pcr/m/n/8 pedigree is not ordered from oldest to youngest such that all 
offspring precede their[] 
 []


Overfull \hbox (61.58014pt too wide) in paragraph at lines 297--297
 []\T1/pcr/m/n/8 offspring, the pedigree will be reordered.  The renumbered ped
igree is written to[] 
 []


Overfull \hbox (157.5802pt too wide) in paragraph at lines 297--297
 []\T1/pcr/m/n/8 disc in 'asd' format and a map file that associates sequential
 IDs with original IDs is also written.[] 
 []

[104]
Overfull \hbox (32.78012pt too wide) in paragraph at lines 327--327
 []\T1/pcr/m/n/8 pedigree.  In order to minimize overhead as much as is reasona
bly possible,[] 
 []


Overfull \hbox (37.58012pt too wide) in paragraph at lines 327--327
 []\T1/pcr/m/n/8 a list of animal IDs that have already been seen is kept.  Whe
never a parent[] 
 []


Overfull \hbox (37.58012pt too wide) in paragraph at lines 327--327
 []\T1/pcr/m/n/8 that is not in the seen list is encountered, the offspring of 
that parent is[] 
 []


Overfull \hbox (27.98012pt too wide) in paragraph at lines 327--327
 []\T1/pcr/m/n/8 moved to the end of the pedigree.  This should ensure that the
 pedigree is[] 
 []


Overfull \hbox (18.38011pt too wide) in paragraph at lines 327--327
 []\T1/pcr/m/n/8 properly sorted such that all parents precede their offspring.
  myped is[] 
 []


Overfull \hbox (3.9801pt too wide) in paragraph at lines 327--327
 []\T1/pcr/m/n/8 reorder() is VERY slow, but I am pretty sure that it works cor
rectly.[] 
 []


Overfull \hbox (37.58012pt too wide) in paragraph at lines 349--349
 []\T1/pcr/m/n/8 reverse_string() reverses the input string and returns the rev
ersed version.[] 
 []


Overfull \hbox (23.18011pt too wide) in paragraph at lines 374--374
 []\T1/pcr/m/n/8 set_age() Computes ages for all animals in a pedigree based on
 the global[] 
 []


Overfull \hbox (23.18011pt too wide) in paragraph at lines 374--374
 []\T1/pcr/m/n/8 BASE_DEMOGRAPHIC_YEAR defined in pyp_demog.py.  If the by is u
nknown, the[] 
 []


Overfull \hbox (18.38011pt too wide) in paragraph at lines 374--374
 []\T1/pcr/m/n/8 inferred generation is used.  If the inferred generation is un
known, the[] 
 []

[105]
Overfull \hbox (56.78014pt too wide) in paragraph at lines 398--398
 []\T1/pcr/m/n/8 set_ancestor_flag() loops through a pedigree to build a dictio
nary of all of the[] 
 []


Overfull \hbox (27.98012pt too wide) in paragraph at lines 398--398
 []\T1/pcr/m/n/8 parents in the pedigree.  It then sets the ancestor flags for 
the parents.[] 
 []


Overfull \hbox (23.18011pt too wide) in paragraph at lines 398--398
 []\T1/pcr/m/n/8 set_ancestor_flag() expects a reordered and renumbered pedigre
e as input![] 
 []


Overfull \hbox (75.98015pt too wide) in paragraph at lines 423--423
 []\T1/pcr/m/n/8 set_generation() Works through a pedigree to infer the generat
ion to which an animal[] 
 []


Overfull \hbox (75.98015pt too wide) in paragraph at lines 423--423
 []\T1/pcr/m/n/8 belongs based on founders belonging to generation 1.  The igen
 assigned to an animal[] 
 []


Overfull \hbox (56.78014pt too wide) in paragraph at lines 423--423
 []\T1/pcr/m/n/8 as the larger of sire.igen+1 and dam.igen+1.  This routine ass
umes that myped is[] 
 []

[106]
Overfull \hbox (37.58012pt too wide) in paragraph at lines 469--469
 []\T1/pcr/m/n/8 simple_histogram_dictionary() returns a dictionary containing 
a simple, text[] 
 []


Overfull \hbox (80.78015pt too wide) in paragraph at lines 469--469
 []\T1/pcr/m/n/8 histogram.  The input dictionary is assumed to contain keys wh
ich are distinct levels[] 
 []

[107]
Overfull \hbox (32.78012pt too wide) in paragraph at lines 493--493
 []\T1/pcr/m/n/8 sort_dict_by_keys() returns a dictionary where the values in t
he dictionary[] 
 []


Overfull \hbox (75.98015pt too wide) in paragraph at lines 493--493
 []\T1/pcr/m/n/8 in the order obtained by sorting the keys.  Taken from the rou
tine sortedDictValues3[] 
 []


Underfull \hbox (badness 1043) in paragraph at lines 505--505
[][][][][] \T1/ptm/m/n/10 re-turns a dic-tio-nary where the keys in the dic-tio
-nary are
 []


Overfull \hbox (675.0pt too wide) in paragraph at lines 505--505
[][][][][][]
 []


Underfull \hbox (badness 10000) in paragraph at lines 505--505

 []


Overfull \hbox (32.78012pt too wide) in paragraph at lines 520--520
 []\T1/pcr/m/n/8 sort_dict_by_values() returns a dictionary where the keys in t
he dictionary[] 
 []


Overfull \hbox (42.38013pt too wide) in paragraph at lines 520--520
 []\T1/pcr/m/n/8 are sorted ascending value, first on value and then on key wit
hin value.  The[] 
 []


Overfull \hbox (51.98013pt too wide) in paragraph at lines 520--520
 []\T1/pcr/m/n/8 implementation was taken from John Hunter's contribution to a 
newsgroup thread:[] 
 []


Overfull \hbox (23.18011pt too wide) in paragraph at lines 520--520
 []\T1/pcr/m/n/8 http://groups-beta.google.com/group/comp.lang.python/browse_th
read/thread[] 
 []


Overfull \hbox (27.98012pt too wide) in paragraph at lines 543--543
 []\T1/pcr/m/n/8 string_to_table_name() takes an arbitrary string and returns a
 string that[] 
 []

[108]
Overfull \hbox (80.78015pt too wide) in paragraph at lines 590--590
 []\T1/pcr/m/n/8 trim_pedigree_to_year() takes pedigrees and removes all indivi
duals who were not born[] 
 []

) [109] [110


]
Chapter 5.
(./classPyPedal_1_1odict_1_1__items.tex [111] [112]) [113]
\openout2 = `classPyPedal_1_1odict_1_1__keys.aux'.


(./classPyPedal_1_1odict_1_1__keys.tex [114

]) [115]
\openout2 = `classPyPedal_1_1odict_1_1__values.aux'.


(./classPyPedal_1_1odict_1_1__values.tex [116


] [117]) [118]
\openout2 = `classPyPedal_1_1pyp__classes_1_1Animal.aux'.


(./classPyPedal_1_1pyp__classes_1_1Animal.tex [119


] [120]
Overfull \hbox (195.98022pt too wide) in paragraph at lines 227--227
 []\T1/pcr/m/n/8 Take an Animal ID, pad it to fifteen digits, and prepend the b
irthyear (or 1950 if the birth year is unknown) 
 []

) [121]
\openout2 = `classPyPedal_1_1dict4ini_1_1DictIni.aux'.

 (./classPyPedal_1_1dict4ini_1_1DictIni.tex
File: classPyPedal_1_1dict4ini_1_1DictIni__inherit__graph.eps Graphic file (typ
e eps)

<classPyPedal_1_1dict4ini_1_1DictIni__inherit__graph.eps>
File: classPyPedal_1_1dict4ini_1_1DictIni__coll__graph.eps Graphic file (type e
ps)

<classPyPedal_1_1dict4ini_1_1DictIni__coll__graph.eps>) [122


]
\openout2 = `classPyPedal_1_1dict4ini_1_1DictNode.aux'.


(./classPyPedal_1_1dict4ini_1_1DictNode.tex
File: classPyPedal_1_1dict4ini_1_1DictNode__inherit__graph.eps Graphic file (ty
pe eps)

<classPyPedal_1_1dict4ini_1_1DictNode__inherit__graph.eps>) [123


]
\openout2 = `classPyPedal_1_1pyp__newclasses_1_1LightAnimal.aux'.


(./classPyPedal_1_1pyp__newclasses_1_1LightAnimal.tex
Overfull \hbox (15.00023pt too wide) in paragraph at lines 71--71
[]\T1/pcr/m/n/8 The LightAnimal() class holds animals records read from a pedig
ree file. It[] 
 []


Overfull \hbox (19.80023pt too wide) in paragraph at lines 71--71
[]\T1/pcr/m/n/8 is a much simpler object than the NewAnimal() object and is int
ended for use[] 
 []


Overfull \hbox (29.40024pt too wide) in paragraph at lines 71--71
[]\T1/pcr/m/n/8 with the graph theoretic routines in pyp_network. The only attr
ibutes of these[] 
 []


Overfull \hbox (91.80028pt too wide) in paragraph at lines 71--71
[]\T1/pcr/m/n/8 objects are: animal ID, sire ID, dam ID, original ID, birth yea
r, and sex.A simple class to[] 
 []

[124


] [125]
Overfull \hbox (51.98013pt too wide) in paragraph at lines 199--199
 []\T1/pcr/m/n/8 Take an Animal ID, pad it to fifteen digits, and prepend the b
irthyear (or 1900[] 
 []


Overfull \hbox (47.18013pt too wide) in paragraph at lines 199--199
 []\T1/pcr/m/n/8 if the birth year is unknown).  The order of elements is: birt
hyear, animalID,[] 
 []

[126]) [127]
\openout2 = `classPyPedal_1_1pyp__gui_1_1MainWindow.aux'.

 (./classPyPedal_1_1pyp__gui_1_1MainWindow.tex [128


] [129] [130]
[131]
Underfull \hbox (badness 4193) in paragraph at lines 320--320
[][][][][] \T1/ptm/m/n/10 writes sum-mary statis-tics for in-breed-ing to the m
ain
 []


Underfull \hbox (badness 1194) in paragraph at lines 336--336
[][][][][] \T1/ptm/m/n/10 writes ef-fec-tive founders in-for-ma-tion to the mai
n
 []

[132]) [133]
\openout2 = `classPyPedal_1_1pyp__gui_1_1MyApp.aux'.

 (./classPyPedal_1_1pyp__gui_1_1MyApp.tex) [134


]
\openout2 = `classPyPedal_1_1py2depgraph_1_1mymf.aux'.


(./classPyPedal_1_1py2depgraph_1_1mymf.tex) [135


]
\openout2 = `classPyPedal_1_1pyp__newclasses_1_1NewAMatrix.aux'.


(./classPyPedal_1_1pyp__newclasses_1_1NewAMatrix.tex
Underfull \hbox (badness 10000) in paragraph at lines 4--4
[]\T1/ptm/b/n/14.4 PyPedal::pyp_-newclasses::NewAMatrix Class
 []

[136


]
Overfull \hbox (27.98012pt too wide) in paragraph at lines 81--81
 []\T1/pcr/m/n/8 form_a_matrix() calls pyp_nrm/fast_a_matrix() or pyp_nrm/fast_
a_matrix_r()[] 
 []


Overfull \hbox (37.58012pt too wide) in paragraph at lines 104--104
 []\T1/pcr/m/n/8 load() uses the Numarray Array Function "fromfile()" to load a
n array from a[] 
 []


Overfull \hbox (8.7801pt too wide) in paragraph at lines 104--104
 []\T1/pcr/m/n/8 binary file.  If the load is successful, self.nrm contains the
 matrix.[] 
 []

[137]
Overfull \hbox (27.98012pt too wide) in paragraph at lines 126--126
 []\T1/pcr/m/n/8 save() uses the NumPy method "tofile()" to save an array to a 
binary file.[] 
 []


Overfull \hbox (51.98013pt too wide) in paragraph at lines 149--149
 []\T1/pcr/m/n/8 info() uses the info() method of Numarray arrays to dump some 
information about[] 
 []

[138]) [139]
\openout2 = `classPyPedal_1_1pyp__newclasses_1_1NewAnimal.aux'.

 (./classPyPedal_1_1pyp__newclasses_1_1NewAnimal.tex [140


] [141]
Overfull \hbox (51.98013pt too wide) in paragraph at lines 303--303
 []\T1/pcr/m/n/8 Take an Animal ID, pad it to fifteen digits, and prepend the b
irthyear (or 1900[] 
 []

[142]
Overfull \hbox (47.18013pt too wide) in paragraph at lines 303--303
 []\T1/pcr/m/n/8 if the birth year is unknown).  The order of elements is: birt
hyear, animalID,[] 
 []

) [143]
\openout2 = `classPyPedal_1_1pyp__newclasses_1_1NewPedigree.aux'.

 (./classPyPedal_1_1pyp__newclasses_1_1NewPedigree.tex
Underfull \hbox (badness 10000) in paragraph at lines 4--4
[]\T1/ptm/b/n/14.4 PyPedal::pyp_-newclasses::NewPedigree Class
 []

[144


]
Overfull \hbox (47.18013pt too wide) in paragraph at lines 137--137
 []\T1/pcr/m/n/8 load() wraps several processes useful for loading and preparin
g a pedigree for[] 
 []


Overfull \hbox (56.78014pt too wide) in paragraph at lines 137--137
 []\T1/pcr/m/n/8 use in an analysis, including reading the animals into a list 
of animal objects,[] 
 []


Overfull \hbox (42.38013pt too wide) in paragraph at lines 137--137
 []\T1/pcr/m/n/8 forming lists of sires and dams, checking for common errors, s
etting ancestor[] 
 []

[145]
Overfull \hbox (47.18013pt too wide) in paragraph at lines 161--161
 []\T1/pcr/m/n/8 save() writes a PyPedal pedigree to a user-specified file.  Th
e saved pedigree[] 
 []


Overfull \hbox (37.58012pt too wide) in paragraph at lines 161--161
 []\T1/pcr/m/n/8 includes all fields recognized by PyPedal, not just the origin
al fields read[] 
 []


Overfull \hbox (344.78032pt too wide) in paragraph at lines 183--183
 []\T1/pcr/m/n/8 Preprocess a pedigree file, which includes reading the animals
 into a list, forming lists of sires and dams, and checking for common errors.[
] 
 []

[146]
Overfull \hbox (344.78032pt too wide) in paragraph at lines 205--205
 []\T1/pcr/m/n/8 Preprocess a pedigree file, which includes reading the animals
 into a list, forming lists of sires and dams, and checking for common errors.[
] 
 []


Overfull \hbox (344.78032pt too wide) in paragraph at lines 227--227
 []\T1/pcr/m/n/8 Preprocess a pedigree file, which includes reading the animals
 into a list, forming lists of sires and dams, and checking for common errors.[
] 
 []

[147]
Overfull \hbox (47.18013pt too wide) in paragraph at lines 273--273
 []\T1/pcr/m/n/8 renumber() updates the ID map after a pedigree has been renumb
ered so that all[] 
 []

[148]
Overfull \hbox (42.38013pt too wide) in paragraph at lines 326--326
 []\T1/pcr/m/n/8 updateidmap() updates the ID map after a pedigree has been ren
umbered so that[] 
 []


Overfull \hbox (3.9801pt too wide) in paragraph at lines 374--374
 []\T1/pcr/m/n/8 Simulate simulates an arbitrary pedigree of size n with g gene
rations[] 
 []


Overfull \hbox (3.9801pt too wide) in paragraph at lines 374--374
 []\T1/pcr/m/n/8 starting from n_s base sires and n_d base dams.  This method i
s based[] 
 []

[149]) [150]
\openout2 = `classPyPedal_1_1odict_1_1OrderedDict.aux'.

 (./classPyPedal_1_1odict_1_1OrderedDict.tex
File: classPyPedal_1_1odict_1_1OrderedDict__inherit__graph.eps Graphic file (ty
pe eps)

<classPyPedal_1_1odict_1_1OrderedDict__inherit__graph.eps>
Overfull \hbox (0.60022pt too wide) in paragraph at lines 83--83
[]\T1/pcr/m/n/8 All appropriate methods return keys, items, or values in an ord
ered way.[] 
 []


Overfull \hbox (15.00023pt too wide) in paragraph at lines 83--83
[]\T1/pcr/m/n/8 Various sequence methods are available, including the ability t
o explicitly[] 
 []

[151


] [152]) [153]
\openout2 = `classPyPedal_1_1pyp__classes_1_1Pedigree.aux'.

 (./classPyPedal_1_1pyp__classes_1_1Pedigree.tex
Overfull \hbox (221.40036pt too wide) in paragraph at lines 95--95
[]\T1/pcr/m/n/8 A class to hold metadata about pedigrees.  Hopefully this will 
help improve performance in some procedures, as well as 
 []

[154


] [155]
Overfull \hbox (167.1802pt too wide) in paragraph at lines 192--192
 []\T1/pcr/m/n/8 Count the number of unique sire IDs in the pedigree.  Returns 
an integer count and a Python list of the 
 []


Overfull \hbox (162.3802pt too wide) in paragraph at lines 213--213
 []\T1/pcr/m/n/8 Count the number of unique dam IDs in the pedigree.  Returns a
n integer count and a Python list of the 
 []

[156]
Overfull \hbox (277.58028pt too wide) in paragraph at lines 233--233
 []\T1/pcr/m/n/8 Count the number of unique generations in the pedigree.  Retur
ns an integer count and a Python list of the unique generations. 
 []


Overfull \hbox (181.58022pt too wide) in paragraph at lines 254--254
 []\T1/pcr/m/n/8 Count the number of unique birth years in the pedigree.  Retur
ns an integer count and a Python list of the 
 []

[157]) [158]
\openout2 = `classPyPedal_1_1pyp__newclasses_1_1PedigreeMetadata.aux'.

 (./classPyPedal_1_1pyp__newclasses_1_1PedigreeMetadata.tex
Underfull \hbox (badness 10000) in paragraph at lines 4--4
[]\T1/ptm/b/n/14.4 PyPedal::pyp_-newclasses::PedigreeMetadata
 []


Overfull \hbox (221.40036pt too wide) in paragraph at lines 102--102
[]\T1/pcr/m/n/8 A class to hold metadata about pedigrees.  Hopefully this will 
help improve performance in some procedures, as well as 
 []

[159


] [160]
Overfull \hbox (47.18013pt too wide) in paragraph at lines 209--209
 []\T1/pcr/m/n/8 Count the number of unique sire IDs in the pedigree.  Returns 
an integer count[] 
 []


Overfull \hbox (42.38013pt too wide) in paragraph at lines 232--232
 []\T1/pcr/m/n/8 Count the number of unique dam IDs in the pedigree.  Returns a
n integer count[] 
 []

[161]
Overfull \hbox (32.78012pt too wide) in paragraph at lines 255--255
 []\T1/pcr/m/n/8 Count the number of unique generations in the pedigree.  Retur
ns an integer[] 
 []


Overfull \hbox (32.78012pt too wide) in paragraph at lines 278--278
 []\T1/pcr/m/n/8 Count the number of unique birth years in the pedigree.  Retur
ns an integer[] 
 []

[162]) [163]
\openout2 = `classPyPedal_1_1depgraph2dot_1_1pydepgraphdot.aux'.

 (./classPyPedal_1_1depgraph2dot_1_1pydepgraphdot.tex
Underfull \hbox (badness 10000) in paragraph at lines 4--4
[]\T1/ptm/b/n/14.4 PyPedal::depgraph2dot::pydepgraphdot Class
 []

) [164


]
\openout2 = `classPyPedal_1_1pyp__newclasses_1_1PyPedalError.aux'.

 (./classPyPedal_1_1pyp__newclasses_1_1PyPedalError.tex
Underfull \hbox (badness 10000) in paragraph at lines 4--4
[]\T1/ptm/b/n/14.4 PyPedal::pyp_-newclasses::PyPedalError Class
 []

File: classPyPedal_1_1pyp__newclasses_1_1PyPedalError__inherit__graph.eps Graph
ic file (type eps)
<classPyPedal_1_1pyp__newclasses_1_1PyPedalError__inherit__graph.eps>
Underfull \hbox (badness 10000) in paragraph at lines 15--16
[][][][][] \T1/ptm/m/n/10 is the base class for ex-cep-tions in [][][][][][]. T
he
 []


Underfull \hbox (badness 10000) in paragraph at lines 15--16
\T1/ptm/m/n/10 ex-cep-tions are based on the ex-am-ples from "An In-tro-duc-
 []


Underfull \hbox (badness 10000) in paragraph at lines 15--16
\T1/ptm/m/n/10 tion to Python" by Guido van Rossum and Fred L. Drake,Jr.
 []

) [165


]
\openout2 = `classPyPedal_1_1pyp__gui__graphs_1_1PyPedalGraphDialogInbreeding.a
ux'.

 (./classPyPedal_1_1pyp__gui__graphs_1_1PyPedalGraphDialogInbreeding.tex
Overfull \hbox (61.79648pt too wide) in paragraph at lines 4--4
[]\T1/ptm/b/n/14.4 PyPedal::pyp_-gui_-graphs::PyPedalGraphDialogInbreeding
 []

) [166


]
\openout2 = `classPyPedal_1_1pyp__tests_1_1PyPedalMetricsTestCases.aux'.

 (./classPyPedal_1_1pyp__tests_1_1PyPedalMetricsTestCases.tex
Underfull \hbox (badness 10000) in paragraph at lines 4--4
[]\T1/ptm/b/n/14.4 PyPedal::pyp_-tests::PyPedalMetricsTestCases
 []

) [167


]
\openout2 = `classPyPedal_1_1pyp__tests_1_1PyPedalNrmTestCases.aux'.

 (./classPyPedal_1_1pyp__tests_1_1PyPedalNrmTestCases.tex) [168


]
\openout2 = `classPyPedal_1_1pyp__gui__utils_1_1PyPedalOptionsDialog.aux'.


(./classPyPedal_1_1pyp__gui__utils_1_1PyPedalOptionsDialog.tex
Underfull \hbox (badness 10000) in paragraph at lines 4--4
[]\T1/ptm/b/n/14.4 PyPedal::pyp_-gui_-utils::PyPedalOptionsDialog
 []

) [169


]
\openout2 = `classPyPedal_1_1pyp__newclasses_1_1PyPedalPedigreeInputFileNameErr
or.aux'.


(./classPyPedal_1_1pyp__newclasses_1_1PyPedalPedigreeInputFileNameError.tex
Overfull \hbox (92.3671pt too wide) in paragraph at lines 4--4
[]\T1/ptm/b/n/14.4 PyPedal::pyp_-newclasses::PyPedalPedigreeInputFileNameError
 []

File: classPyPedal_1_1pyp__newclasses_1_1PyPedalPedigreeInputFileNameError__inh
erit__graph.eps Graphic file (type eps)

<classPyPedal_1_1pyp__newclasses_1_1PyPedalPedigreeInputFileNameError__inherit_
_graph.eps>
Overfull \hbox (10.28586pt too wide) in paragraph at lines 5--11
\T1/ptm/m/n/10 Inheritance di-a-gram for PyPedal::pyp_-newclasses::PyPedalPedig
reeInputFileNameError: 
 []

File: classPyPedal_1_1pyp__newclasses_1_1PyPedalPedigreeInputFileNameError__col
l__graph.eps Graphic file (type eps)

<classPyPedal_1_1pyp__newclasses_1_1PyPedalPedigreeInputFileNameError__coll__gr
aph.eps>
Overfull \hbox (20.30573pt too wide) in paragraph at lines 12--18
[]\T1/ptm/m/n/10 Collaboration di-a-gram for PyPedal::pyp_-newclasses::PyPedalP
edigreeInputFileNameError: 
 []

[170


])

Package Fancyhdr Warning: \headheight is too small (12.0pt): 
 Make it at least 22.48999pt.
 We now make it that large for the rest of the document.
 This may cause the page layout to be inconsistent, however.

[171]
\openout2 = `classPyPedal_1_1pyp__tests_1_1PyPedalUtilsTestCases.aux'.

 (./classPyPedal_1_1pyp__tests_1_1PyPedalUtilsTestCases.tex) [172


]
\openout2 = `classPyPedal_1_1pyp__db_1_1PypMean.aux'.


(./classPyPedal_1_1pyp__db_1_1PypMean.tex) [173


]
\openout2 = `classPyPedal_1_1pyp__db_1_1PypSSD.aux'.


(./classPyPedal_1_1pyp__db_1_1PypSSD.tex) [174


]
\openout2 = `classPyPedal_1_1pyp__db_1_1PypSum.aux'.


(./classPyPedal_1_1pyp__db_1_1PypSum.tex) [175


]
\openout2 = `classPyPedal_1_1pyp__db_1_1PypSVar.aux'.


(./classPyPedal_1_1pyp__db_1_1PypSVar.tex) [176


]
\openout2 = `classPyPedal_1_1odict_1_1SequenceOrderedDict.aux'.


(./classPyPedal_1_1odict_1_1SequenceOrderedDict.tex
File: classPyPedal_1_1odict_1_1SequenceOrderedDict__inherit__graph.eps Graphic 
file (type eps)

<classPyPedal_1_1odict_1_1SequenceOrderedDict__inherit__graph.eps>
File: classPyPedal_1_1odict_1_1SequenceOrderedDict__coll__graph.eps Graphic fil
e (type eps)

<classPyPedal_1_1odict_1_1SequenceOrderedDict__coll__graph.eps>
Overfull \hbox (10.20023pt too wide) in paragraph at lines 240--240
[]\T1/pcr/m/n/8 Experimental version of OrderedDict that has a custom object fo
r ``keys``,[] 
 []

[177


]
Underfull \vbox (badness 10000) has occurred while \output is active []

 [178]
Underfull \vbox (badness 10000) has occurred while \output is active []

 [179]
Underfull \vbox (badness 10000) has occurred while \output is active []

 [180]
[181]) [182]
\openout2 = `classPyPedal_1_1pyp__newclasses_1_1SimAnimal.aux'.

 (./classPyPedal_1_1pyp__newclasses_1_1SimAnimal.tex [183


])
[184]
\openout2 = `classPyPedal_1_1pyp__newclasses_1_1tail__recursive.aux'.

 (./classPyPedal_1_1pyp__newclasses_1_1tail__recursive.tex
Underfull \hbox (badness 10000) in paragraph at lines 4--4
[]\T1/ptm/b/n/14.4 PyPedal::pyp_-newclasses::tail_-recursive Class
 []


Underfull \hbox (badness 10000) in paragraph at lines 47--48
[][][][][] \T1/ptm/m/n/10 is a tail re-cur-sion dec-o-ra-tor that elim-i-nates 
tail calls for
 []


Underfull \hbox (badness 10000) in paragraph at lines 47--48
\T1/ptm/m/n/10 re-cur-sive func-tions. It was taken from the Python Cook-book e
n-try
 []


Underfull \hbox (badness 6078) in paragraph at lines 47--48
\T1/ptm/m/n/10 "New Tail Re-cur-sion Dec-o-ra-tor" sub-mit-ted by Kay Schlueh. 
This ver-
 []


Underfull \hbox (badness 4686) in paragraph at lines 47--48
\T1/ptm/m/n/10 sion was pro-vided by Michele Simion-ato on 2006/05/15. The URL 
is:
 []


Overfull \hbox (33.0pt too wide) in paragraph at lines 47--48
[][][][][][] 
 []

) [185


]
No file refman.ind.
(./refman.aux (./namespacePyPedal.aux)
(./namespacePyPedal_1_1____version____.aux)
(./namespacePyPedal_1_1depgraph2dot.aux) (./namespacePyPedal_1_1deps.aux)
(./namespacePyPedal_1_1dict4ini.aux) (./namespacePyPedal_1_1odict.aux)
(./namespacePyPedal_1_1py2depgraph.aux) (./namespacePyPedal_1_1pyp__classes.aux
) (./namespacePyPedal_1_1pyp__db.aux) (./namespacePyPedal_1_1pyp__demog.aux)
(./namespacePyPedal_1_1pyp__graphics.aux) (./namespacePyPedal_1_1pyp__gui.aux)
(./namespacePyPedal_1_1pyp__gui__graphs.aux)
(./namespacePyPedal_1_1pyp__gui__metrics.aux)
(./namespacePyPedal_1_1pyp__gui__utils.aux) (./namespacePyPedal_1_1pyp__io.aux)
(./namespacePyPedal_1_1pyp__jbc.aux) (./namespacePyPedal_1_1pyp__metrics.aux)
(./namespacePyPedal_1_1pyp__network.aux)
(./namespacePyPedal_1_1pyp__newclasses.aux) (./namespacePyPedal_1_1pyp__nrm.aux
) (./namespacePyPedal_1_1pyp__reports.aux)
(./namespacePyPedal_1_1pyp__reports__templates.aux)
(./namespacePyPedal_1_1pyp__template.aux) (./namespacePyPedal_1_1pyp__tests.aux
) (./namespacePyPedal_1_1pyp__utils.aux) (./classPyPedal_1_1odict_1_1__keys.aux
) (./classPyPedal_1_1odict_1_1__values.aux)
(./classPyPedal_1_1pyp__classes_1_1Animal.aux)
(./classPyPedal_1_1dict4ini_1_1DictIni.aux)
(./classPyPedal_1_1dict4ini_1_1DictNode.aux)
(./classPyPedal_1_1pyp__newclasses_1_1LightAnimal.aux)
(./classPyPedal_1_1pyp__gui_1_1MainWindow.aux)
(./classPyPedal_1_1pyp__gui_1_1MyApp.aux)
(./classPyPedal_1_1py2depgraph_1_1mymf.aux)
(./classPyPedal_1_1pyp__newclasses_1_1NewAMatrix.aux)
(./classPyPedal_1_1pyp__newclasses_1_1NewAnimal.aux)
(./classPyPedal_1_1pyp__newclasses_1_1NewPedigree.aux)
(./classPyPedal_1_1odict_1_1OrderedDict.aux)
(./classPyPedal_1_1pyp__classes_1_1Pedigree.aux)
(./classPyPedal_1_1pyp__newclasses_1_1PedigreeMetadata.aux)
(./classPyPedal_1_1depgraph2dot_1_1pydepgraphdot.aux)
(./classPyPedal_1_1pyp__newclasses_1_1PyPedalError.aux)
(./classPyPedal_1_1pyp__gui__graphs_1_1PyPedalGraphDialogInbreeding.aux)
(./classPyPedal_1_1pyp__tests_1_1PyPedalMetricsTestCases.aux)
(./classPyPedal_1_1pyp__tests_1_1PyPedalNrmTestCases.aux)
(./classPyPedal_1_1pyp__gui__utils_1_1PyPedalOptionsDialog.aux)
(./classPyPedal_1_1pyp__newclasses_1_1PyPedalPedigreeInputFileNameError.aux)
(./classPyPedal_1_1pyp__tests_1_1PyPedalUtilsTestCases.aux)
(./classPyPedal_1_1pyp__db_1_1PypMean.aux)
(./classPyPedal_1_1pyp__db_1_1PypSSD.aux)
(./classPyPedal_1_1pyp__db_1_1PypSum.aux)
(./classPyPedal_1_1pyp__db_1_1PypSVar.aux)
(./classPyPedal_1_1odict_1_1SequenceOrderedDict.aux)
(./classPyPedal_1_1pyp__newclasses_1_1SimAnimal.aux)
(./classPyPedal_1_1pyp__newclasses_1_1tail__recursive.aux))

LaTeX Warning: There were multiply-defined labels.

 ) 
Here is how much of TeX's memory you used:
 6085 strings out of 93946
 126779 string characters out of 1162066
 215959 words of memory out of 1500000
 8878 multiletter control sequences out of 10000+50000
 30429 words of font info for 33 fonts, out of 1200000 for 2000
 743 hyphenation exceptions out of 8191
 38i,13n,43p,1541b,561s stack positions out of 5000i,500n,6000p,200000b,5000s

Output written on refman.dvi (191 pages, 1100368 bytes).
