\BOOKMARK [0][-]{chapter.1}{\376\377\000P\000y\000P\000e\000d\000a\000l\000\040\000N\000a\000m\000e\000s\000p\000a\000c\000e\000\040\000I\000n\000d\000e\000x}{}
\BOOKMARK [1][-]{section.1.1}{\376\377\000P\000y\000P\000e\000d\000a\000l\000\040\000N\000a\000m\000e\000s\000p\000a\000c\000e\000\040\000L\000i\000s\000t}{chapter.1}
\BOOKMARK [0][-]{chapter.2}{\376\377\000P\000y\000P\000e\000d\000a\000l\000\040\000H\000i\000e\000r\000a\000r\000c\000h\000i\000c\000a\000l\000\040\000I\000n\000d\000e\000x}{}
\BOOKMARK [1][-]{section.2.1}{\376\377\000P\000y\000P\000e\000d\000a\000l\000\040\000C\000l\000a\000s\000s\000\040\000H\000i\000e\000r\000a\000r\000c\000h\000y}{chapter.2}
\BOOKMARK [0][-]{chapter.3}{\376\377\000P\000y\000P\000e\000d\000a\000l\000\040\000C\000l\000a\000s\000s\000\040\000I\000n\000d\000e\000x}{}
\BOOKMARK [1][-]{section.3.1}{\376\377\000P\000y\000P\000e\000d\000a\000l\000\040\000C\000l\000a\000s\000s\000\040\000L\000i\000s\000t}{chapter.3}
\BOOKMARK [0][-]{chapter.4}{\376\377\000P\000y\000P\000e\000d\000a\000l\000\040\000N\000a\000m\000e\000s\000p\000a\000c\000e\000\040\000D\000o\000c\000u\000m\000e\000n\000t\000a\000t\000i\000o\000n}{}
\BOOKMARK [1][-]{section.4.1}{\376\377\000p\000y\000p\000\137\000d\000e\000m\000o\000g\000\040\000N\000a\000m\000e\000s\000p\000a\000c\000e\000\040\000R\000e\000f\000e\000r\000e\000n\000c\000e}{chapter.4}
\BOOKMARK [1][-]{section.4.2}{\376\377\000P\000y\000P\000e\000d\000a\000l\000\040\000N\000a\000m\000e\000s\000p\000a\000c\000e\000\040\000R\000e\000f\000e\000r\000e\000n\000c\000e}{chapter.4}
\BOOKMARK [1][-]{section.4.3}{\376\377\000P\000y\000P\000e\000d\000a\000l\000:\000:\000\137\000\137\000v\000e\000r\000s\000i\000o\000n\000\137\000\137\000\040\000N\000a\000m\000e\000s\000p\000a\000c\000e\000\040\000R\000e\000f\000e\000r\000e\000n\000c\000e}{chapter.4}
\BOOKMARK [1][-]{section.4.4}{\376\377\000P\000y\000P\000e\000d\000a\000l\000:\000:\000d\000e\000p\000g\000r\000a\000p\000h\0002\000d\000o\000t\000\040\000N\000a\000m\000e\000s\000p\000a\000c\000e\000\040\000R\000e\000f\000e\000r\000e\000n\000c\000e}{chapter.4}
\BOOKMARK [1][-]{section.4.5}{\376\377\000P\000y\000P\000e\000d\000a\000l\000:\000:\000d\000e\000p\000s\000\040\000N\000a\000m\000e\000s\000p\000a\000c\000e\000\040\000R\000e\000f\000e\000r\000e\000n\000c\000e}{chapter.4}
\BOOKMARK [1][-]{section.4.6}{\376\377\000P\000y\000P\000e\000d\000a\000l\000:\000:\000d\000i\000c\000t\0004\000i\000n\000i\000\040\000N\000a\000m\000e\000s\000p\000a\000c\000e\000\040\000R\000e\000f\000e\000r\000e\000n\000c\000e}{chapter.4}
\BOOKMARK [1][-]{section.4.7}{\376\377\000P\000y\000P\000e\000d\000a\000l\000:\000:\000o\000d\000i\000c\000t\000\040\000N\000a\000m\000e\000s\000p\000a\000c\000e\000\040\000R\000e\000f\000e\000r\000e\000n\000c\000e}{chapter.4}
\BOOKMARK [1][-]{section.4.8}{\376\377\000P\000y\000P\000e\000d\000a\000l\000:\000:\000p\000y\0002\000d\000e\000p\000g\000r\000a\000p\000h\000\040\000N\000a\000m\000e\000s\000p\000a\000c\000e\000\040\000R\000e\000f\000e\000r\000e\000n\000c\000e}{chapter.4}
\BOOKMARK [1][-]{section.4.9}{\376\377\000P\000y\000P\000e\000d\000a\000l\000:\000:\000p\000y\000p\000\137\000c\000l\000a\000s\000s\000e\000s\000\040\000N\000a\000m\000e\000s\000p\000a\000c\000e\000\040\000R\000e\000f\000e\000r\000e\000n\000c\000e}{chapter.4}
\BOOKMARK [1][-]{section.4.10}{\376\377\000P\000y\000P\000e\000d\000a\000l\000:\000:\000p\000y\000p\000\137\000d\000b\000\040\000N\000a\000m\000e\000s\000p\000a\000c\000e\000\040\000R\000e\000f\000e\000r\000e\000n\000c\000e}{chapter.4}
\BOOKMARK [1][-]{section.4.11}{\376\377\000P\000y\000P\000e\000d\000a\000l\000:\000:\000p\000y\000p\000\137\000d\000e\000m\000o\000g\000\040\000N\000a\000m\000e\000s\000p\000a\000c\000e\000\040\000R\000e\000f\000e\000r\000e\000n\000c\000e}{chapter.4}
\BOOKMARK [1][-]{section.4.12}{\376\377\000P\000y\000P\000e\000d\000a\000l\000:\000:\000p\000y\000p\000\137\000g\000r\000a\000p\000h\000i\000c\000s\000\040\000N\000a\000m\000e\000s\000p\000a\000c\000e\000\040\000R\000e\000f\000e\000r\000e\000n\000c\000e}{chapter.4}
\BOOKMARK [1][-]{section.4.13}{\376\377\000P\000y\000P\000e\000d\000a\000l\000:\000:\000p\000y\000p\000\137\000g\000u\000i\000\040\000N\000a\000m\000e\000s\000p\000a\000c\000e\000\040\000R\000e\000f\000e\000r\000e\000n\000c\000e}{chapter.4}
\BOOKMARK [1][-]{section.4.14}{\376\377\000P\000y\000P\000e\000d\000a\000l\000:\000:\000p\000y\000p\000\137\000g\000u\000i\000\137\000g\000r\000a\000p\000h\000s\000\040\000N\000a\000m\000e\000s\000p\000a\000c\000e\000\040\000R\000e\000f\000e\000r\000e\000n\000c\000e}{chapter.4}
\BOOKMARK [1][-]{section.4.15}{\376\377\000P\000y\000P\000e\000d\000a\000l\000:\000:\000p\000y\000p\000\137\000g\000u\000i\000\137\000m\000e\000t\000r\000i\000c\000s\000\040\000N\000a\000m\000e\000s\000p\000a\000c\000e\000\040\000R\000e\000f\000e\000r\000e\000n\000c\000e}{chapter.4}
\BOOKMARK [1][-]{section.4.16}{\376\377\000P\000y\000P\000e\000d\000a\000l\000:\000:\000p\000y\000p\000\137\000g\000u\000i\000\137\000u\000t\000i\000l\000s\000\040\000N\000a\000m\000e\000s\000p\000a\000c\000e\000\040\000R\000e\000f\000e\000r\000e\000n\000c\000e}{chapter.4}
\BOOKMARK [1][-]{section.4.17}{\376\377\000P\000y\000P\000e\000d\000a\000l\000:\000:\000p\000y\000p\000\137\000i\000o\000\040\000N\000a\000m\000e\000s\000p\000a\000c\000e\000\040\000R\000e\000f\000e\000r\000e\000n\000c\000e}{chapter.4}
\BOOKMARK [1][-]{section.4.18}{\376\377\000P\000y\000P\000e\000d\000a\000l\000:\000:\000p\000y\000p\000\137\000j\000b\000c\000\040\000N\000a\000m\000e\000s\000p\000a\000c\000e\000\040\000R\000e\000f\000e\000r\000e\000n\000c\000e}{chapter.4}
\BOOKMARK [1][-]{section.4.19}{\376\377\000P\000y\000P\000e\000d\000a\000l\000:\000:\000p\000y\000p\000\137\000m\000e\000t\000r\000i\000c\000s\000\040\000N\000a\000m\000e\000s\000p\000a\000c\000e\000\040\000R\000e\000f\000e\000r\000e\000n\000c\000e}{chapter.4}
\BOOKMARK [1][-]{section.4.20}{\376\377\000P\000y\000P\000e\000d\000a\000l\000:\000:\000p\000y\000p\000\137\000n\000e\000t\000w\000o\000r\000k\000\040\000N\000a\000m\000e\000s\000p\000a\000c\000e\000\040\000R\000e\000f\000e\000r\000e\000n\000c\000e}{chapter.4}
\BOOKMARK [1][-]{section.4.21}{\376\377\000P\000y\000P\000e\000d\000a\000l\000:\000:\000p\000y\000p\000\137\000n\000e\000w\000c\000l\000a\000s\000s\000e\000s\000\040\000N\000a\000m\000e\000s\000p\000a\000c\000e\000\040\000R\000e\000f\000e\000r\000e\000n\000c\000e}{chapter.4}
\BOOKMARK [1][-]{section.4.22}{\376\377\000P\000y\000P\000e\000d\000a\000l\000:\000:\000p\000y\000p\000\137\000n\000r\000m\000\040\000N\000a\000m\000e\000s\000p\000a\000c\000e\000\040\000R\000e\000f\000e\000r\000e\000n\000c\000e}{chapter.4}
\BOOKMARK [1][-]{section.4.23}{\376\377\000P\000y\000P\000e\000d\000a\000l\000:\000:\000p\000y\000p\000\137\000r\000e\000p\000o\000r\000t\000s\000\040\000N\000a\000m\000e\000s\000p\000a\000c\000e\000\040\000R\000e\000f\000e\000r\000e\000n\000c\000e}{chapter.4}
\BOOKMARK [1][-]{section.4.24}{\376\377\000P\000y\000P\000e\000d\000a\000l\000:\000:\000p\000y\000p\000\137\000r\000e\000p\000o\000r\000t\000s\000\137\000t\000e\000m\000p\000l\000a\000t\000e\000s\000\040\000N\000a\000m\000e\000s\000p\000a\000c\000e\000\040\000R\000e\000f\000e\000r\000e\000n\000c\000e}{chapter.4}
\BOOKMARK [1][-]{section.4.25}{\376\377\000P\000y\000P\000e\000d\000a\000l\000:\000:\000p\000y\000p\000\137\000t\000e\000m\000p\000l\000a\000t\000e\000\040\000N\000a\000m\000e\000s\000p\000a\000c\000e\000\040\000R\000e\000f\000e\000r\000e\000n\000c\000e}{chapter.4}
\BOOKMARK [1][-]{section.4.26}{\376\377\000P\000y\000P\000e\000d\000a\000l\000:\000:\000p\000y\000p\000\137\000t\000e\000s\000t\000s\000\040\000N\000a\000m\000e\000s\000p\000a\000c\000e\000\040\000R\000e\000f\000e\000r\000e\000n\000c\000e}{chapter.4}
\BOOKMARK [1][-]{section.4.27}{\376\377\000P\000y\000P\000e\000d\000a\000l\000:\000:\000p\000y\000p\000\137\000u\000t\000i\000l\000s\000\040\000N\000a\000m\000e\000s\000p\000a\000c\000e\000\040\000R\000e\000f\000e\000r\000e\000n\000c\000e}{chapter.4}
\BOOKMARK [0][-]{chapter.5}{\376\377\000P\000y\000P\000e\000d\000a\000l\000\040\000C\000l\000a\000s\000s\000\040\000D\000o\000c\000u\000m\000e\000n\000t\000a\000t\000i\000o\000n}{}
\BOOKMARK [1][-]{section.5.1}{\376\377\000P\000y\000P\000e\000d\000a\000l\000:\000:\000o\000d\000i\000c\000t\000:\000:\000\137\000i\000t\000e\000m\000s\000\040\000C\000l\000a\000s\000s\000\040\000R\000e\000f\000e\000r\000e\000n\000c\000e}{chapter.5}
\BOOKMARK [1][-]{section.5.2}{\376\377\000P\000y\000P\000e\000d\000a\000l\000:\000:\000o\000d\000i\000c\000t\000:\000:\000\137\000k\000e\000y\000s\000\040\000C\000l\000a\000s\000s\000\040\000R\000e\000f\000e\000r\000e\000n\000c\000e}{chapter.5}
\BOOKMARK [1][-]{section.5.3}{\376\377\000P\000y\000P\000e\000d\000a\000l\000:\000:\000o\000d\000i\000c\000t\000:\000:\000\137\000v\000a\000l\000u\000e\000s\000\040\000C\000l\000a\000s\000s\000\040\000R\000e\000f\000e\000r\000e\000n\000c\000e}{chapter.5}
\BOOKMARK [1][-]{section.5.4}{\376\377\000P\000y\000P\000e\000d\000a\000l\000:\000:\000p\000y\000p\000\137\000c\000l\000a\000s\000s\000e\000s\000:\000:\000A\000n\000i\000m\000a\000l\000\040\000C\000l\000a\000s\000s\000\040\000R\000e\000f\000e\000r\000e\000n\000c\000e}{chapter.5}
\BOOKMARK [1][-]{section.5.5}{\376\377\000P\000y\000P\000e\000d\000a\000l\000:\000:\000d\000i\000c\000t\0004\000i\000n\000i\000:\000:\000D\000i\000c\000t\000I\000n\000i\000\040\000C\000l\000a\000s\000s\000\040\000R\000e\000f\000e\000r\000e\000n\000c\000e}{chapter.5}
\BOOKMARK [1][-]{section.5.6}{\376\377\000P\000y\000P\000e\000d\000a\000l\000:\000:\000d\000i\000c\000t\0004\000i\000n\000i\000:\000:\000D\000i\000c\000t\000N\000o\000d\000e\000\040\000C\000l\000a\000s\000s\000\040\000R\000e\000f\000e\000r\000e\000n\000c\000e}{chapter.5}
\BOOKMARK [1][-]{section.5.7}{\376\377\000P\000y\000P\000e\000d\000a\000l\000:\000:\000p\000y\000p\000\137\000n\000e\000w\000c\000l\000a\000s\000s\000e\000s\000:\000:\000L\000i\000g\000h\000t\000A\000n\000i\000m\000a\000l\000\040\000C\000l\000a\000s\000s\000\040\000R\000e\000f\000e\000r\000e\000n\000c\000e}{chapter.5}
\BOOKMARK [1][-]{section.5.8}{\376\377\000P\000y\000P\000e\000d\000a\000l\000:\000:\000p\000y\000p\000\137\000g\000u\000i\000:\000:\000M\000a\000i\000n\000W\000i\000n\000d\000o\000w\000\040\000C\000l\000a\000s\000s\000\040\000R\000e\000f\000e\000r\000e\000n\000c\000e}{chapter.5}
\BOOKMARK [1][-]{section.5.9}{\376\377\000P\000y\000P\000e\000d\000a\000l\000:\000:\000p\000y\000p\000\137\000g\000u\000i\000:\000:\000M\000y\000A\000p\000p\000\040\000C\000l\000a\000s\000s\000\040\000R\000e\000f\000e\000r\000e\000n\000c\000e}{chapter.5}
\BOOKMARK [1][-]{section.5.10}{\376\377\000P\000y\000P\000e\000d\000a\000l\000:\000:\000p\000y\0002\000d\000e\000p\000g\000r\000a\000p\000h\000:\000:\000m\000y\000m\000f\000\040\000C\000l\000a\000s\000s\000\040\000R\000e\000f\000e\000r\000e\000n\000c\000e}{chapter.5}
\BOOKMARK [1][-]{section.5.11}{\376\377\000P\000y\000P\000e\000d\000a\000l\000:\000:\000p\000y\000p\000\137\000n\000e\000w\000c\000l\000a\000s\000s\000e\000s\000:\000:\000N\000e\000w\000A\000M\000a\000t\000r\000i\000x\000\040\000C\000l\000a\000s\000s\000\040\000R\000e\000f\000e\000r\000e\000n\000c\000e}{chapter.5}
\BOOKMARK [1][-]{section.5.12}{\376\377\000P\000y\000P\000e\000d\000a\000l\000:\000:\000p\000y\000p\000\137\000n\000e\000w\000c\000l\000a\000s\000s\000e\000s\000:\000:\000N\000e\000w\000A\000n\000i\000m\000a\000l\000\040\000C\000l\000a\000s\000s\000\040\000R\000e\000f\000e\000r\000e\000n\000c\000e}{chapter.5}
\BOOKMARK [1][-]{section.5.13}{\376\377\000P\000y\000P\000e\000d\000a\000l\000:\000:\000p\000y\000p\000\137\000n\000e\000w\000c\000l\000a\000s\000s\000e\000s\000:\000:\000N\000e\000w\000P\000e\000d\000i\000g\000r\000e\000e\000\040\000C\000l\000a\000s\000s\000\040\000R\000e\000f\000e\000r\000e\000n\000c\000e}{chapter.5}
\BOOKMARK [1][-]{section.5.14}{\376\377\000P\000y\000P\000e\000d\000a\000l\000:\000:\000o\000d\000i\000c\000t\000:\000:\000O\000r\000d\000e\000r\000e\000d\000D\000i\000c\000t\000\040\000C\000l\000a\000s\000s\000\040\000R\000e\000f\000e\000r\000e\000n\000c\000e}{chapter.5}
\BOOKMARK [1][-]{section.5.15}{\376\377\000P\000y\000P\000e\000d\000a\000l\000:\000:\000p\000y\000p\000\137\000c\000l\000a\000s\000s\000e\000s\000:\000:\000P\000e\000d\000i\000g\000r\000e\000e\000\040\000C\000l\000a\000s\000s\000\040\000R\000e\000f\000e\000r\000e\000n\000c\000e}{chapter.5}
\BOOKMARK [1][-]{section.5.16}{\376\377\000P\000y\000P\000e\000d\000a\000l\000:\000:\000p\000y\000p\000\137\000n\000e\000w\000c\000l\000a\000s\000s\000e\000s\000:\000:\000P\000e\000d\000i\000g\000r\000e\000e\000M\000e\000t\000a\000d\000a\000t\000a\000\040\000C\000l\000a\000s\000s\000\040\000R\000e\000f\000e\000r\000e\000n\000c\000e}{chapter.5}
\BOOKMARK [1][-]{section.5.17}{\376\377\000P\000y\000P\000e\000d\000a\000l\000:\000:\000d\000e\000p\000g\000r\000a\000p\000h\0002\000d\000o\000t\000:\000:\000p\000y\000d\000e\000p\000g\000r\000a\000p\000h\000d\000o\000t\000\040\000C\000l\000a\000s\000s\000\040\000R\000e\000f\000e\000r\000e\000n\000c\000e}{chapter.5}
\BOOKMARK [1][-]{section.5.18}{\376\377\000P\000y\000P\000e\000d\000a\000l\000:\000:\000p\000y\000p\000\137\000n\000e\000w\000c\000l\000a\000s\000s\000e\000s\000:\000:\000P\000y\000P\000e\000d\000a\000l\000E\000r\000r\000o\000r\000\040\000C\000l\000a\000s\000s\000\040\000R\000e\000f\000e\000r\000e\000n\000c\000e}{chapter.5}
\BOOKMARK [1][-]{section.5.19}{\376\377\000P\000y\000P\000e\000d\000a\000l\000:\000:\000p\000y\000p\000\137\000g\000u\000i\000\137\000g\000r\000a\000p\000h\000s\000:\000:\000P\000y\000P\000e\000d\000a\000l\000G\000r\000a\000p\000h\000D\000i\000a\000l\000o\000g\000I\000n\000b\000r\000e\000e\000d\000i\000n\000g\000\040\000C\000l\000a\000s\000s\000\040\000R\000e\000f\000e\000r\000e\000n\000c\000e}{chapter.5}
\BOOKMARK [1][-]{section.5.20}{\376\377\000P\000y\000P\000e\000d\000a\000l\000:\000:\000p\000y\000p\000\137\000t\000e\000s\000t\000s\000:\000:\000P\000y\000P\000e\000d\000a\000l\000M\000e\000t\000r\000i\000c\000s\000T\000e\000s\000t\000C\000a\000s\000e\000s\000\040\000C\000l\000a\000s\000s\000\040\000R\000e\000f\000e\000r\000e\000n\000c\000e}{chapter.5}
\BOOKMARK [1][-]{section.5.21}{\376\377\000P\000y\000P\000e\000d\000a\000l\000:\000:\000p\000y\000p\000\137\000t\000e\000s\000t\000s\000:\000:\000P\000y\000P\000e\000d\000a\000l\000N\000r\000m\000T\000e\000s\000t\000C\000a\000s\000e\000s\000\040\000C\000l\000a\000s\000s\000\040\000R\000e\000f\000e\000r\000e\000n\000c\000e}{chapter.5}
\BOOKMARK [1][-]{section.5.22}{\376\377\000P\000y\000P\000e\000d\000a\000l\000:\000:\000p\000y\000p\000\137\000g\000u\000i\000\137\000u\000t\000i\000l\000s\000:\000:\000P\000y\000P\000e\000d\000a\000l\000O\000p\000t\000i\000o\000n\000s\000D\000i\000a\000l\000o\000g\000\040\000C\000l\000a\000s\000s\000\040\000R\000e\000f\000e\000r\000e\000n\000c\000e}{chapter.5}
\BOOKMARK [1][-]{section.5.23}{\376\377\000P\000y\000P\000e\000d\000a\000l\000:\000:\000p\000y\000p\000\137\000n\000e\000w\000c\000l\000a\000s\000s\000e\000s\000:\000:\000P\000y\000P\000e\000d\000a\000l\000P\000e\000d\000i\000g\000r\000e\000e\000I\000n\000p\000u\000t\000F\000i\000l\000e\000N\000a\000m\000e\000E\000r\000r\000o\000r\000\040\000C\000l\000a\000s\000s\000\040\000R\000e\000f\000e\000r\000e\000n\000c\000e}{chapter.5}
\BOOKMARK [1][-]{section.5.24}{\376\377\000P\000y\000P\000e\000d\000a\000l\000:\000:\000p\000y\000p\000\137\000t\000e\000s\000t\000s\000:\000:\000P\000y\000P\000e\000d\000a\000l\000U\000t\000i\000l\000s\000T\000e\000s\000t\000C\000a\000s\000e\000s\000\040\000C\000l\000a\000s\000s\000\040\000R\000e\000f\000e\000r\000e\000n\000c\000e}{chapter.5}
\BOOKMARK [1][-]{section.5.25}{\376\377\000P\000y\000P\000e\000d\000a\000l\000:\000:\000p\000y\000p\000\137\000d\000b\000:\000:\000P\000y\000p\000M\000e\000a\000n\000\040\000C\000l\000a\000s\000s\000\040\000R\000e\000f\000e\000r\000e\000n\000c\000e}{chapter.5}
\BOOKMARK [1][-]{section.5.26}{\376\377\000P\000y\000P\000e\000d\000a\000l\000:\000:\000p\000y\000p\000\137\000d\000b\000:\000:\000P\000y\000p\000S\000S\000D\000\040\000C\000l\000a\000s\000s\000\040\000R\000e\000f\000e\000r\000e\000n\000c\000e}{chapter.5}
\BOOKMARK [1][-]{section.5.27}{\376\377\000P\000y\000P\000e\000d\000a\000l\000:\000:\000p\000y\000p\000\137\000d\000b\000:\000:\000P\000y\000p\000S\000u\000m\000\040\000C\000l\000a\000s\000s\000\040\000R\000e\000f\000e\000r\000e\000n\000c\000e}{chapter.5}
\BOOKMARK [1][-]{section.5.28}{\376\377\000P\000y\000P\000e\000d\000a\000l\000:\000:\000p\000y\000p\000\137\000d\000b\000:\000:\000P\000y\000p\000S\000V\000a\000r\000\040\000C\000l\000a\000s\000s\000\040\000R\000e\000f\000e\000r\000e\000n\000c\000e}{chapter.5}
\BOOKMARK [1][-]{section.5.29}{\376\377\000P\000y\000P\000e\000d\000a\000l\000:\000:\000o\000d\000i\000c\000t\000:\000:\000S\000e\000q\000u\000e\000n\000c\000e\000O\000r\000d\000e\000r\000e\000d\000D\000i\000c\000t\000\040\000C\000l\000a\000s\000s\000\040\000R\000e\000f\000e\000r\000e\000n\000c\000e}{chapter.5}
\BOOKMARK [1][-]{section.5.30}{\376\377\000P\000y\000P\000e\000d\000a\000l\000:\000:\000p\000y\000p\000\137\000n\000e\000w\000c\000l\000a\000s\000s\000e\000s\000:\000:\000S\000i\000m\000A\000n\000i\000m\000a\000l\000\040\000C\000l\000a\000s\000s\000\040\000R\000e\000f\000e\000r\000e\000n\000c\000e}{chapter.5}
\BOOKMARK [1][-]{section.5.31}{\376\377\000P\000y\000P\000e\000d\000a\000l\000:\000:\000p\000y\000p\000\137\000n\000e\000w\000c\000l\000a\000s\000s\000e\000s\000:\000:\000t\000a\000i\000l\000\137\000r\000e\000c\000u\000r\000s\000i\000v\000e\000\040\000C\000l\000a\000s\000s\000\040\000R\000e\000f\000e\000r\000e\000n\000c\000e}{chapter.5}
