This is pdfTeXk, Version 3.141592-1.40.3 (Web2C 7.5.6) (format=latex 2007.12.7)  4 MAR 2008 15:51
entering extended mode
 %&-line parsing enabled.
**./images.tex
(./images.tex
LaTeX2e <2005/12/01>
Babel <v3.8h> and hyphenation patterns for english, usenglishmax, dumylang, noh
yphenation, croatian, bulgarian, russian, ukrainian, czech, slovak, danish, dut
ch, finnish, finnish, french, basque, french, german, ngerman, german, ngerman,
 greek, monogreek, ancientgreek, ibycus, hungarian, hungarian, italian, italian
, latin, latin, mongolian, mongolian, norsk, norsk, coptic, esperanto, estonian
, icelandic, indonesian, interlingua, romanian, serbian, slovenian, turkish, up
persorbian, welsh, polish, polish, portuguese, portuguese, spanish, catalan, ga
lician, spanish, catalan, galician, swedish, swedish, loaded.

(/home/jcole/pypedal/PyPedal/doc/manual.cls
Document Class: manual 1998/03/03 Document class (Python manual)
(/usr/share/texmf-texlive/tex/generic/oberdiek/ifpdf.sty
Package: ifpdf 2006/02/20 v1.4 Provides the ifpdf switch (HO)
Package ifpdf Info: pdfTeX in pdf mode not detected.
) (/home/jcole/pypedal/PyPedal/doc/pypaper.sty (/usr/share/texmf-texlive/tex/la
tex/psnfss/times.sty
Package: times 2005/04/12 PSNFSS-v9.2a (SPQR) 
)
Using Times instead of Computer Modern.
) (/usr/share/texmf-texlive/tex/latex/fancybox/fancybox.sty
Package: fancybox 2000/09/19 1.3
Style option: `fancybox' v1.3 <2000/09/19> (tvz)
\@fancybox=\box26
\shadowsize=\dimen102
\@Sbox=\box27
\do@VerbBox=\toks14
\the@fancyput=\toks15
\this@fancyput=\toks16
\EndVerbatimTokens=\toks17
\Verbatim@Outfile=\write3
\Verbatim@Infile=\read1
) (/usr/share/texmf-texlive/tex/latex/base/report.cls
Document Class: report 2005/09/16 v1.4f Standard LaTeX document class
(/usr/share/texmf-texlive/tex/latex/base/size10.clo
File: size10.clo 2005/09/16 v1.4f Standard LaTeX file (size option)
)
\c@part=\count79
\c@chapter=\count80
\c@section=\count81
\c@subsection=\count82
\c@subsubsection=\count83
\c@paragraph=\count84
\c@subparagraph=\count85
\c@figure=\count86
\c@table=\count87
\abovecaptionskip=\skip41
\belowcaptionskip=\skip42
\bibindent=\dimen103
) (/home/jcole/pypedal/PyPedal/doc/fancyhdr.sty
\headwidth=\dimen104
)
Using fancier footers than usual.
(/home/jcole/pypedal/PyPedal/doc/fncychap.sty
Package: fncychap 1997/04/06 v1.11 LaTeX package (Revised chapters)
\RW=\skip43
\mylen=\skip44
\myhi=\skip45
\px=\skip46
\py=\skip47
\pyy=\skip48
\pxx=\skip49
\c@AlphaCnt=\count88
\c@AlphaDecCnt=\count89
)
Using fancy chapter headings.
(/home/jcole/pypedal/PyPedal/doc/python.sty
Package: python 1998/01/11 LaTeX package (Python markup)
(/usr/share/texmf-texlive/tex/latex/tools/longtable.sty
Package: longtable 2004/02/01 v4.11 Multi-page Table package (DPC)
\LTleft=\skip50
\LTright=\skip51
\LTpre=\skip52
\LTpost=\skip53
\LTchunksize=\count90
\LTcapwidth=\dimen105
\LT@head=\box28
\LT@firsthead=\box29
\LT@foot=\box30
\LT@lastfoot=\box31
\LT@cols=\count91
\LT@rows=\count92
\c@LT@tables=\count93
\c@LT@chunks=\count94
\LT@p@ftn=\toks18
) (/usr/share/texmf-texlive/tex/latex/tools/verbatim.sty
Package: verbatim 2003/08/22 v1.5q LaTeX2e package for verbatim enhancements
\every@verbatim=\toks19
\verbatim@line=\toks20
\verbatim@in@stream=\read2
)
\py@codewidth=\skip54
(/usr/share/texmf-texlive/tex/latex/base/alltt.sty
Package: alltt 1997/06/16 v2.0g defines alltt environment
)
\py@ModSynopsisFile=\write4
(/home/jcole/pypedal/PyPedal/doc/underscore.sty
Package: underscore 2001/10/12
LaTeX Info: Redefining \_ on input line 34.
)
\py@argswidth=\skip55
\py@noticelength=\skip56
\c@py@tablenotescounter=\count95
)) (/usr/share/texmf-texlive/tex/latex/base/ifthen.sty
Package: ifthen 2001/05/26 v1.1c Standard LaTeX ifthen package (DPC)
) (/usr/share/texmf-texlive/tex/latex/amsmath/amsmath.sty
Package: amsmath 2000/07/18 v2.13 AMS math features
\@mathmargin=\skip57
For additional information on amsmath, use the `?' option.
(/usr/share/texmf-texlive/tex/latex/amsmath/amstext.sty
Package: amstext 2000/06/29 v2.01
(/usr/share/texmf-texlive/tex/latex/amsmath/amsgen.sty
File: amsgen.sty 1999/11/30 v2.0
\@emptytoks=\toks21
\ex@=\dimen106
)) (/usr/share/texmf-texlive/tex/latex/amsmath/amsbsy.sty
Package: amsbsy 1999/11/29 v1.2d
\pmbraise@=\dimen107
) (/usr/share/texmf-texlive/tex/latex/amsmath/amsopn.sty
Package: amsopn 1999/12/14 v2.01 operator names
)
\inf@bad=\count96
LaTeX Info: Redefining \frac on input line 211.
\uproot@=\count97
\leftroot@=\count98
LaTeX Info: Redefining \overline on input line 307.
\classnum@=\count99
\DOTSCASE@=\count100
LaTeX Info: Redefining \ldots on input line 379.
LaTeX Info: Redefining \dots on input line 382.
LaTeX Info: Redefining \cdots on input line 467.
\Mathstrutbox@=\box32
\strutbox@=\box33
\big@size=\dimen108
LaTeX Font Info:    Redeclaring font encoding OML on input line 567.
LaTeX Font Info:    Redeclaring font encoding OMS on input line 568.
\macc@depth=\count101
\c@MaxMatrixCols=\count102
\dotsspace@=\muskip10
\c@parentequation=\count103
\dspbrk@lvl=\count104
\tag@help=\toks22
\row@=\count105
\column@=\count106
\maxfields@=\count107
\andhelp@=\toks23
\eqnshift@=\dimen109
\alignsep@=\dimen110
\tagshift@=\dimen111
\tagwidth@=\dimen112
\totwidth@=\dimen113
\lineht@=\dimen114
\@envbody=\toks24
\multlinegap=\skip58
\multlinetaggap=\skip59
\mathdisplay@stack=\toks25
LaTeX Info: Redefining \[ on input line 2666.
LaTeX Info: Redefining \] on input line 2667.
) (/usr/share/texmf-texlive/tex/latex/amsfonts/amssymb.sty
Package: amssymb 2002/01/22 v2.2d
(/usr/share/texmf-texlive/tex/latex/amsfonts/amsfonts.sty
Package: amsfonts 2001/10/25 v2.2f
\symAMSa=\mathgroup4
\symAMSb=\mathgroup5
LaTeX Font Info:    Overwriting math alphabet `\mathfrak' in version `bold'
(Font)                  U/euf/m/n --> U/euf/b/n on input line 132.
)) (/usr/share/texmf-texlive/tex/latex/base/inputenc.sty
Package: inputenc 2006/05/05 v1.1b Input encoding file
\inpenc@prehook=\toks26
\inpenc@posthook=\toks27
(/usr/share/texmf-texlive/tex/latex/base/latin1.def
File: latin1.def 2006/05/05 v1.1b Input encoding file
)) (/usr/share/texmf-texlive/tex/latex/base/textcomp.sty
Package: textcomp 2005/09/27 v1.99g Standard LaTeX package
Package textcomp Info: Sub-encoding information:
(textcomp)               5 = only ISO-Adobe without \textcurrency
(textcomp)               4 = 5 + \texteuro
(textcomp)               3 = 4 + \textohm
(textcomp)               2 = 3 + \textestimated + \textcurrency
(textcomp)               1 = TS1 - \textcircled - \t
(textcomp)               0 = TS1 (full)
(textcomp)             Font families with sub-encoding setting implement
(textcomp)             only a restricted character set as indicated.
(textcomp)             Family '?' is the default used for unknown fonts.
(textcomp)             See the documentation for details.
Package textcomp Info: Setting ? sub-encoding to TS1/1 on input line 71.
(/usr/share/texmf-texlive/tex/latex/base/ts1enc.def
File: ts1enc.def 2001/06/05 v3.0e (jk/car/fm) Standard LaTeX file
)
LaTeX Info: Redefining \oldstylenums on input line 266.
Package textcomp Info: Setting cmr sub-encoding to TS1/0 on input line 281.
Package textcomp Info: Setting cmss sub-encoding to TS1/0 on input line 282.
Package textcomp Info: Setting cmtt sub-encoding to TS1/0 on input line 283.
Package textcomp Info: Setting cmvtt sub-encoding to TS1/0 on input line 284.
Package textcomp Info: Setting cmbr sub-encoding to TS1/0 on input line 285.
Package textcomp Info: Setting cmtl sub-encoding to TS1/0 on input line 286.
Package textcomp Info: Setting ccr sub-encoding to TS1/0 on input line 287.
Package textcomp Info: Setting ptm sub-encoding to TS1/4 on input line 288.
Package textcomp Info: Setting pcr sub-encoding to TS1/4 on input line 289.
Package textcomp Info: Setting phv sub-encoding to TS1/4 on input line 290.
Package textcomp Info: Setting ppl sub-encoding to TS1/3 on input line 291.
Package textcomp Info: Setting pag sub-encoding to TS1/4 on input line 292.
Package textcomp Info: Setting pbk sub-encoding to TS1/4 on input line 293.
Package textcomp Info: Setting pnc sub-encoding to TS1/4 on input line 294.
Package textcomp Info: Setting pzc sub-encoding to TS1/4 on input line 295.
Package textcomp Info: Setting bch sub-encoding to TS1/4 on input line 296.
Package textcomp Info: Setting put sub-encoding to TS1/5 on input line 297.
Package textcomp Info: Setting uag sub-encoding to TS1/5 on input line 298.
Package textcomp Info: Setting ugq sub-encoding to TS1/5 on input line 299.
Package textcomp Info: Setting ul8 sub-encoding to TS1/4 on input line 300.
Package textcomp Info: Setting ul9 sub-encoding to TS1/4 on input line 301.
Package textcomp Info: Setting augie sub-encoding to TS1/5 on input line 302.
Package textcomp Info: Setting dayrom sub-encoding to TS1/3 on input line 303.
Package textcomp Info: Setting dayroms sub-encoding to TS1/3 on input line 304.

Package textcomp Info: Setting pxr sub-encoding to TS1/0 on input line 305.
Package textcomp Info: Setting pxss sub-encoding to TS1/0 on input line 306.
Package textcomp Info: Setting pxtt sub-encoding to TS1/0 on input line 307.
Package textcomp Info: Setting txr sub-encoding to TS1/0 on input line 308.
Package textcomp Info: Setting txss sub-encoding to TS1/0 on input line 309.
Package textcomp Info: Setting txtt sub-encoding to TS1/0 on input line 310.
Package textcomp Info: Setting futs sub-encoding to TS1/4 on input line 311.
Package textcomp Info: Setting futx sub-encoding to TS1/4 on input line 312.
Package textcomp Info: Setting futj sub-encoding to TS1/4 on input line 313.
Package textcomp Info: Setting hlh sub-encoding to TS1/3 on input line 314.
Package textcomp Info: Setting hls sub-encoding to TS1/3 on input line 315.
Package textcomp Info: Setting hlst sub-encoding to TS1/3 on input line 316.
Package textcomp Info: Setting hlct sub-encoding to TS1/5 on input line 317.
Package textcomp Info: Setting hlx sub-encoding to TS1/5 on input line 318.
Package textcomp Info: Setting hlce sub-encoding to TS1/5 on input line 319.
Package textcomp Info: Setting hlcn sub-encoding to TS1/5 on input line 320.
Package textcomp Info: Setting hlcw sub-encoding to TS1/5 on input line 321.
Package textcomp Info: Setting hlcf sub-encoding to TS1/5 on input line 322.
Package textcomp Info: Setting pplx sub-encoding to TS1/3 on input line 323.
Package textcomp Info: Setting pplj sub-encoding to TS1/3 on input line 324.
Package textcomp Info: Setting ptmx sub-encoding to TS1/4 on input line 325.
Package textcomp Info: Setting ptmj sub-encoding to TS1/4 on input line 326.
) (/usr/share/texmf-texlive/tex/latex/preprint/fullpage.sty
Package: fullpage 1999/02/23 1.1 (PWD)
\FP@margin=\skip60
) (/usr/share/texmf-texlive/tex/latex/graphics/graphicx.sty
Package: graphicx 1999/02/16 v1.0f Enhanced LaTeX Graphics (DPC,SPQR)
(/usr/share/texmf-texlive/tex/latex/graphics/keyval.sty
Package: keyval 1999/03/16 v1.13 key=value parser (DPC)
\KV@toks@=\toks28
) (/usr/share/texmf-texlive/tex/latex/graphics/graphics.sty
Package: graphics 2006/02/20 v1.0o Standard LaTeX Graphics (DPC,SPQR)
(/usr/share/texmf-texlive/tex/latex/graphics/trig.sty
Package: trig 1999/03/16 v1.09 sin cos tan (DPC)
) (/etc/texmf/tex/latex/config/graphics.cfg
File: graphics.cfg 2007/01/18 v1.5 graphics configuration of teTeX/TeXLive
)
Package graphics Info: Driver file: dvips.def on input line 90.
(/usr/share/texmf-texlive/tex/latex/graphics/dvips.def
File: dvips.def 1999/02/16 v3.0i Driver-dependant file (DPC,SPQR)
))
\Gin@req@height=\dimen115
\Gin@req@width=\dimen116
) (/usr/share/texmf-texlive/tex/latex/ltxmisc/url.sty
\Urlmuskip=\muskip11
Package: url 2005/06/27  ver 3.2  Verb mode for urls, etc.
) (/usr/share/texmf-texlive/tex/latex/index/index.sty
Package: index 2004/01/20 v4.2beta Improved index support (dmj)
\@indexbox=\insert233
\indexproofstyle=\toks29
) (/home/jcole/pypedal/PyPedal/doc/chicago.sty
Using Chicago Manual of Style bibliography: 31 August 1992
\bibhang=\skip61
\bibindent=\dimen117
) (/home/jcole/texmf/tex/latex/xtab/xtab.sty
Package: xtab 2000/04/09 v2.3 Extended supertabular package
\c@tracingst=\count108
\PWSTcapht=\dimen118
\ST@wd=\dimen119
\ST@rightskip=\skip62
\ST@leftskip=\skip63
\ST@parfillskip=\skip64
\c@PWSTtable=\count109
\PWSTlastpage=\count110
\PWSTpenultimate=\count111
\PWSTcurpage=\count112
\PWSTtempc=\count113
\PWSTlines=\count114
\PWST@lastht=\dimen120
\PWST@generalht=\dimen121
\PWST@ht=\dimen122
\ST@pageleft=\dimen123
\ST@headht=\dimen124
\ST@tailht=\dimen125
\ST@pagesofar=\dimen126
\ST@pboxht=\dimen127
\ST@lineht=\dimen128
\ST@stretchht=\dimen129
\ST@prevht=\dimen130
\ST@toadd=\dimen131
\ST@dimen=\dimen132
\ST@pbox=\box34
) (/usr/share/texmf-texlive/tex/latex/multirow/multirow.sty
\bigstrutjot=\dimen133
) (/usr/share/texmf-texlive/tex/latex/psnfss/courier.sty
Package: courier 2005/04/12 PSNFSS-v9.2a (WaS) 
) (/usr/share/texmf-texlive/tex/latex/graphics/color.sty
Package: color 2005/11/14 v1.0j Standard LaTeX Color (DPC)
(/etc/texmf/tex/latex/config/color.cfg
File: color.cfg 2007/01/18 v1.5 color configuration of teTeX/TeXLive
)
Package color Info: Driver file: dvips.def on input line 130.
(/usr/share/texmf-texlive/tex/latex/graphics/dvipsnam.def
File: dvipsnam.def 1999/02/16 v3.0i Driver-dependant file (DPC,SPQR)
)) (/usr/share/texmf-texlive/tex/latex/hyperref/hyperref.sty
Package: hyperref 2007/02/07 v6.75r Hypertext links for LaTeX
\@linkdim=\dimen134
\Hy@linkcounter=\count115
\Hy@pagecounter=\count116
(/usr/share/texmf-texlive/tex/latex/hyperref/pd1enc.def
File: pd1enc.def 2007/02/07 v6.75r Hyperref: PDFDocEncoding definition (HO)
) (/etc/texmf/tex/latex/config/hyperref.cfg
File: hyperref.cfg 2002/06/06 v1.2 hyperref configuration of TeXLive
) (/usr/share/texmf-texlive/tex/latex/oberdiek/kvoptions.sty
Package: kvoptions 2006/08/22 v2.4 Connects package keyval with LaTeX options (
HO)
)
Package hyperref Info: Option `breaklinks' set `true' on input line 2238.
Package hyperref Info: Option `colorlinks' set `true' on input line 2238.
Package hyperref Info: Hyper figures OFF on input line 2288.
Package hyperref Info: Link nesting OFF on input line 2293.
Package hyperref Info: Hyper index ON on input line 2296.
Package hyperref Info: Plain pages OFF on input line 2303.
Package hyperref Info: Backreferencing OFF on input line 2308.
Implicit mode ON; LaTeX internals redefined
Package hyperref Info: Bookmarks ON on input line 2444.
LaTeX Info: Redefining \url on input line 2599.
\Fld@menulength=\count117
\Field@Width=\dimen135
\Fld@charsize=\dimen136
\Choice@toks=\toks30
\Field@toks=\toks31
Package hyperref Info: Hyper figures OFF on input line 3102.
Package hyperref Info: Link nesting OFF on input line 3107.
Package hyperref Info: Hyper index ON on input line 3110.
Package hyperref Info: backreferencing OFF on input line 3117.
Package hyperref Info: Link coloring ON on input line 3120.
\Hy@abspage=\count118
\c@Item=\count119
\c@Hfootnote=\count120
)
*hyperref using default driver hdvips*
(/usr/share/texmf-texlive/tex/latex/hyperref/hdvips.def
File: hdvips.def 2007/02/07 v6.75r Hyperref driver for dvips
(/usr/share/texmf-texlive/tex/latex/hyperref/pdfmark.def
File: pdfmark.def 2007/02/07 v6.75r Hyperref definitions for pdfmark specials
\pdf@docset=\toks32
\pdf@box=\box35
\pdf@toks=\toks33
\pdf@defaulttoks=\toks34
\Fld@listcount=\count121
)) (/usr/share/texmf-texlive/tex/latex/listings/listings.sty
\lst@mode=\count122
\lst@gtempboxa=\box36
\lst@token=\toks35
\lst@length=\count123
\lst@currlwidth=\dimen137
\lst@column=\count124
\lst@pos=\count125
\lst@lostspace=\dimen138
\lst@width=\dimen139
\lst@newlines=\count126
\lst@lineno=\count127
\c@lstlisting=\count128
\lst@maxwidth=\dimen140
(/usr/share/texmf-texlive/tex/latex/listings/lstpatch.sty
File: lstpatch.sty 2004/10/17 1.3b (Carsten Heinz)
) (/usr/share/texmf-texlive/tex/latex/listings/lstmisc.sty
File: lstmisc.sty 2004/09/07 1.3 (Carsten Heinz)
\c@lstnumber=\count129
\lst@skipnumbers=\count130
\lst@framebox=\box37
) (/usr/share/texmf-texlive/tex/latex/listings/listings.cfg
File: listings.cfg 2004/09/05 1.3 listings configuration
))
Package: listings 2004/10/17 1.3b (Carsten Heinz)
(/usr/share/texmf-texlive/tex/latex/listings/lstlang1.sty
File: lstlang1.sty 2004/09/05 1.3 listings language file
)
\idxtitle@default=\toks36
\tf@default=\write5
\openout5 = `images.idx'.

Package index Info: Writing index file images.idx on input line 84.
\idxtitle@func=\toks37
\tf@func=\write6
\openout6 = `images.fdx'.

Package index Info: Writing index file images.fdx on input line 85.
\sizebox=\box38
\lthtmlwrite=\write7
(./images.aux)
\openout1 = `images.aux'.

LaTeX Font Info:    Checking defaults for OML/cmm/m/it on input line 211.
LaTeX Font Info:    ... okay on input line 211.
LaTeX Font Info:    Checking defaults for T1/cmr/m/n on input line 211.
LaTeX Font Info:    ... okay on input line 211.
LaTeX Font Info:    Checking defaults for OT1/cmr/m/n on input line 211.
LaTeX Font Info:    ... okay on input line 211.
LaTeX Font Info:    Checking defaults for OMS/cmsy/m/n on input line 211.
LaTeX Font Info:    ... okay on input line 211.
LaTeX Font Info:    Checking defaults for OMX/cmex/m/n on input line 211.
LaTeX Font Info:    ... okay on input line 211.
LaTeX Font Info:    Checking defaults for U/cmr/m/n on input line 211.
LaTeX Font Info:    ... okay on input line 211.
LaTeX Font Info:    Checking defaults for TS1/cmr/m/n on input line 211.
LaTeX Font Info:    Try loading font information for TS1+cmr on input line 211.

(/usr/share/texmf-texlive/tex/latex/base/ts1cmr.fd
File: ts1cmr.fd 1999/05/25 v2.5h Standard LaTeX font definitions
)
LaTeX Font Info:    ... okay on input line 211.
LaTeX Font Info:    Checking defaults for PD1/pdf/m/n on input line 211.
LaTeX Font Info:    ... okay on input line 211.
LaTeX Font Info:    Try loading font information for OT1+ptm on input line 211.

(/usr/share/texmf-texlive/tex/latex/psnfss/ot1ptm.fd
File: ot1ptm.fd 2001/06/04 font definitions for OT1/ptm.
)
Package hyperref Info: Link coloring ON on input line 211.
(/usr/share/texmf-texlive/tex/latex/hyperref/nameref.sty
Package: nameref 2006/12/27 v2.28 Cross-referencing by name of section
(/usr/share/texmf-texlive/tex/latex/oberdiek/refcount.sty
Package: refcount 2006/02/20 v3.0 Data extraction from references (HO)
)
\c@section@level=\count131
)
LaTeX Info: Redefining \ref on input line 211.
LaTeX Info: Redefining \pageref on input line 211.
(./images.out) (./images.out)
\@outlinefile=\write8
\openout8 = `images.out'.

(/home/jcole/pypedal/PyPedal/doc/pypedal.aux

LaTeX Warning: Label `sec:legal-notice' multiply defined.


LaTeX Warning: Label `sec:license' multiply defined.


LaTeX Warning: Label `module-pypedal' multiply defined.


LaTeX Warning: Label `cha:introduction' multiply defined.


LaTeX Warning: Label `cha:installation' multiply defined.


LaTeX Warning: Label `sec:installation-overview' multiply defined.


LaTeX Warning: Label `tbl:extensions' multiply defined.


LaTeX Warning: Label `sec:installing-pypedal' multiply defined.


LaTeX Warning: Label `sec:installing-unix' multiply defined.


LaTeX Warning: Label `sec:tip:from-pypedal-import' multiply defined.


LaTeX Warning: Label `sec:installing-windows' multiply defined.


LaTeX Warning: Label `sec:installation-from-source' multiply defined.


LaTeX Warning: Label `sec:installation-cygwin' multiply defined.


LaTeX Warning: Label `sec:installation-testing' multiply defined.


LaTeX Warning: Label `cha:high-level-overview' multiply defined.


LaTeX Warning: Label `sec:interacting' multiply defined.


LaTeX Warning: Label `sec:pypedal-objects' multiply defined.


LaTeX Warning: Label `sec:overview-program-structure' multiply defined.


LaTeX Warning: Label `sec:pypedal-options' multiply defined.


LaTeX Warning: Label `tbl:options' multiply defined.


LaTeX Warning: Label `sec:pypedal-options-file' multiply defined.


LaTeX Warning: Label `sec:pedigree-files' multiply defined.


LaTeX Warning: Label `sec:pedigree-format-codes' multiply defined.


LaTeX Warning: Label `tbl:pedigree-format-codes' multiply defined.


LaTeX Warning: Label `sec:renumbering' multiply defined.


LaTeX Warning: Label `sec:renumbering-animal-id' multiply defined.


LaTeX Warning: Label `sec:logging' multiply defined.


LaTeX Warning: Label `sec:pedigree-simulation' multiply defined.


LaTeX Warning: Label `fig:example-simulated-pedigree' multiply defined.


LaTeX Warning: Label `cha:inputoutput' multiply defined.


LaTeX Warning: Label `sec:io-overview' multiply defined.


LaTeX Warning: Label `tbl:io-methods' multiply defined.


LaTeX Warning: Label `sec:io-input' multiply defined.


LaTeX Warning: Label `sec:io-input-database' multiply defined.


LaTeX Warning: Label `sec:io-input-xdigraph' multiply defined.


LaTeX Warning: Label `sec:io-input-gedcom' multiply defined.


LaTeX Warning: Label `sec:io-input-text-files' multiply defined.


LaTeX Warning: Label `sec:io-input-text-streams' multiply defined.


LaTeX Warning: Label `sec:io-output' multiply defined.


LaTeX Warning: Label `sec:io-output-database' multiply defined.


LaTeX Warning: Label `sec:io-output-gedcom' multiply defined.


LaTeX Warning: Label `sec:io-output-xdigraph' multiply defined.


LaTeX Warning: Label `sec:io-output-text-files' multiply defined.


LaTeX Warning: Label `cha:using-pypedal-objects' multiply defined.


LaTeX Warning: Label `sec:objects-animal-objects' multiply defined.


LaTeX Warning: Label `sec:objects-animal-objects-new-animal' multiply defined.


LaTeX Warning: Label `tbl:objects-animal-objects-new-animal-attributes' multipl
y defined.


LaTeX Warning: Label `tbl:objects-animal-objects-new-animal-methods' multiply d
efined.


LaTeX Warning: Label `sec:objects-animal-objects-light-animal' multiply defined
.


LaTeX Warning: Label `tbl:objects-animal-objects-light-animal-attributes' multi
ply defined.


LaTeX Warning: Label `tbl:objects-animal-objects-light-animal-methods' multiply
 defined.


LaTeX Warning: Label `sec:objects-animal-objects-sim-animal' multiply defined.


LaTeX Warning: Label `tbl:objects-animal-objects-sim-animal-attributes' multipl
y defined.


LaTeX Warning: Label `tbl:objects-animal-objects-sim-animal-methods' multiply d
efined.


LaTeX Warning: Label `sec:objects-pedigree-objects' multiply defined.


LaTeX Warning: Label `tbl:objects-newpedigree-attributes' multiply defined.


LaTeX Warning: Label `tbl:objects-newpedigree-methods' multiply defined.


LaTeX Warning: Label `sec:objects-metadata-objects' multiply defined.


LaTeX Warning: Label `tbl:objects-metadata-attributes' multiply defined.


LaTeX Warning: Label `tbl:objects-metadata-methods' multiply defined.


LaTeX Warning: Label `sec:objects-amatrix-objects' multiply defined.


LaTeX Warning: Label `tbl:objects-amatrix-attributes' multiply defined.


LaTeX Warning: Label `tbl:objects-amatrix-methods' multiply defined.


LaTeX Warning: Label `cha:methodology' multiply defined.


LaTeX Warning: Label `sec:methodology-reordering-and-renumbering' multiply defi
ned.


LaTeX Warning: Label `sec:methodology-id-mapping' multiply defined.


LaTeX Warning: Label `tbl:methodology-id-mapping' multiply defined.


LaTeX Warning: Label `sec:methodology-genetic-variation' multiply defined.


LaTeX Warning: Label `sec:methodology-computational-details' multiply defined.


LaTeX Warning: Label `sec:methodology-computation-inbreeding' multiply defined.



LaTeX Warning: Label `sec:methodology-ancestral-inbreeding' multiply defined.


LaTeX Warning: Label `sec:methodology-partial-inbreeding' multiply defined.


LaTeX Warning: Label `sec:methodology-computation-generation-coefficients' mult
iply defined.


LaTeX Warning: Label `sec:methodology-computation-effective-founder-number' mul
tiply defined.


LaTeX Warning: Label `sec:methodology-computation-founder-genome-equivalents' m
ultiply defined.


LaTeX Warning: Label `sec:methodology-computation-effective-ancestor-number' mu
ltiply defined.


LaTeX Warning: Label `sec:methodology-pedigre-completeness' multiply defined.


LaTeX Warning: Label `cha:howtos' multiply defined.


LaTeX Warning: Label `sec:howto-basic-operations' multiply defined.


LaTeX Warning: Label `sec:howto-load-pedigree' multiply defined.


LaTeX Warning: Label `sec:howto-load-multiple-pedigrees' multiply defined.


LaTeX Warning: Label `sec:howto-renumber-pedigree' multiply defined.


LaTeX Warning: Label `sec:howto-turn-off-messages' multiply defined.


LaTeX Warning: Label `sec:howto-load-tab-delimited-pedigree' multiply defined.


LaTeX Warning: Label `sec:howto-genetic-variation' multiply defined.


LaTeX Warning: Label `sec:howto-calculate-inbreeding' multiply defined.


LaTeX Warning: Label `sec:howto-databases-and-reports' multiply defined.


LaTeX Warning: Label `sec:howto-load-pedigree-db' multiply defined.


LaTeX Warning: Label `sec:howto-pedigree-db-update-table' multiply defined.


LaTeX Warning: Label `sec:howto-pedigrees-graphs' multiply defined.


LaTeX Warning: Label `sec:howto-pedigree-to-graph' multiply defined.


LaTeX Warning: Label `sec:howto-graph-to-pedigree' multiply defined.


LaTeX Warning: Label `sec:howto-pedigree-from-graph-file' multiply defined.


LaTeX Warning: Label `sec:howto-graph-to-file' multiply defined.


LaTeX Warning: Label `sec:howto-miscellaneous' multiply defined.


LaTeX Warning: Label `sec:howto-export-nrm-to-octave' multiply defined.


LaTeX Warning: Label `sec:howto-export-nrm-to-ijk-file' multiply defined.


LaTeX Warning: Label `sec:howto-load-gedcom-pedigree' multiply defined.


LaTeX Warning: Label `sec:howto-save-gedcom-pedigree' multiply defined.


LaTeX Warning: Label `sec:howto-load-from-string' multiply defined.


LaTeX Warning: Label `fig:ped-from-string' multiply defined.


LaTeX Warning: Label `sec:howto-contribute' multiply defined.


LaTeX Warning: Label `cha:graphics' multiply defined.


LaTeX Warning: Label `sec:graphics-overview' multiply defined.


LaTeX Warning: Label `tbl:pypedal-graphics-formats' multiply defined.


LaTeX Warning: Label `sec:graphics-drawing-pedigrees' multiply defined.


LaTeX Warning: Label `fig:boichard2-pedigree' multiply defined.


LaTeX Warning: Label `fig:new-ids2-pedigree-basic' multiply defined.


LaTeX Warning: Label `fig:doug-pedigree-basic' multiply defined.


LaTeX Warning: Label `fig:newfoundland-colored-pedigree' multiply defined.


LaTeX Warning: Label `fig:ayrshire-coi-graph' multiply defined.


LaTeX Warning: Label `sec:graphics-drawing-line-graphs' multiply defined.


LaTeX Warning: Label `sec:graphics-visualizing-nrm' multiply defined.


LaTeX Warning: Label `fig:boichard2-pseudocolor' multiply defined.


LaTeX Warning: Label `fig:boichard2-sparsity' multiply defined.


LaTeX Warning: Label `cha:reports' multiply defined.


LaTeX Warning: Label `sec:reports-overview' multiply defined.


LaTeX Warning: Label `tbl:reports-db-column-names' multiply defined.


LaTeX Warning: Label `sec:reports-three-gen-peds' multiply defined.


LaTeX Warning: Label `sec:reports-custom-internal-reports' multiply defined.


LaTeX Warning: Label `fig:reports-three-gen-ped' multiply defined.


LaTeX Warning: Label `sec:reports-custom-printed-reports' multiply defined.


LaTeX Warning: Label `cha:newfeatures' multiply defined.


LaTeX Warning: Label `sec:newfeatures-overview' multiply defined.


LaTeX Warning: Label `sec:newfeatures-overview-problem' multiply defined.


LaTeX Warning: Label `sec:newfeatures-template' multiply defined.


LaTeX Warning: Label `sec:newfeatures-solving-the-problem' multiply defined.


LaTeX Warning: Label `fig:boichard2-pedigree-colorized' multiply defined.


LaTeX Warning: Label `sec:newfeatures-overview-contributing-code' multiply defi
ned.


LaTeX Warning: Label `cha:glossary' multiply defined.


LaTeX Warning: Label `tbl:examples-program-list' multiply defined.


LaTeX Warning: Label `GEDCOM' multiply defined.


LaTeX Warning: Label `tbl:gedcom-supported-records-and-tags-import' multiply de
fined.


LaTeX Warning: Label `tbl:gedcom-supported-records-and-tags-export' multiply de
fined.


LaTeX Warning: Label `Ballou1997' multiply defined.


LaTeX Warning: Label `ref352' multiply defined.


LaTeX Warning: Label `ref817' multiply defined.


LaTeX Warning: Label `Cassell2003a' multiply defined.


LaTeX Warning: Label `Cole2007a' multiply defined.


LaTeX Warning: Label `Cole2004a' multiply defined.


LaTeX Warning: Label `Cormen2003' multiply defined.


LaTeX Warning: Label `ref91' multiply defined.


LaTeX Warning: Label `GulisijaC2007' multiply defined.


LaTeX Warning: Label `GulisijaGWT2006' multiply defined.


LaTeX Warning: Label `ref143' multiply defined.


LaTeX Warning: Label `ref640' multiply defined.


LaTeX Warning: Label `LacyAW1996' multiply defined.


LaTeX Warning: Label `ref1719' multiply defined.


LaTeX Warning: Label `Pattie1965' multiply defined.


LaTeX Warning: Label `ref235' multiply defined.


LaTeX Warning: Label `ref641' multiply defined.


LaTeX Warning: Label `SuwanleeBSC2007' multiply defined.


LaTeX Warning: Label `ref435' multiply defined.


LaTeX Warning: Label `ref337' multiply defined.


LaTeX Warning: Label `Wright1922' multiply defined.


LaTeX Warning: Label `Wright1931' multiply defined.


LaTeX Warning: Label `ref351' multiply defined.


LaTeX Warning: Label `genindex' multiply defined.

)

latex2htmlLength hsize=349.0pt

latex2htmlLength vsize=650.43001pt

latex2htmlLength hoffset=0.0pt

latex2htmlLength voffset=0.0pt

latex2htmlLength topmargin=0.0pt

latex2htmlLength topskip=0.00003pt

latex2htmlLength headheight=0.0pt

latex2htmlLength headsep=0.0pt

latex2htmlLength parskip=5.69054pt

latex2htmlLength oddsidemargin=0.0pt

latex2htmlLength evensidemargin=0.0pt

LaTeX Font Info:    Try loading font information for U+msa on input line 237.
(/usr/share/texmf-texlive/tex/latex/amsfonts/umsa.fd
File: umsa.fd 2002/01/19 v2.2g AMS font definitions
)
LaTeX Font Info:    Try loading font information for U+msb on input line 237.
(/usr/share/texmf-texlive/tex/latex/amsfonts/umsb.fd
File: umsb.fd 2002/01/19 v2.2g AMS font definitions
)
l2hSize :tex2html_wrap_inline8481:6.83331pt::0.0pt::8.00005pt.
[1



]
l2hSize :tex2html_wrap_inline8485:6.83331pt::0.0pt::7.73268pt.
[2


]
l2hSize :tex2html_wrap_inline8487:6.83331pt::0.0pt::9.05698pt.
[3


]
l2hSize :tex2html_wrap_inline8489:7.51782pt::0.0pt::47.16107pt.
[4


]
LaTeX Font Info:    Try loading font information for OT1+pcr on input line 267.

(/usr/share/texmf-texlive/tex/latex/psnfss/ot1pcr.fd
File: ot1pcr.fd 2001/06/04 font definitions for OT1/pcr.
)
Overfull \hbox (142.72849pt too wide) in paragraph at lines 266--282
[] 
 []

l2hSize :xtabular359:86.5pt::81.5pt::349.0pt.
[5


]
l2hSize :tex2html_wrap_inline8513:7.24997pt::7.24997pt::23.83344pt.
[6


]
l2hSize :tex2html_wrap_inline8516:7.24997pt::7.24997pt::23.83344pt.
[7


]
Overfull \hbox (103.82916pt too wide) in paragraph at lines 313--337
[] 
 []


Overfull \hbox (113.79861pt too wide) in paragraph at lines 337--367
[] 
 []


Overfull \hbox (34.68953pt too wide) in paragraph at lines 367--369
[] 
 []

*** image for xtabular663 is too tall at 1177.38107pt, reducing to .95 vsize **
*
l2hSize :xtabular663:617.90651pt::0.0pt::349.0pt.
[8


]
l2hSize :xtabular753:128.5pt::123.5pt::349.0pt.
[9


]
l2hSize :tex2html_wrap_inline8564:7.24997pt::7.24997pt::8.27783pt.
[10


]
l2hSize :tex2html_wrap_inline8566:7.24997pt::7.24997pt::8.27783pt.
[11


]

LaTeX Warning: File `simulatedPedigree.eps' not found on input line 421.


! LaTeX Error: File `simulatedPedigree.eps' not found.

See the LaTeX manual or LaTeX Companion for explanation.
Type  H <return>  for immediate help.
 ...                                              
                                                  
l.421 ...raphics[width=4in]{simulatedPedigree.eps}
                                                  %
Try typing  <return>  to proceed.
If that doesn't work, type  X <return>  to quit.


! LaTeX Error: Cannot determine size of graphic in simulatedPedigree.eps (no Bo
undingBox).

See the LaTeX manual or LaTeX Companion for explanation.
Type  H <return>  for immediate help.
 ...                                              
                                                  
l.421 ...raphics[width=4in]{simulatedPedigree.eps}
                                                  %
Try typing  <return>  to proceed.
If that doesn't work, type  X <return>  to quit.

File: simulatedPedigree.eps Graphic file (type eps)
<simulatedPedigree.eps>
l2hSize :tex2html_wrap8572:289.15935pt::0.0pt::349.0pt.
[12


]
Overfull \hbox (3.85976pt too wide) in paragraph at lines 429--441
[] 
 []

l2hSize :xtabular910:80.5pt::75.5pt::349.0pt.
[13


]
Underfull \hbox (badness 7151) in paragraph at lines 463--464
\OT1/pcr/m/n/10 BASE_-DEMOGRAPHIC_-YEAR \OT1/ptm/m/n/10 de-fined in
 []


Underfull \hbox (badness 10000) in paragraph at lines 466--467
\OT1/pcr/m/n/10 pyp_-utils.set_-ancestor_-flag()
 []


Overfull \hbox (150.43394pt too wide) in paragraph at lines 462--479
[] 
 []


Underfull \hbox (badness 10000) in paragraph at lines 479--480
[]\OT1/ptm/m/n/10 Generation in-ferred by \OT1/pcr/m/n/10 pyp_-
 []


Overfull \hbox (119.64392pt too wide) in paragraph at lines 479--492
[] 
 []

*** image for xtabular1140 is too tall at 1026.69054pt, reducing to .95 vsize *
**
l2hSize :xtabular1140:617.90651pt::0.0pt::349.0pt.
[14


]
Overfull \hbox (97.42001pt too wide) in paragraph at lines 504--505
[][][]$\OT1/pcr/m/n/10 http : / / www . brpreiss . com / books / opus7 / html /
 page220 . html # progstrnga$[][][][]\OT1/ptm/m/n/10 .| 
 []


Overfull \hbox (17.39932pt too wide) in paragraph at lines 497--506
[] 
 []

l2hSize :xtabular1214:92.5pt::87.5pt::349.0pt.
[15


]
Overfull \hbox (112.38957pt too wide) in paragraph at lines 512--521
[] 
 []

l2hSize :xtabular1242:56.5pt::51.5pt::349.0pt.
[16


]
Overfull \hbox (97.42001pt too wide) in paragraph at lines 533--534
[][][]$\OT1/pcr/m/n/10 http : / / www . brpreiss . com / books / opus7 / html /
 page220 . html # progstrnga$[][][][]\OT1/ptm/m/n/10 .| 
 []


Overfull \hbox (17.39932pt too wide) in paragraph at lines 526--535
[] 
 []

l2hSize :xtabular1265:92.5pt::87.5pt::349.0pt.
[17


]
Overfull \hbox (54.11899pt too wide) in paragraph at lines 541--548
[] 
 []

l2hSize :xtabular1294:32.5pt::27.5pt::349.0pt.
[18


]
Overfull \hbox (1.8197pt too wide) in paragraph at lines 553--558
[] 
 []

l2hSize :xtabular1313:26.5pt::21.5pt::349.0pt.
[19


]
Overfull \hbox (69.83951pt too wide) in paragraph at lines 566--577
[] 
 []

l2hSize :xtabular1335:56.5pt::51.5pt::349.0pt.
[20


]
LaTeX Font Info:    Font shape `OT1/ptm/bx/n' in size <10> not available
(Font)              Font shape `OT1/ptm/b/n' tried instead on input line 584.

Underfull \hbox (badness 10000) in paragraph at lines 592--593
\OT1/ptm/m/n/10 method from Matvec 1.1a (sr-c/-class-es/-pedi-gree.cpp;
 []


Overfull \hbox (52.74997pt too wide) in paragraph at lines 592--593
[][][]$\OT1/pcr/m/n/10 http : / / statistics . unl . edu / faculty / steve / so
ftware / matvec/$[][][][]\OT1/ptm/m/n/10 ),
 []


Overfull \hbox (15.7395pt too wide) in paragraph at lines 582--595
[] 
 []

l2hSize :xtabular1359:212.5pt::207.5pt::349.0pt.
[21


]
Overfull \hbox (122.2695pt too wide) in paragraph at lines 601--619
[] 
 []

l2hSize :xtabular1396:98.5pt::93.5pt::349.0pt.
[22


]
Underfull \hbox (badness 10000) in paragraph at lines 633--634
[]\OT1/ptm/m/n/10 Prints a sum-mary of the pedi-gree meta-data stored in the
 []


Underfull \hbox (badness 8038) in paragraph at lines 634--635
[]\OT1/ptm/m/n/10 Returns a sum-mary of the pedi-gree meta-data stored in the
 []


Overfull \hbox (1.8197pt too wide) in paragraph at lines 624--636
[] 
 []

l2hSize :xtabular1420:110.5pt::105.5pt::349.0pt.
[23


]
Overfull \hbox (16.18987pt too wide) in paragraph at lines 642--646
[] 
 []

l2hSize :xtabular1441:20.5pt::15.5pt::349.0pt.
[24


]
Underfull \hbox (badness 7151) in paragraph at lines 653--654
[]\OT1/ptm/m/n/10 Calls \OT1/pcr/m/n/10 pyp_-nrm.fast_-a_-matrix() \OT1/ptm/m/n
/10 or \OT1/pcr/m/n/10 pyp_-nrm.fast_-a_-
 []


Overfull \hbox (26.26933pt too wide) in paragraph at lines 651--659
[] 
 []

l2hSize :xtabular1459:62.5pt::57.5pt::349.0pt.
[25


]
l2hSize :tex2html_wrap_inline8619:8.14003pt::0.0pt::10.98851pt.
[26


]
Overfull \hbox (38.23723pt too wide) in paragraph at lines 673--679
[] 
 []

l2hSize :xtabular1699:26.5pt::21.5pt::349.0pt.
[27


]
l2hSize :tex2html_wrap_inline8629:7.24997pt::7.24997pt::12.05446pt.
[28


]
l2hSize :tex2html_wrap_inline8631:7.44444pt::7.44444pt::8.72517pt.
[29


]
l2hSize :tex2html_wrap_inline8635:6.74997pt::0.0pt::6.50238pt.
[30


]
l2hSize :tex2html_wrap_inline8637:7.33331pt::7.33331pt::22.09973pt.
[31


]
l2hSize :tex2html_wrap_inline8639:7.33331pt::7.33331pt::23.00714pt.
[32


]
l2hSize :tex2html_wrap_indisplay8641:14.09839pt::14.09839pt::78.90471pt.
[33


]
l2hSize :tex2html_wrap_indisplay8643:13.70952pt::13.70952pt::57.13858pt.
[34


]
l2hSize :tex2html_wrap_inline8645:7.33331pt::7.33331pt::16.13086pt.
[35


]
l2hSize :tex2html_wrap_inline8647:7.33331pt::7.33331pt::13.71883pt.
[36


]
l2hSize :tex2html_wrap_inline8649:7.44444pt::7.44444pt::14.80565pt.
[37


]
l2hSize :tex2html_wrap_inline8657:8.0pt::8.0pt::224.32613pt.
[38


]
l2hSize :tex2html_wrap_inline8659:7.44444pt::7.44444pt::10.23354pt.
[39


]
l2hSize :tex2html_wrap_inline8661:7.44444pt::7.44444pt::6.47229pt.
[40


]
l2hSize :tex2html_wrap_inline8663:6.74997pt::0.0pt::5.18753pt.
[41


]
l2hSize :tex2html_wrap_inline8665:6.94444pt::0.0pt::5.7049pt.
[42


]
l2hSize :tex2html_wrap_inline8669:7.33331pt::7.33331pt::13.97343pt.
[43


]
l2hSize :tex2html_wrap_inline8671:6.74997pt::0.0pt::3.94516pt.
[44


]
l2hSize :tex2html_wrap_inline8673:7.24997pt::7.24997pt::5.19052pt.
[45


]
l2hSize :tex2html_wrap_inline8679:8.00006pt::8.00006pt::51.96758pt.
[46


]
l2hSize :tex2html_wrap_inline8681:6.83331pt::0.0pt::5.68057pt.
[47


]
l2hSize :tex2html_wrap_inline8683:7.24997pt::7.24997pt::154.38899pt.
[48


]
l2hSize :tex2html_wrap_indisplay8687:14.76508pt::14.76508pt::111.86887pt.
[49


]
l2hSize :tex2html_wrap_inline8689:7.33331pt::7.33331pt::19.95695pt.
[50


]
l2hSize :tex2html_wrap_inline8691:7.33331pt::7.33331pt::19.78406pt.
[51


]
l2hSize :tex2html_wrap_inline8693:7.33331pt::7.33331pt::20.1726pt.
[52


]
l2hSize :tex2html_wrap_inline8697:7.44444pt::7.44444pt::9.69pt.
[53


]
l2hSize :tex2html_wrap_indisplay8699:13.70952pt::13.70952pt::47.16281pt.
[54


]
l2hSize :tex2html_wrap_inline8701:7.24997pt::7.24997pt::8.86057pt.
[55


]
l2hSize :tex2html_wrap_inline8711:7.44444pt::7.44444pt::10.04834pt.
[56


]
l2hSize :tex2html_wrap_indisplay8713:18.83005pt::18.83005pt::48.7643pt.
[57


]
l2hSize :tex2html_wrap_inline8717:7.24997pt::7.24997pt::8.3409pt.
[58


]
l2hSize :tex2html_wrap_indisplay8733:13.70952pt::13.70952pt::47.498pt.
[59


]
l2hSize :tex2html_wrap_inline8735:7.24997pt::7.24997pt::8.29344pt.
[60


]
l2hSize :tex2html_wrap_indisplay8739:11.57062pt::11.57062pt::59.189pt.
[61


]
l2hSize :tex2html_wrap_inline8741:7.24997pt::7.24997pt::9.44994pt.
[62


]
l2hSize :tex2html_wrap_inline8743:7.24997pt::7.24997pt::10.70609pt.
[63


]
l2hSize :tex2html_wrap_inline8787:7.44444pt::7.44444pt::27.45569pt.
[64


]
l2hSize :tex2html_wrap_indisplay8793:7.44444pt::7.44444pt::107.45563pt.
[65


]
l2hSize :tex2html_wrap_inline8795:6.74997pt::0.0pt::13.27785pt.
[66


]
l2hSize :tex2html_wrap_inline8797:8.0pt::8.0pt::65.7292pt.
[67


]

LaTeX Warning: File `pedfromstring.eps' not found on input line 958.


! LaTeX Error: File `pedfromstring.eps' not found.

See the LaTeX manual or LaTeX Companion for explanation.
Type  H <return>  for immediate help.
 ...                                              
                                                  
l.958 ...udegraphics[width=4in]{pedfromstring.eps}
                                                  %
Try typing  <return>  to proceed.
If that doesn't work, type  X <return>  to quit.


! LaTeX Error: Cannot determine size of graphic in pedfromstring.eps (no Boundi
ngBox).

See the LaTeX manual or LaTeX Companion for explanation.
Type  H <return>  for immediate help.
 ...                                              
                                                  
l.958 ...udegraphics[width=4in]{pedfromstring.eps}
                                                  %
Try typing  <return>  to proceed.
If that doesn't work, type  X <return>  to quit.

File: pedfromstring.eps Graphic file (type eps)
<pedfromstring.eps>
l2hSize :tex2html_wrap8809:289.15935pt::0.0pt::349.0pt.
[68


]
l2hSize :xtabular2273:56.5pt::51.5pt::349.0pt.
[69


]

LaTeX Warning: File `boichard2Pedigree.eps' not found on input line 984.


! LaTeX Error: File `boichard2Pedigree.eps' not found.

See the LaTeX manual or LaTeX Companion for explanation.
Type  H <return>  for immediate help.
 ...                                              
                                                  
l.984 ...raphics[width=4in]{boichard2Pedigree.eps}
                                                  %
Try typing  <return>  to proceed.
If that doesn't work, type  X <return>  to quit.


! LaTeX Error: Cannot determine size of graphic in boichard2Pedigree.eps (no Bo
undingBox).

See the LaTeX manual or LaTeX Companion for explanation.
Type  H <return>  for immediate help.
 ...                                              
                                                  
l.984 ...raphics[width=4in]{boichard2Pedigree.eps}
                                                  %
Try typing  <return>  to proceed.
If that doesn't work, type  X <return>  to quit.

File: boichard2Pedigree.eps Graphic file (type eps)
<boichard2Pedigree.eps>
l2hSize :tex2html_wrap8821:289.15935pt::0.0pt::349.0pt.
[70


]

LaTeX Warning: File `BoichardPedigreeBasic.eps' not found on input line 990.


! LaTeX Error: File `BoichardPedigreeBasic.eps' not found.

See the LaTeX manual or LaTeX Companion for explanation.
Type  H <return>  for immediate help.
 ...                                              
                                                  
l.990 ...ics[width=3in]{BoichardPedigreeBasic.eps}
                                                  %
Try typing  <return>  to proceed.
If that doesn't work, type  X <return>  to quit.


! LaTeX Error: Cannot determine size of graphic in BoichardPedigreeBasic.eps (n
o BoundingBox).

See the LaTeX manual or LaTeX Companion for explanation.
Type  H <return>  for immediate help.
 ...                                              
                                                  
l.990 ...ics[width=3in]{BoichardPedigreeBasic.eps}
                                                  %
Try typing  <return>  to proceed.
If that doesn't work, type  X <return>  to quit.

File: BoichardPedigreeBasic.eps Graphic file (type eps)
<BoichardPedigreeBasic.eps>
l2hSize :tex2html_wrap8825:216.82208pt::0.0pt::349.0pt.
[71


]

LaTeX Warning: File `dougPRlNotitle.eps' not found on input line 996.


! LaTeX Error: File `dougPRlNotitle.eps' not found.

See the LaTeX manual or LaTeX Companion for explanation.
Type  H <return>  for immediate help.
 ...                                              
                                                  
l.996 ...degraphics[width=4in]{dougPRlNotitle.eps}
                                                  %
Try typing  <return>  to proceed.
If that doesn't work, type  X <return>  to quit.


! LaTeX Error: Cannot determine size of graphic in dougPRlNotitle.eps (no Bound
ingBox).

See the LaTeX manual or LaTeX Companion for explanation.
Type  H <return>  for immediate help.
 ...                                              
                                                  
l.996 ...degraphics[width=4in]{dougPRlNotitle.eps}
                                                  %
Try typing  <return>  to proceed.
If that doesn't work, type  X <return>  to quit.

File: dougPRlNotitle.eps Graphic file (type eps)
<dougPRlNotitle.eps>
l2hSize :tex2html_wrap8829:289.15935pt::0.0pt::349.0pt.
[72


]

LaTeX Warning: File `newfoundland.eps' not found on input line 1002.


! LaTeX Error: File `newfoundland.eps' not found.

See the LaTeX manual or LaTeX Companion for explanation.
Type  H <return>  for immediate help.
 ...                                              
                                                  
l.1002 ...udegraphics[width=4in]{newfoundland.eps}
                                                  %
Try typing  <return>  to proceed.
If that doesn't work, type  X <return>  to quit.


! LaTeX Error: Cannot determine size of graphic in newfoundland.eps (no Boundin
gBox).

See the LaTeX manual or LaTeX Companion for explanation.
Type  H <return>  for immediate help.
 ...                                              
                                                  
l.1002 ...udegraphics[width=4in]{newfoundland.eps}
                                                  %
Try typing  <return>  to proceed.
If that doesn't work, type  X <return>  to quit.

File: newfoundland.eps Graphic file (type eps)
<newfoundland.eps>
l2hSize :tex2html_wrap8833:289.15935pt::0.0pt::349.0pt.
[73


]

LaTeX Warning: File `ayCoiByYear.eps' not found on input line 1009.


! LaTeX Error: File `ayCoiByYear.eps' not found.

See the LaTeX manual or LaTeX Companion for explanation.
Type  H <return>  for immediate help.
 ...                                              
                                                  
l.1009 ...ludegraphics[width=4in]{ayCoiByYear.eps}
                                                  %
Try typing  <return>  to proceed.
If that doesn't work, type  X <return>  to quit.


! LaTeX Error: Cannot determine size of graphic in ayCoiByYear.eps (no Bounding
Box).

See the LaTeX manual or LaTeX Companion for explanation.
Type  H <return>  for immediate help.
 ...                                              
                                                  
l.1009 ...ludegraphics[width=4in]{ayCoiByYear.eps}
                                                  %
Try typing  <return>  to proceed.
If that doesn't work, type  X <return>  to quit.

File: ayCoiByYear.eps Graphic file (type eps)
<ayCoiByYear.eps>
l2hSize :tex2html_wrap8843:289.15935pt::0.0pt::349.0pt.
[74


]
l2hSize :tex2html_wrap_inline8851:7.24997pt::7.24997pt::16.05556pt.
[75


]

LaTeX Font Warning: Command \scriptsize invalid in math mode on input line 1022
.


LaTeX Font Warning: Command \normalsize invalid in math mode on input line 1045
.

l2hSize :tex2html_wrap_indisplay8853:83.0pt::83.0pt::484.55667pt.

Overfull \hbox (138.55669pt too wide) in paragraph at lines 1047--1048
[]|[] 
 []

[76


]

LaTeX Warning: File `boichard2Pcolor.eps' not found on input line 1052.


! LaTeX Error: File `boichard2Pcolor.eps' not found.

See the LaTeX manual or LaTeX Companion for explanation.
Type  H <return>  for immediate help.
 ...                                              
                                                  
l.1052 ...graphics[width=3in]{boichard2Pcolor.eps}
                                                  %
Try typing  <return>  to proceed.
If that doesn't work, type  X <return>  to quit.


! LaTeX Error: Cannot determine size of graphic in boichard2Pcolor.eps (no Boun
dingBox).

See the LaTeX manual or LaTeX Companion for explanation.
Type  H <return>  for immediate help.
 ...                                              
                                                  
l.1052 ...graphics[width=3in]{boichard2Pcolor.eps}
                                                  %
Try typing  <return>  to proceed.
If that doesn't work, type  X <return>  to quit.

File: boichard2Pcolor.eps Graphic file (type eps)
<boichard2Pcolor.eps>
l2hSize :tex2html_wrap8857:216.82208pt::0.0pt::349.0pt.
[77


]

LaTeX Warning: File `boichard2Spy.eps' not found on input line 1058.


! LaTeX Error: File `boichard2Spy.eps' not found.

See the LaTeX manual or LaTeX Companion for explanation.
Type  H <return>  for immediate help.
 ...                                              
                                                  
l.1058 ...udegraphics[width=3in]{boichard2Spy.eps}
                                                  %
Try typing  <return>  to proceed.
If that doesn't work, type  X <return>  to quit.


! LaTeX Error: Cannot determine size of graphic in boichard2Spy.eps (no Boundin
gBox).

See the LaTeX manual or LaTeX Companion for explanation.
Type  H <return>  for immediate help.
 ...                                              
                                                  
l.1058 ...udegraphics[width=3in]{boichard2Spy.eps}
                                                  %
Try typing  <return>  to proceed.
If that doesn't work, type  X <return>  to quit.

File: boichard2Spy.eps Graphic file (type eps)
<boichard2Spy.eps>
l2hSize :tex2html_wrap8861:216.82208pt::0.0pt::349.0pt.
[78


]
l2hSize :xtabular2494:140.5pt::135.5pt::349.0pt.
[79


]

LaTeX Warning: File `greensDingoPedigree.eps' not found on input line 1097.


! LaTeX Error: File `greensDingoPedigree.eps' not found.

See the LaTeX manual or LaTeX Companion for explanation.
Type  H <return>  for immediate help.
 ...                                              
                                                  
l.1097 ...hics[width=6in]{greensDingoPedigree.eps}
                                                  %
Try typing  <return>  to proceed.
If that doesn't work, type  X <return>  to quit.


! LaTeX Error: Cannot determine size of graphic in greensDingoPedigree.eps (no 
BoundingBox).

See the LaTeX manual or LaTeX Companion for explanation.
Type  H <return>  for immediate help.
 ...                                              
                                                  
l.1097 ...hics[width=6in]{greensDingoPedigree.eps}
                                                  %
Try typing  <return>  to proceed.
If that doesn't work, type  X <return>  to quit.

File: greensDingoPedigree.eps Graphic file (type eps)
<greensDingoPedigree.eps>
Overfull \hbox (84.62pt too wide) detected at line 1099
 [] 
 []

l2hSize :tex2html_wrap8870:433.73903pt::0.0pt::349.0pt.
[80


]

LaTeX Warning: File `BoichardPedigreeColored.eps' not found on input line 1110.



! LaTeX Error: File `BoichardPedigreeColored.eps' not found.

See the LaTeX manual or LaTeX Companion for explanation.
Type  H <return>  for immediate help.
 ...                                              
                                                  
l.1110 ...[width=6in]{BoichardPedigreeColored.eps}
                                                  %
Try typing  <return>  to proceed.
If that doesn't work, type  X <return>  to quit.


! LaTeX Error: Cannot determine size of graphic in BoichardPedigreeColored.eps 
(no BoundingBox).

See the LaTeX manual or LaTeX Companion for explanation.
Type  H <return>  for immediate help.
 ...                                              
                                                  
l.1110 ...[width=6in]{BoichardPedigreeColored.eps}
                                                  %
Try typing  <return>  to proceed.
If that doesn't work, type  X <return>  to quit.

File: BoichardPedigreeColored.eps Graphic file (type eps)
<BoichardPedigreeColored.eps>
Overfull \hbox (84.62pt too wide) detected at line 1112
 [] 
 []

l2hSize :tex2html_wrap8891:433.73903pt::0.0pt::349.0pt.
[81


]
Underfull \hbox (badness 7116) in paragraph at lines 1127--1128
[]\OT1/ptm/m/n/10 Demonstrates use of \OT1/pcr/m/n/10 pyp_-graphics.draw_-
 []


Underfull \hbox (badness 10000) in paragraph at lines 1129--1129
[]\OT1/ptm/m/n/10 new[]-in-breed-
 []


Underfull \hbox (badness 10000) in paragraph at lines 1129--1129
[]\OT1/ptm/m/n/10 new[]-renum-ber-
 []


Underfull \hbox (badness 10000) in paragraph at lines 1130--1130
[]\OT1/ptm/m/n/10 new[]-in-breed-
 []


Underfull \hbox (badness 10000) in paragraph at lines 1130--1130
\OT1/ptm/m/n/10 ing2.ini,
 []


Underfull \hbox (badness 10000) in paragraph at lines 1130--1130
\OT1/ptm/m/n/10 new[]-in-breed-
 []


Underfull \hbox (badness 10000) in paragraph at lines 1130--1130
[]\OT1/ptm/m/n/10 new[]-renum-
 []


Underfull \hbox (badness 10000) in paragraph at lines 1130--1130
\OT1/ptm/m/n/10 ber-ing.ped,
 []


Underfull \hbox (badness 10000) in paragraph at lines 1132--1132
[]\OT1/ptm/m/n/10 new[]-lacy.ini,
 []


Underfull \hbox (badness 10000) in paragraph at lines 1132--1132
[]\OT1/ptm/m/n/10 new[]-lacy.ped,
 []


Underfull \hbox (badness 10000) in paragraph at lines 1133--1134
[]\OT1/ptm/m/n/10 Use of \OT1/pcr/m/n/10 pyp_-metrics.related_-animals()
 []


Underfull \hbox (badness 10000) in paragraph at lines 1134--1134
[]\OT1/ptm/m/n/10 new[]-net-
 []


Underfull \hbox (badness 10000) in paragraph at lines 1136--1136
[]\OT1/ptm/m/n/10 new[]-renum-ber-
 []


Underfull \hbox (badness 10000) in paragraph at lines 1136--1136
[]\OT1/ptm/m/n/10 new[]-renum-ber-
 []


Underfull \hbox (badness 10000) in paragraph at lines 1137--1137
[]\OT1/ptm/m/n/10 new[]-renum-ber-
 []


Overfull \hbox (146.3595pt too wide) in paragraph at lines 1120--1140
[] 
 []

l2hSize :xtabular2725:218.5pt::213.5pt::349.0pt.
[82


]
Overfull \hbox (51.91934pt too wide) in paragraph at lines 1146--1159
[] 
 []

l2hSize :xtabular2755:74.5pt::69.5pt::349.0pt.
[83


]
Overfull \hbox (51.91934pt too wide) in paragraph at lines 1164--1188
[] 
 []

l2hSize :xtabular2776:140.5pt::135.5pt::349.0pt.
[84


] (./images.aux)

LaTeX Warning: There were multiply-defined labels.

 ) 
Here is how much of TeX's memory you used:
 6805 strings out of 93946
 94532 string characters out of 1162066
 181786 words of memory out of 1500000
 9947 multiletter control sequences out of 10000+50000
 8165 words of font info for 28 fonts, out of 1200000 for 2000
 744 hyphenation exceptions out of 8191
 30i,12n,49p,481b,417s stack positions out of 5000i,500n,6000p,200000b,5000s

Output written on images.dvi (84 pages, 117760 bytes).
