Wed, 18 Jul 2012 14:02:14 INFO     Logfile set1.log instantiated.
Wed, 18 Jul 2012 14:02:14 INFO     Preprocessing set1.ped
Wed, 18 Jul 2012 14:02:14 INFO     Opening pedigree file set1.ped
Wed, 18 Jul 2012 14:02:14 INFO     Reached end-of-line in set1.ped after reading 5 lines.
Wed, 18 Jul 2012 14:02:14 INFO     Closing pedigree file
Wed, 18 Jul 2012 14:02:14 INFO     Reordering pedigree
Wed, 18 Jul 2012 14:02:14 INFO     Renumbering pedigree
Wed, 18 Jul 2012 14:02:14 INFO     Updating ID map
Wed, 18 Jul 2012 14:02:14 INFO     Assigning offspring
Wed, 18 Jul 2012 14:02:14 INFO     pyp_utils/assign_offspring() assigned offspring in pedigree Fake Pedigree 1
Wed, 18 Jul 2012 14:02:14 INFO     Logfile set2.log instantiated.
Wed, 18 Jul 2012 14:02:14 INFO     Preprocessing set2.ped
Wed, 18 Jul 2012 14:02:14 INFO     Opening pedigree file set2.ped
Wed, 18 Jul 2012 14:02:14 INFO     Reached end-of-line in set2.ped after reading 5 lines.
Wed, 18 Jul 2012 14:02:14 INFO     Closing pedigree file
Wed, 18 Jul 2012 14:02:14 INFO     Reordering pedigree
Wed, 18 Jul 2012 14:02:14 INFO     Renumbering pedigree
Wed, 18 Jul 2012 14:02:14 INFO     Updating ID map
Wed, 18 Jul 2012 14:02:14 INFO     Assigning offspring
Wed, 18 Jul 2012 14:02:14 INFO     pyp_utils/assign_offspring() assigned offspring in pedigree Fake Pedigree 2
Wed, 18 Jul 2012 14:02:14 INFO     Adding pedigrees Fake Pedigree 1 and Fake Pedigree 2
Wed, 18 Jul 2012 14:02:14 INFO     Using match rule asd to merge pedigrees
Wed, 18 Jul 2012 14:02:14 INFO     Opened file Fake Pedigree 1_Fake Pedigree 2.ped for pedigree save at Wed Jul 18 14:02:14 2012.
Wed, 18 Jul 2012 14:02:14 INFO     Pedigree format code asd being used to write pedigree file Fake Pedigree 1_Fake Pedigree 2.ped in NewPedigree::save().
Wed, 18 Jul 2012 14:02:14 INFO     Closed file Fake Pedigree 1_Fake Pedigree 2.ped after pedigree save at Wed Jul 18 14:02:14 2012.
Wed, 18 Jul 2012 14:02:14 INFO     Opened file Fake Pedigree 1_Fake Pedigree 2.ped for pedigree save in append mode at Wed Jul 18 14:02:14 2012.
Wed, 18 Jul 2012 14:02:14 INFO     Pedigree format code asd being used to write pedigree file Fake Pedigree 1_Fake Pedigree 2.ped in NewPedigree::save().
Wed, 18 Jul 2012 14:02:14 INFO     Closed file Fake Pedigree 1_Fake Pedigree 2.ped after pedigree save at Wed Jul 18 14:02:14 2012.
Wed, 18 Jul 2012 14:02:14 INFO     Logfile Fake Pedigree 1_Fake Pedigree 2.log instantiated.
Wed, 18 Jul 2012 14:02:14 INFO     Preprocessing Fake Pedigree 1_Fake Pedigree 2.ped
Wed, 18 Jul 2012 14:02:14 INFO     Opening pedigree file Fake Pedigree 1_Fake Pedigree 2.ped
Wed, 18 Jul 2012 14:02:14 INFO     Pedigree comment (line 6): # Fake Pedigree 1_Fake Pedigree 2.ped created by PyPedal at Wed Jul 18 14:02:14 2012
Wed, 18 Jul 2012 14:02:14 INFO     Pedigree comment (line 7): # Current pedigree metadata:
Wed, 18 Jul 2012 14:02:14 INFO     Pedigree comment (line 8): #	pedigree file: Fake Pedigree 1_Fake Pedigree 2.ped
Wed, 18 Jul 2012 14:02:14 INFO     Pedigree comment (line 9): #	pedigree name: Fake Pedigree 2
Wed, 18 Jul 2012 14:02:14 INFO     Pedigree comment (line 10): #	pedigree format: asd
Wed, 18 Jul 2012 14:02:14 INFO     Pedigree comment (line 11): #	NOTE: Animal, sire, and dam IDs are original IDs!
Wed, 18 Jul 2012 14:02:14 INFO     Pedigree comment (line 12): # Original pedigree metadata:
Wed, 18 Jul 2012 14:02:14 INFO     Pedigree comment (line 13): #	pedigree file: set2.ped
Wed, 18 Jul 2012 14:02:14 INFO     Pedigree comment (line 14): #	pedigree name: Fake Pedigree 2
Wed, 18 Jul 2012 14:02:14 INFO     Pedigree comment (line 15): #	pedigree format: asd
Wed, 18 Jul 2012 14:02:14 INFO     Reached end-of-line in Fake Pedigree 1_Fake Pedigree 2.ped after reading 20 lines.
Wed, 18 Jul 2012 14:02:14 INFO     Closing pedigree file
Wed, 18 Jul 2012 14:02:14 INFO     Reordering pedigree
Wed, 18 Jul 2012 14:02:14 INFO     Renumbering pedigree
Wed, 18 Jul 2012 14:02:14 INFO     Updating ID map
Wed, 18 Jul 2012 14:02:14 INFO     Assigning offspring
Wed, 18 Jul 2012 14:02:14 INFO     pyp_utils/assign_offspring() assigned offspring in pedigree Merged Pedigree: Fake Pedigree 1 + Fake Pedigree 2
Wed, 18 Jul 2012 14:02:14 INFO     Loaded merged pedigree Merged Pedigree: Fake Pedigree 1 + Fake Pedigree 2 from file Fake Pedigree 1_Fake Pedigree 2.ped.
Wed, 18 Jul 2012 14:02:14 INFO     Logfile set1.log instantiated.
Wed, 18 Jul 2012 14:02:14 INFO     Preprocessing set3.ped
Wed, 18 Jul 2012 14:02:14 INFO     Opening pedigree file set3.ped
Wed, 18 Jul 2012 14:02:14 INFO     Reached end-of-line in set3.ped after reading 3 lines.
Wed, 18 Jul 2012 14:02:14 INFO     Closing pedigree file
Wed, 18 Jul 2012 14:02:14 INFO     Reordering pedigree
Wed, 18 Jul 2012 14:02:14 INFO     Renumbering pedigree
Wed, 18 Jul 2012 14:02:14 INFO     Updating ID map
Wed, 18 Jul 2012 14:02:14 INFO     Assigning offspring
Wed, 18 Jul 2012 14:02:14 INFO     pyp_utils/assign_offspring() assigned offspring in pedigree Fake Pedigree 3
Wed, 18 Jul 2012 14:02:14 INFO     Adding pedigrees Fake Pedigree 1 and Fake Pedigree 3
Wed, 18 Jul 2012 14:02:14 INFO     Using match rule asd to merge pedigrees
Wed, 18 Jul 2012 14:02:14 INFO     Opened file Fake Pedigree 1_Fake Pedigree 3.ped for pedigree save at Wed Jul 18 14:02:14 2012.
Wed, 18 Jul 2012 14:02:14 INFO     Pedigree format code asd being used to write pedigree file Fake Pedigree 1_Fake Pedigree 3.ped in NewPedigree::save().
Wed, 18 Jul 2012 14:02:14 INFO     Closed file Fake Pedigree 1_Fake Pedigree 3.ped after pedigree save at Wed Jul 18 14:02:14 2012.
Wed, 18 Jul 2012 14:02:14 INFO     Opened file Fake Pedigree 1_Fake Pedigree 3.ped for pedigree save in append mode at Wed Jul 18 14:02:14 2012.
Wed, 18 Jul 2012 14:02:14 INFO     Pedigree format code asd being used to write pedigree file Fake Pedigree 1_Fake Pedigree 3.ped in NewPedigree::save().
Wed, 18 Jul 2012 14:02:14 INFO     Closed file Fake Pedigree 1_Fake Pedigree 3.ped after pedigree save at Wed Jul 18 14:02:14 2012.
Wed, 18 Jul 2012 14:02:14 INFO     Logfile Fake Pedigree 1_Fake Pedigree 3.log instantiated.
Wed, 18 Jul 2012 14:02:14 INFO     Preprocessing Fake Pedigree 1_Fake Pedigree 3.ped
Wed, 18 Jul 2012 14:02:14 INFO     Opening pedigree file Fake Pedigree 1_Fake Pedigree 3.ped
Wed, 18 Jul 2012 14:02:14 INFO     Pedigree comment (line 6): # Fake Pedigree 1_Fake Pedigree 3.ped created by PyPedal at Wed Jul 18 14:02:14 2012
Wed, 18 Jul 2012 14:02:14 INFO     Pedigree comment (line 7): # Current pedigree metadata:
Wed, 18 Jul 2012 14:02:14 INFO     Pedigree comment (line 8): #	pedigree file: Fake Pedigree 1_Fake Pedigree 3.ped
Wed, 18 Jul 2012 14:02:14 INFO     Pedigree comment (line 9): #	pedigree name: Fake Pedigree 3
Wed, 18 Jul 2012 14:02:14 INFO     Pedigree comment (line 10): #	pedigree format: asd
Wed, 18 Jul 2012 14:02:14 INFO     Pedigree comment (line 11): #	NOTE: Animal, sire, and dam IDs are original IDs!
Wed, 18 Jul 2012 14:02:14 INFO     Pedigree comment (line 12): # Original pedigree metadata:
Wed, 18 Jul 2012 14:02:14 INFO     Pedigree comment (line 13): #	pedigree file: set3.ped
Wed, 18 Jul 2012 14:02:14 INFO     Pedigree comment (line 14): #	pedigree name: Fake Pedigree 3
Wed, 18 Jul 2012 14:02:14 INFO     Pedigree comment (line 15): #	pedigree format: asd
Wed, 18 Jul 2012 14:02:14 INFO     Reached end-of-line in Fake Pedigree 1_Fake Pedigree 3.ped after reading 18 lines.
Wed, 18 Jul 2012 14:02:14 INFO     Closing pedigree file
Wed, 18 Jul 2012 14:02:14 INFO     Reordering pedigree
Wed, 18 Jul 2012 14:02:14 INFO     Renumbering pedigree
Wed, 18 Jul 2012 14:02:14 INFO     Updating ID map
Wed, 18 Jul 2012 14:02:14 INFO     Assigning offspring
Wed, 18 Jul 2012 14:02:14 INFO     pyp_utils/assign_offspring() assigned offspring in pedigree Merged Pedigree: Fake Pedigree 1 + Fake Pedigree 3
Wed, 18 Jul 2012 14:02:14 INFO     Loaded merged pedigree Merged Pedigree: Fake Pedigree 1 + Fake Pedigree 3 from file Fake Pedigree 1_Fake Pedigree 3.ped.
