Fri, 06 Jul 2012 21:15:28 INFO     Logfile set2.log instantiated.
Fri, 06 Jul 2012 21:15:28 INFO     Preprocessing set2.ped
Fri, 06 Jul 2012 21:15:28 INFO     Opening pedigree file set2.ped
Fri, 06 Jul 2012 21:15:28 INFO     Reached end-of-line in set2.ped after reading 6 lines.
Fri, 06 Jul 2012 21:15:28 INFO     Closing pedigree file
Fri, 06 Jul 2012 21:15:28 INFO     Reordering pedigree
Fri, 06 Jul 2012 21:15:28 INFO     Renumbering pedigree
Fri, 06 Jul 2012 21:15:28 INFO     Updating ID map
Fri, 06 Jul 2012 21:15:28 INFO     Assigning offspring
Fri, 06 Jul 2012 21:15:28 INFO     pyp_utils/assign_offspring() assigned offspring in pedigree Fake Pedigree 2
Fri, 06 Jul 2012 21:15:28 INFO     Logfile set2.log instantiated.
Fri, 06 Jul 2012 21:15:28 INFO     Preprocessing set2.ped
Fri, 06 Jul 2012 21:15:28 INFO     Opening pedigree file set2.ped
Fri, 06 Jul 2012 21:15:28 INFO     Reached end-of-line in set2.ped after reading 6 lines.
Fri, 06 Jul 2012 21:15:28 INFO     Closing pedigree file
Fri, 06 Jul 2012 21:15:28 INFO     Reordering pedigree
Fri, 06 Jul 2012 21:15:28 INFO     Renumbering pedigree
Fri, 06 Jul 2012 21:15:28 INFO     Updating ID map
Fri, 06 Jul 2012 21:15:28 INFO     Assigning offspring
Fri, 06 Jul 2012 21:15:28 INFO     pyp_utils/assign_offspring() assigned offspring in pedigree Fake Pedigree 2
Fri, 06 Jul 2012 21:15:28 INFO     Adding pedigrees Fake Pedigree 2 and Fake Pedigree 2
Fri, 06 Jul 2012 21:15:28 INFO     Using match rule asd to merge pedigrees
Fri, 06 Jul 2012 21:15:28 INFO     Opened file Fake Pedigree 2_Fake Pedigree 2.ped for pedigree save at Fri Jul  6 21:15:28 2012.
Fri, 06 Jul 2012 21:15:28 INFO     Pedigree format code asd being used to write pedigree file Fake Pedigree 2_Fake Pedigree 2.ped in NewPedigree::save().
Fri, 06 Jul 2012 21:15:28 INFO     Closed file Fake Pedigree 2_Fake Pedigree 2.ped after pedigree save at Fri Jul  6 21:15:28 2012.
Fri, 06 Jul 2012 21:15:28 INFO     Opened file Fake Pedigree 2_Fake Pedigree 2.ped for pedigree save in append mode at Fri Jul  6 21:15:28 2012.
Fri, 06 Jul 2012 21:15:28 INFO     Pedigree format code asd being used to write pedigree file Fake Pedigree 2_Fake Pedigree 2.ped in NewPedigree::save().
Fri, 06 Jul 2012 21:15:28 ERROR    Unable to open file Fake Pedigree 2_Fake Pedigree 2.ped for pedigree save.
Fri, 06 Jul 2012 21:15:28 INFO     Logfile Fake Pedigree 2_Fake Pedigree 2.log instantiated.
Fri, 06 Jul 2012 21:15:28 INFO     Preprocessing Fake Pedigree 2_Fake Pedigree 2.ped
Fri, 06 Jul 2012 21:15:28 INFO     Opening pedigree file Fake Pedigree 2_Fake Pedigree 2.ped
Fri, 06 Jul 2012 21:15:28 INFO     Pedigree comment (line 7): # Fake Pedigree 2_Fake Pedigree 2.ped created by PyPedal at Fri Jul  6 21:15:28 2012
Fri, 06 Jul 2012 21:15:28 INFO     Pedigree comment (line 8): # Current pedigree metadata:
Fri, 06 Jul 2012 21:15:28 INFO     Pedigree comment (line 9): #	pedigree file: Fake Pedigree 2_Fake Pedigree 2.ped
Fri, 06 Jul 2012 21:15:28 INFO     Pedigree comment (line 10): #	pedigree name: Fake Pedigree 2
Fri, 06 Jul 2012 21:15:28 INFO     Pedigree comment (line 11): #	pedigree format: asd
Fri, 06 Jul 2012 21:15:28 INFO     Pedigree comment (line 12): #	NOTE: Animal, sire, and dam IDs are RENUMBERED IDs, not original IDs!
Fri, 06 Jul 2012 21:15:28 INFO     Pedigree comment (line 13): # Original pedigree metadata:
Fri, 06 Jul 2012 21:15:28 INFO     Pedigree comment (line 14): #	pedigree file: set2.ped
Fri, 06 Jul 2012 21:15:28 INFO     Pedigree comment (line 15): #	pedigree name: Fake Pedigree 2
Fri, 06 Jul 2012 21:15:28 INFO     Pedigree comment (line 16): #	pedigree format: asd
Fri, 06 Jul 2012 21:15:28 INFO     Reached end-of-line in Fake Pedigree 2_Fake Pedigree 2.ped after reading 16 lines.
Fri, 06 Jul 2012 21:15:28 INFO     Closing pedigree file
Fri, 06 Jul 2012 21:15:28 INFO     Reordering pedigree
Fri, 06 Jul 2012 21:15:28 INFO     Renumbering pedigree
Fri, 06 Jul 2012 21:15:28 INFO     Updating ID map
Fri, 06 Jul 2012 21:15:28 INFO     Assigning offspring
Fri, 06 Jul 2012 21:15:28 INFO     pyp_utils/assign_offspring() assigned offspring in pedigree Merged Pedigree: Fake Pedigree 2 + Fake Pedigree 2
Fri, 06 Jul 2012 21:15:28 INFO     Cannot complete __add__() operation becuase types do not match.
