This is pdfTeX, Version 3.1415926-2.3-1.40.12 (TeX Live 2011/Fink) (format=latex 2012.7.6)  6 JUL 2012 17:42
entering extended mode
 restricted \write18 enabled.
 %&-line parsing enabled.
**pypedal
(/Users/jcole/Documents/pypedal/PyPedal/doc/pypedal.tex
LaTeX2e <2009/09/24>
Babel <v3.8l> and hyphenation patterns for english, dumylang, nohyphenation, ge
rman-x-2009-06-19, ngerman-x-2009-06-19, afrikaans, ancientgreek, ibycus, arabi
c, armenian, basque, bulgarian, catalan, pinyin, coptic, croatian, czech, danis
h, dutch, ukenglish, usenglishmax, esperanto, estonian, ethiopic, farsi, finnis
h, french, galician, german, ngerman, swissgerman, monogreek, greek, hungarian,
 icelandic, assamese, bengali, gujarati, hindi, kannada, malayalam, marathi, or
iya, panjabi, tamil, telugu, indonesian, interlingua, irish, italian, kurmanji,
 lao, latin, latvian, lithuanian, mongolian, mongolianlmc, bokmal, nynorsk, pol
ish, portuguese, romanian, russian, sanskrit, serbian, serbianc, slovak, sloven
ian, spanish, swedish, turkish, turkmen, ukrainian, uppersorbian, welsh, loaded
.
(/Users/jcole/Documents/pypedal/PyPedal/doc/manual.cls
Document Class: manual 1998/03/03 Document class (Python manual)
(/sw/share/texmf-dist/tex/generic/oberdiek/ifpdf.sty
Package: ifpdf 2011/01/30 v2.3 Provides the ifpdf switch (HO)
Package ifpdf Info: pdfTeX in PDF mode is not detected.
)
(/Users/jcole/Documents/pypedal/PyPedal/doc/pypaper.sty
(/sw/share/texmf-dist/tex/latex/psnfss/times.sty
Package: times 2005/04/12 PSNFSS-v9.2a (SPQR) 
)
Using Times instead of Computer Modern.
) (/sw/share/texmf-dist/tex/latex/fancybox/fancybox.sty
Package: fancybox 2010/05/15 1.4

Style option: `fancybox' v1.4 <2010/05/15> (tvz)
\@fancybox=\box26
\shadowsize=\dimen102
\@Sbox=\box27
\do@VerbBox=\toks14
\the@fancyput=\toks15
\this@fancyput=\toks16
\EndVerbatimTokens=\toks17
\Verbatim@Outfile=\write3
\Verbatim@Infile=\read1
) (/sw/share/texmf-dist/tex/latex/base/report.cls
Document Class: report 2007/10/19 v1.4h Standard LaTeX document class
(/sw/share/texmf-dist/tex/latex/base/size10.clo
File: size10.clo 2007/10/19 v1.4h Standard LaTeX file (size option)
)
\c@part=\count79
\c@chapter=\count80
\c@section=\count81
\c@subsection=\count82
\c@subsubsection=\count83
\c@paragraph=\count84
\c@subparagraph=\count85
\c@figure=\count86
\c@table=\count87
\abovecaptionskip=\skip41
\belowcaptionskip=\skip42
\bibindent=\dimen103
)
(/Users/jcole/Documents/pypedal/PyPedal/doc/fancyhdr.sty
\headwidth=\dimen104
)
Using fancier footers than usual.
(/Users/jcole/Documents/pypedal/PyPedal/doc/fncychap.sty
Package: fncychap 1997/04/06 v1.11 LaTeX package (Revised chapters)
\RW=\skip43
\mylen=\skip44
\myhi=\skip45
\px=\skip46
\py=\skip47
\pyy=\skip48
\pxx=\skip49
\c@AlphaCnt=\count88
\c@AlphaDecCnt=\count89
)
Using fancy chapter headings.
(/Users/jcole/Documents/pypedal/PyPedal/doc/python.sty
Package: python 1998/01/11 LaTeX package (Python markup)

(/sw/share/texmf-dist/tex/latex/tools/longtable.sty
Package: longtable 2004/02/01 v4.11 Multi-page Table package (DPC)
\LTleft=\skip50
\LTright=\skip51
\LTpre=\skip52
\LTpost=\skip53
\LTchunksize=\count90
\LTcapwidth=\dimen105
\LT@head=\box28
\LT@firsthead=\box29
\LT@foot=\box30
\LT@lastfoot=\box31
\LT@cols=\count91
\LT@rows=\count92
\c@LT@tables=\count93
\c@LT@chunks=\count94
\LT@p@ftn=\toks18
)
(/sw/share/texmf-dist/tex/latex/tools/verbatim.sty
Package: verbatim 2003/08/22 v1.5q LaTeX2e package for verbatim enhancements
\every@verbatim=\toks19
\verbatim@line=\toks20
\verbatim@in@stream=\read2
)
\py@codewidth=\skip54

(/sw/share/texmf-dist/tex/latex/base/alltt.sty
Package: alltt 1997/06/16 v2.0g defines alltt environment
)
\py@ModSynopsisFile=\write4

(/Users/jcole/Documents/pypedal/PyPedal/doc/underscore.sty
Package: underscore 2001/10/12
LaTeX Info: Redefining \_ on input line 34.
)
\py@argswidth=\skip55
\py@noticelength=\skip56
\c@py@tablenotescounter=\count95
))
(/sw/share/texmf-dist/tex/latex/amsmath/amsmath.sty
Package: amsmath 2000/07/18 v2.13 AMS math features
\@mathmargin=\skip57

For additional information on amsmath, use the `?' option.
(/sw/share/texmf-dist/tex/latex/amsmath/amstext.sty
Package: amstext 2000/06/29 v2.01

(/sw/share/texmf-dist/tex/latex/amsmath/amsgen.sty
File: amsgen.sty 1999/11/30 v2.0
\@emptytoks=\toks21
\ex@=\dimen106
))
(/sw/share/texmf-dist/tex/latex/amsmath/amsbsy.sty
Package: amsbsy 1999/11/29 v1.2d
\pmbraise@=\dimen107
)
(/sw/share/texmf-dist/tex/latex/amsmath/amsopn.sty
Package: amsopn 1999/12/14 v2.01 operator names
)
\inf@bad=\count96
LaTeX Info: Redefining \frac on input line 211.
\uproot@=\count97
\leftroot@=\count98
LaTeX Info: Redefining \overline on input line 307.
\classnum@=\count99
\DOTSCASE@=\count100
LaTeX Info: Redefining \ldots on input line 379.
LaTeX Info: Redefining \dots on input line 382.
LaTeX Info: Redefining \cdots on input line 467.
\Mathstrutbox@=\box32
\strutbox@=\box33
\big@size=\dimen108
LaTeX Font Info:    Redeclaring font encoding OML on input line 567.
LaTeX Font Info:    Redeclaring font encoding OMS on input line 568.
\macc@depth=\count101
\c@MaxMatrixCols=\count102
\dotsspace@=\muskip10
\c@parentequation=\count103
\dspbrk@lvl=\count104
\tag@help=\toks22
\row@=\count105
\column@=\count106
\maxfields@=\count107
\andhelp@=\toks23
\eqnshift@=\dimen109
\alignsep@=\dimen110
\tagshift@=\dimen111
\tagwidth@=\dimen112
\totwidth@=\dimen113
\lineht@=\dimen114
\@envbody=\toks24
\multlinegap=\skip58
\multlinetaggap=\skip59
\mathdisplay@stack=\toks25
LaTeX Info: Redefining \[ on input line 2666.
LaTeX Info: Redefining \] on input line 2667.
)
(/sw/share/texmf-dist/tex/latex/amsfonts/amssymb.sty
Package: amssymb 2009/06/22 v3.00

(/sw/share/texmf-dist/tex/latex/amsfonts/amsfonts.sty
Package: amsfonts 2009/06/22 v3.00 Basic AMSFonts support
\symAMSa=\mathgroup4
\symAMSb=\mathgroup5
LaTeX Font Info:    Overwriting math alphabet `\mathfrak' in version `bold'
(Font)                  U/euf/m/n --> U/euf/b/n on input line 96.
))
(/sw/share/texmf-dist/tex/latex/base/inputenc.sty
Package: inputenc 2008/03/30 v1.1d Input encoding file
\inpenc@prehook=\toks26
\inpenc@posthook=\toks27

(/sw/share/texmf-dist/tex/latex/base/latin1.def
File: latin1.def 2008/03/30 v1.1d Input encoding file
))
(/sw/share/texmf-dist/tex/latex/base/textcomp.sty
Package: textcomp 2005/09/27 v1.99g Standard LaTeX package
Package textcomp Info: Sub-encoding information:
(textcomp)               5 = only ISO-Adobe without \textcurrency
(textcomp)               4 = 5 + \texteuro
(textcomp)               3 = 4 + \textohm
(textcomp)               2 = 3 + \textestimated + \textcurrency
(textcomp)               1 = TS1 - \textcircled - \t
(textcomp)               0 = TS1 (full)
(textcomp)             Font families with sub-encoding setting implement
(textcomp)             only a restricted character set as indicated.
(textcomp)             Family '?' is the default used for unknown fonts.
(textcomp)             See the documentation for details.
Package textcomp Info: Setting ? sub-encoding to TS1/1 on input line 71.

(/sw/share/texmf-dist/tex/latex/base/ts1enc.def
File: ts1enc.def 2001/06/05 v3.0e (jk/car/fm) Standard LaTeX file
)
LaTeX Info: Redefining \oldstylenums on input line 266.
Package textcomp Info: Setting cmr sub-encoding to TS1/0 on input line 281.
Package textcomp Info: Setting cmss sub-encoding to TS1/0 on input line 282.
Package textcomp Info: Setting cmtt sub-encoding to TS1/0 on input line 283.
Package textcomp Info: Setting cmvtt sub-encoding to TS1/0 on input line 284.
Package textcomp Info: Setting cmbr sub-encoding to TS1/0 on input line 285.
Package textcomp Info: Setting cmtl sub-encoding to TS1/0 on input line 286.
Package textcomp Info: Setting ccr sub-encoding to TS1/0 on input line 287.
Package textcomp Info: Setting ptm sub-encoding to TS1/4 on input line 288.
Package textcomp Info: Setting pcr sub-encoding to TS1/4 on input line 289.
Package textcomp Info: Setting phv sub-encoding to TS1/4 on input line 290.
Package textcomp Info: Setting ppl sub-encoding to TS1/3 on input line 291.
Package textcomp Info: Setting pag sub-encoding to TS1/4 on input line 292.
Package textcomp Info: Setting pbk sub-encoding to TS1/4 on input line 293.
Package textcomp Info: Setting pnc sub-encoding to TS1/4 on input line 294.
Package textcomp Info: Setting pzc sub-encoding to TS1/4 on input line 295.
Package textcomp Info: Setting bch sub-encoding to TS1/4 on input line 296.
Package textcomp Info: Setting put sub-encoding to TS1/5 on input line 297.
Package textcomp Info: Setting uag sub-encoding to TS1/5 on input line 298.
Package textcomp Info: Setting ugq sub-encoding to TS1/5 on input line 299.
Package textcomp Info: Setting ul8 sub-encoding to TS1/4 on input line 300.
Package textcomp Info: Setting ul9 sub-encoding to TS1/4 on input line 301.
Package textcomp Info: Setting augie sub-encoding to TS1/5 on input line 302.
Package textcomp Info: Setting dayrom sub-encoding to TS1/3 on input line 303.
Package textcomp Info: Setting dayroms sub-encoding to TS1/3 on input line 304.

Package textcomp Info: Setting pxr sub-encoding to TS1/0 on input line 305.
Package textcomp Info: Setting pxss sub-encoding to TS1/0 on input line 306.
Package textcomp Info: Setting pxtt sub-encoding to TS1/0 on input line 307.
Package textcomp Info: Setting txr sub-encoding to TS1/0 on input line 308.
Package textcomp Info: Setting txss sub-encoding to TS1/0 on input line 309.
Package textcomp Info: Setting txtt sub-encoding to TS1/0 on input line 310.
Package textcomp Info: Setting futs sub-encoding to TS1/4 on input line 311.
Package textcomp Info: Setting futx sub-encoding to TS1/4 on input line 312.
Package textcomp Info: Setting futj sub-encoding to TS1/4 on input line 313.
Package textcomp Info: Setting hlh sub-encoding to TS1/3 on input line 314.
Package textcomp Info: Setting hls sub-encoding to TS1/3 on input line 315.
Package textcomp Info: Setting hlst sub-encoding to TS1/3 on input line 316.
Package textcomp Info: Setting hlct sub-encoding to TS1/5 on input line 317.
Package textcomp Info: Setting hlx sub-encoding to TS1/5 on input line 318.
Package textcomp Info: Setting hlce sub-encoding to TS1/5 on input line 319.
Package textcomp Info: Setting hlcn sub-encoding to TS1/5 on input line 320.
Package textcomp Info: Setting hlcw sub-encoding to TS1/5 on input line 321.
Package textcomp Info: Setting hlcf sub-encoding to TS1/5 on input line 322.
Package textcomp Info: Setting pplx sub-encoding to TS1/3 on input line 323.
Package textcomp Info: Setting pplj sub-encoding to TS1/3 on input line 324.
Package textcomp Info: Setting ptmx sub-encoding to TS1/4 on input line 325.
Package textcomp Info: Setting ptmj sub-encoding to TS1/4 on input line 326.
)
(/sw/share/texmf-dist/tex/latex/preprint/fullpage.sty
Package: fullpage 1999/02/23 1.1 (PWD)
\FP@margin=\skip60
)
(/sw/share/texmf-dist/tex/latex/graphics/graphicx.sty
Package: graphicx 1999/02/16 v1.0f Enhanced LaTeX Graphics (DPC,SPQR)

(/sw/share/texmf-dist/tex/latex/graphics/keyval.sty
Package: keyval 1999/03/16 v1.13 key=value parser (DPC)
\KV@toks@=\toks28
)
(/sw/share/texmf-dist/tex/latex/graphics/graphics.sty
Package: graphics 2009/02/05 v1.0o Standard LaTeX Graphics (DPC,SPQR)

(/sw/share/texmf-dist/tex/latex/graphics/trig.sty
Package: trig 1999/03/16 v1.09 sin cos tan (DPC)
)
(/sw/share/texmf-dist/tex/latex/latexconfig/graphics.cfg
File: graphics.cfg 2010/04/23 v1.9 graphics configuration of TeX Live
)
Package graphics Info: Driver file: dvips.def on input line 91.

(/sw/share/texmf-dist/tex/latex/graphics/dvips.def
File: dvips.def 1999/02/16 v3.0i Driver-dependant file (DPC,SPQR)
))
\Gin@req@height=\dimen115
\Gin@req@width=\dimen116
)
(/sw/share/texmf-dist/tex/latex/url/url.sty
\Urlmuskip=\muskip11
Package: url 2006/04/12  ver 3.3  Verb mode for urls, etc.
)
(/sw/share/texmf-dist/tex/latex/index/index.sty
Package: index 2004/01/20 v4.2beta Improved index support (dmj)
\@indexbox=\insert233
\indexproofstyle=\toks29
)
(/Users/jcole/Documents/pypedal/PyPedal/doc/chicago.sty
Using Chicago Manual of Style bibliography: 31 August 1992
\bibhang=\skip61
\bibindent=\dimen117
) (/sw/share/texmf-dist/tex/latex/xtab/xtab.sty
Package: xtab 2010/02/06 v2.3e Extended supertabular package
\c@tracingst=\count108
\PWSTcapht=\dimen118
\ST@wd=\dimen119
\ST@rightskip=\skip62
\ST@leftskip=\skip63
\ST@parfillskip=\skip64
\c@PWSTtable=\count109
\PWSTlastpage=\count110
\PWSTpenultimate=\count111
\PWSTcurpage=\count112
\PWSTtempc=\count113
\PWSTlines=\count114
\PWST@lastht=\dimen120
\PWST@generalht=\dimen121
\PWST@ht=\dimen122
\ST@pageleft=\dimen123
\ST@headht=\dimen124
\ST@tailht=\dimen125
\ST@pagesofar=\dimen126
\ST@pboxht=\dimen127
\ST@lineht=\dimen128
\ST@stretchht=\dimen129
\ST@prevht=\dimen130
\ST@toadd=\dimen131
\ST@dimen=\dimen132
\ST@pbox=\box34
)
(/sw/share/texmf-dist/tex/latex/multirow/multirow.sty
\bigstrutjot=\dimen133
)
(/sw/share/texmf-dist/tex/latex/psnfss/courier.sty
Package: courier 2005/04/12 PSNFSS-v9.2a (WaS) 
)
(/sw/share/texmf-dist/tex/latex/graphics/color.sty
Package: color 2005/11/14 v1.0j Standard LaTeX Color (DPC)

(/sw/share/texmf-dist/tex/latex/latexconfig/color.cfg
File: color.cfg 2007/01/18 v1.5 color configuration of teTeX/TeXLive
)
Package color Info: Driver file: dvips.def on input line 130.

(/sw/share/texmf-dist/tex/latex/graphics/dvipsnam.def
File: dvipsnam.def 1999/02/16 v3.0i Driver-dependant file (DPC,SPQR)
))
(/sw/share/texmf-dist/tex/latex/hyperref/hyperref.sty
Package: hyperref 2011/04/17 v6.82g Hypertext links for LaTeX

(/sw/share/texmf-dist/tex/generic/oberdiek/hobsub-hyperref.sty
Package: hobsub-hyperref 2011/04/23 v1.4 Bundle oberdiek, subset hyperref (HO)

(/sw/share/texmf-dist/tex/generic/oberdiek/hobsub-generic.sty
Package: hobsub-generic 2011/04/23 v1.4 Bundle oberdiek, subset generic (HO)
Package: hobsub 2011/04/23 v1.4 Subsetting bundle oberdiek (HO)
Package: infwarerr 2010/04/08 v1.3 Providing info/warning/message (HO)
Package: ltxcmds 2011/04/18 v1.20 LaTeX kernel commands for general use (HO)
Package: ifluatex 2010/03/01 v1.3 Provides the ifluatex switch (HO)
Package ifluatex Info: LuaTeX not detected.
Package: ifvtex 2010/03/01 v1.5 Switches for detecting VTeX and its modes (HO)
Package ifvtex Info: VTeX not detected.
Package: intcalc 2007/09/27 v1.1 Expandable integer calculations (HO)
Package hobsub Info: Skipping package `ifpdf' (already loaded).
Package: etexcmds 2011/02/16 v1.5 Prefix for e-TeX command names (HO)
Package etexcmds Info: Could not find \expanded.
(etexcmds)             That can mean that you are not using pdfTeX 1.50 or
(etexcmds)             that some package has redefined \expanded.
(etexcmds)             In the latter case, load this package earlier.
Package: kvsetkeys 2011/04/07 v1.13 Key value parser (HO)
Package: kvdefinekeys 2011/04/07 v1.3 Defining keys (HO)
Package: pdftexcmds 2011/04/22 v0.16 Utilities of pdfTeX for LuaTeX (HO)
Package pdftexcmds Info: LuaTeX not detected.
Package pdftexcmds Info: \pdf@primitive is available.
Package pdftexcmds Info: \pdf@ifprimitive is available.
Package pdftexcmds Info: \pdfdraftmode is ignored in DVI mode.
Package: pdfescape 2011/04/04 v1.12 Provides string conversions (HO)
Package: bigintcalc 2011/01/30 v1.2 Expandable big integer calculations (HO)
Package: bitset 2011/01/30 v1.1 Data type bit set (HO)
Package: uniquecounter 2011/01/30 v1.2 Provides unlimited unique counter (HO)
)
Package hobsub Info: Skipping package `hobsub' (already loaded).
Package: letltxmacro 2010/09/02 v1.4 Let assignment for LaTeX macros (HO)
Package: hopatch 2011/01/30 v1.0 Wrapper for package hooks (HO)
Package: xcolor-patch 2011/01/30 xcolor patch
Package: atveryend 2011/04/23 v1.7 Hooks at very end of document (HO)
Package atveryend Info: \enddocument detected (standard).
Package: atbegshi 2011/01/30 v1.15 At begin shipout hook (HO)
Package: refcount 2010/12/01 v3.2 Data extraction from references (HO)
Package: hycolor 2011/01/30 v1.7 Color options of hyperref/bookmark (HO)
)
(/sw/share/texmf-dist/tex/generic/ifxetex/ifxetex.sty
Package: ifxetex 2010/09/12 v0.6 Provides ifxetex conditional
)
(/sw/share/texmf-dist/tex/latex/oberdiek/kvoptions.sty
Package: kvoptions 2010/12/23 v3.10 Keyval support for LaTeX options (HO)
)
\@linkdim=\dimen134
\Hy@linkcounter=\count115
\Hy@pagecounter=\count116

(/sw/share/texmf-dist/tex/latex/hyperref/pd1enc.def
File: pd1enc.def 2011/04/17 v6.82g Hyperref: PDFDocEncoding definition (HO)
)
\Hy@SavedSpaceFactor=\count117

(/sw/share/texmf-dist/tex/latex/latexconfig/hyperref.cfg
File: hyperref.cfg 2002/06/06 v1.2 hyperref configuration of TeXLive
)
Package hyperref Info: Option `breaklinks' set `true' on input line 3905.
Package hyperref Info: Option `colorlinks' set `true' on input line 3905.
Package hyperref Info: Hyper figures OFF on input line 4026.
Package hyperref Info: Link nesting OFF on input line 4031.
Package hyperref Info: Hyper index ON on input line 4034.
Package hyperref Info: Plain pages OFF on input line 4041.
Package hyperref Info: Backreferencing OFF on input line 4046.
Package hyperref Info: Implicit mode ON; LaTeX internals redefined.
Package hyperref Info: Bookmarks ON on input line 4264.
\c@Hy@tempcnt=\count118
LaTeX Info: Redefining \url on input line 4617.
\Fld@menulength=\count119
\Field@Width=\dimen135
\Fld@charsize=\dimen136
Package hyperref Info: Hyper figures OFF on input line 5701.
Package hyperref Info: Link nesting OFF on input line 5706.
Package hyperref Info: Hyper index ON on input line 5709.
Package hyperref Info: backreferencing OFF on input line 5716.
Package hyperref Info: Link coloring ON on input line 5719.
Package hyperref Info: Link coloring with OCG OFF on input line 5726.
Package hyperref Info: PDF/A mode OFF on input line 5731.
LaTeX Info: Redefining \ref on input line 5771.
LaTeX Info: Redefining \pageref on input line 5775.
\Hy@abspage=\count120
\c@Item=\count121
\c@Hfootnote=\count122
)

Package hyperref Message: Driver (default): hdvips.

(/sw/share/texmf-dist/tex/latex/hyperref/hdvips.def
File: hdvips.def 2011/04/17 v6.82g Hyperref driver for dvips

(/sw/share/texmf-dist/tex/latex/hyperref/pdfmark.def
File: pdfmark.def 2011/04/17 v6.82g Hyperref definitions for pdfmark specials


Package hyperref Warning: You have enabled option `breaklinks'.
(hyperref)                But driver `hdvips.def' does not suppport this.
(hyperref)                Expect trouble with the link areas of broken links.

\pdf@docset=\toks30
\pdf@box=\box35
\pdf@toks=\toks31
\pdf@defaulttoks=\toks32
\Fld@listcount=\count123
\c@bookmark@seq@number=\count124
(/sw/share/texmf-dist/tex/latex/oberdiek/rerunfilecheck.sty
Package: rerunfilecheck 2011/04/15 v1.7 Rerun checks for auxiliary files (HO)
Package uniquecounter Info: New unique counter `rerunfilecheck' on input line 2
82.
)
\Hy@SectionHShift=\skip65
))
(/sw/share/texmf-dist/tex/latex/listings/listings.sty
\lst@mode=\count125
\lst@gtempboxa=\box36
\lst@token=\toks33
\lst@length=\count126
\lst@currlwidth=\dimen137
\lst@column=\count127
\lst@pos=\count128
\lst@lostspace=\dimen138
\lst@width=\dimen139
\lst@newlines=\count129
\lst@lineno=\count130
\lst@maxwidth=\dimen140

(/sw/share/texmf-dist/tex/latex/listings/lstmisc.sty
File: lstmisc.sty 2007/02/22 1.4 (Carsten Heinz)
\c@lstnumber=\count131
\lst@skipnumbers=\count132
\lst@framebox=\box37
)
(/sw/share/texmf-dist/tex/latex/listings/listings.cfg
File: listings.cfg 2007/02/22 1.4 listings configuration
))
Package: listings 2007/02/22 1.4 (Carsten Heinz)

(/sw/share/texmf-dist/tex/latex/listings/lstlang1.sty
File: lstlang1.sty 2004/09/05 1.3 listings language file
)
\idxtitle@default=\toks34
\tf@default=\write5
\openout5 = `pypedal.idx'.

Package index Info: Writing index file pypedal.idx on input line 137.
\idxtitle@func=\toks35
\tf@func=\write6
\openout6 = `pypedal.fdx'.

Package index Info: Writing index file pypedal.fdx on input line 138.

(/Users/jcole/Documents/pypedal/PyPedal/doc/pypedal.aux)
\openout1 = `pypedal.aux'.

LaTeX Font Info:    Checking defaults for OML/cmm/m/it on input line 140.
LaTeX Font Info:    ... okay on input line 140.
LaTeX Font Info:    Checking defaults for T1/cmr/m/n on input line 140.
LaTeX Font Info:    ... okay on input line 140.
LaTeX Font Info:    Checking defaults for OT1/cmr/m/n on input line 140.
LaTeX Font Info:    ... okay on input line 140.
LaTeX Font Info:    Checking defaults for OMS/cmsy/m/n on input line 140.
LaTeX Font Info:    ... okay on input line 140.
LaTeX Font Info:    Checking defaults for OMX/cmex/m/n on input line 140.
LaTeX Font Info:    ... okay on input line 140.
LaTeX Font Info:    Checking defaults for U/cmr/m/n on input line 140.
LaTeX Font Info:    ... okay on input line 140.
LaTeX Font Info:    Checking defaults for TS1/cmr/m/n on input line 140.
LaTeX Font Info:    Try loading font information for TS1+cmr on input line 140.


(/sw/share/texmf-dist/tex/latex/base/ts1cmr.fd
File: ts1cmr.fd 1999/05/25 v2.5h Standard LaTeX font definitions
)
LaTeX Font Info:    ... okay on input line 140.
LaTeX Font Info:    Checking defaults for PD1/pdf/m/n on input line 140.
LaTeX Font Info:    ... okay on input line 140.
LaTeX Font Info:    Try loading font information for OT1+ptm on input line 140.


(/sw/share/texmf-dist/tex/latex/psnfss/ot1ptm.fd
File: ot1ptm.fd 2001/06/04 font definitions for OT1/ptm.
)
\AtBeginShipoutBox=\box38
Package hyperref Info: Link coloring ON on input line 140.

(/sw/share/texmf-dist/tex/latex/hyperref/nameref.sty
Package: nameref 2010/04/30 v2.40 Cross-referencing by name of section

(/sw/share/texmf-dist/tex/generic/oberdiek/gettitlestring.sty
Package: gettitlestring 2010/12/03 v1.4 Cleanup title references (HO)
)
\c@section@level=\count133
)
LaTeX Info: Redefining \ref on input line 140.
LaTeX Info: Redefining \pageref on input line 140.
LaTeX Info: Redefining \nameref on input line 140.

(/Users/jcole/Documents/pypedal/PyPedal/doc/pypedal.out)
(/Users/jcole/Documents/pypedal/PyPedal/doc/pypedal.out)
\@outlinefile=\write7
\openout7 = `pypedal.out'.

\c@lstlisting=\count134
LaTeX Font Info:    Try loading font information for OT1+phv on input line 143.


(/sw/share/texmf-dist/tex/latex/psnfss/ot1phv.fd
File: ot1phv.fd 2001/06/04 scalable font definitions for OT1/phv.
)
LaTeX Font Info:    Font shape `OT1/phv/m/it' in size <17.28> not available
(Font)              Font shape `OT1/phv/m/sl' tried instead on input line 143.
 [1

]
LaTeX Font Info:    Font shape `OT1/ptm/bx/n' in size <10> not available
(Font)              Font shape `OT1/ptm/b/n' tried instead on input line 144.
LaTeX Font Info:    Try loading font information for OT1+pcr on input line 147.


(/sw/share/texmf-dist/tex/latex/psnfss/ot1pcr.fd
File: ot1pcr.fd 2001/06/04 font definitions for OT1/pcr.
)
LaTeX Font Info:    Try loading font information for U+msa on input line 147.

(/sw/share/texmf-dist/tex/latex/amsfonts/umsa.fd
File: umsa.fd 2009/06/22 v3.00 AMS symbols A
)
LaTeX Font Info:    Try loading font information for U+msb on input line 147.

(/sw/share/texmf-dist/tex/latex/amsfonts/umsb.fd
File: umsb.fd 2009/06/22 v3.00 AMS symbols B
)
Adding blank page after the abstract.
[1]
Overfull \vbox (12.0pt too high) has occurred while \output is active []

 [2]
(/Users/jcole/Documents/pypedal/PyPedal/doc/copyright.tex)
Overfull \vbox (12.0pt too high) has occurred while \output is active []

 [1]
Overfull \vbox (12.0pt too high) has occurred while \output is active []

 [2

]
(/Users/jcole/Documents/pypedal/PyPedal/doc/pypedal.toc
Overfull \vbox (12.0pt too high) has occurred while \output is active []

 [3])
\tf@toc=\write8
\openout8 = `pypedal.toc'.


Overfull \vbox (12.0pt too high) has occurred while \output is active []

 [4]
(/Users/jcole/Documents/pypedal/PyPedal/doc/pypedal.lot
Overfull \vbox (12.0pt too high) has occurred while \output is active []

 [1


])
\tf@lot=\write9
\openout9 = `pypedal.lot'.


Overfull \vbox (12.0pt too high) has occurred while \output is active []

 [2]
(/Users/jcole/Documents/pypedal/PyPedal/doc/pypedal.lof)
\tf@lof=\write10
\openout10 = `pypedal.lof'.


(/Users/jcole/Documents/pypedal/PyPedal/doc/introduction.tex
Overfull \vbox (12.0pt too high) has occurred while \output is active []

 [3

\openout4 = `pypedal0.syn'.

]
Overfull \vbox (12.0pt too high) has occurred while \output is active []

 [4

]
Chapter 1.
LaTeX Font Info:    Font shape `OT1/phv/bx/n' in size <10> not available
(Font)              Font shape `OT1/phv/b/n' tried instead on input line 1.
LaTeX Font Info:    Font shape `OT1/phv/bx/n' in size <14.4> not available
(Font)              Font shape `OT1/phv/b/n' tried instead on input line 1.

LaTeX Warning: Reference `cha:license' on page 5 undefined on input line 17.


Overfull \vbox (12.0pt too high) has occurred while \output is active []

 [5]

LaTeX Warning: Reference `cha:api' on page 6 undefined on input line 27.

LaTeX Font Info:    Try loading font information for TS1+ptm on input line 36.
(/sw/share/texmf-dist/tex/latex/psnfss/ts1ptm.fd
File: ts1ptm.fd 2001/06/04 font definitions for TS1/ptm.
)
Overfull \vbox (12.0pt too high) has occurred while \output is active []

 [6]
Underfull \hbox (badness 10000) in paragraph at lines 67--68
\OT1/ptm/m/n/10 forge site, [][][]$\OT1/pcr/m/n/10 http : / / sourceforge . net
 / projects / pypedal/$[][][][]\OT1/ptm/m/n/10 , pro-vides tools for re-port-in
g bugs
 []


Overfull \hbox (5.52425pt too wide) in paragraph at lines 67--68
\OT1/ptm/m/n/10 ture re-quests ([][][]$\OT1/pcr/m/n/10 https : / / sourceforge 
. net / tracker / ?func = add&group _ id = 106679&atid = 645236$[][][][]\OT1/pt
m/m/n/10 ),
 []


Underfull \hbox (badness 10000) in paragraph at lines 67--68
\OT1/ptm/m/n/10 and dis-cussing PyPedal ([][][]$\OT1/pcr/m/n/10 https : / / sou
rceforge . net / forum / ?group _ id = 106679$[][][][]\OT1/ptm/m/n/10 ).
 []


Underfull \hbox (badness 10000) in paragraph at lines 67--68
\OT1/ptm/m/n/10 The cur-rent de-vel-op-ment code can be down-loaded from the Py
Pedal git repos-i-tory at
 []

) (/Users/jcole/Documents/pypedal/PyPedal/doc/installation.tex
Overfull \vbox (12.0pt too high) has occurred while \output is active []

 [7]
Overfull \vbox (12.0pt too high) has occurred while \output is active []

 [8]
Chapter 2.

Overfull \hbox (63.40273pt too wide) in paragraph at lines 19--23
 [] 
 []


Overfull \vbox (12.0pt too high) has occurred while \output is active []

 [9

]
Overfull \hbox (48.40329pt too wide) in paragraph at lines 23--33
 [] 
 []


Overfull \hbox (132.37299pt too wide) in paragraph at lines 34--35
\OT1/ptm/m/n/10 The PyPedal dis-tri-bu-tion in-cludes a copy of the ADOdb for P
ython ([][][]$\OT1/pcr/m/n/10 http : / / http : / / phplens . com / lens / adod
b / adodb-[]py-[]docs . htm/$[][][][]\OT1/ptm/m/n/10 )
 []


Overfull \vbox (12.0pt too high) has occurred while \output is active []

 [10]

LaTeX Warning: Reference `cha:api' on page 11 undefined on input line 63.

LaTeX Font Info:    Font shape `OT1/pcr/bx/n' in size <10> not available
(Font)              Font shape `OT1/pcr/b/n' tried instead on input line 70.

Overfull \hbox (2.5pt too wide) in paragraph at lines 72--73
[][]\OT1/ptm/m/n/10 .
 []

LaTeX Font Info:    Try loading font information for OMS+pcr on input line 74.
(/sw/share/texmf-dist/tex/latex/psnfss/omspcr.fd
File: omspcr.fd 
)
LaTeX Font Info:    Font shape `OMS/pcr/m/n' in size <10> not available
(Font)              Font shape `OMS/cmsy/m/n' tried instead on input line 74.

Overfull \vbox (12.0pt too high) has occurred while \output is active []

 [11])
(/Users/jcole/Documents/pypedal/PyPedal/doc/overview.tex
Overfull \vbox (12.0pt too high) has occurred while \output is active []

 [12]
Chapter 3.

Overfull \vbox (12.0pt too high) has occurred while \output is active []

 [13

]
Overfull \vbox (12.0pt too high) has occurred while \output is active []

 [14]
Overfull \vbox (12.0pt too high) has occurred while \output is active []

 [15]
Overfull \vbox (12.0pt too high) has occurred while \output is active []

 [16]
Overfull \hbox (12.24385pt too wide) in paragraph at lines 137--158
 [] 
 []


Overfull \vbox (12.0pt too high) has occurred while \output is active []

 [17]
Overfull \hbox (29.4338pt too wide) in paragraph at lines 158--189
 [] 
 []


Overfull \vbox (12.0pt too high) has occurred while \output is active []

 [18]
LaTeX Font Info:    Try loading font information for OMS+ptm on input line 221.


(/sw/share/texmf-dist/tex/latex/psnfss/omsptm.fd
File: omsptm.fd 
)
LaTeX Font Info:    Font shape `OMS/ptm/m/n' in size <10> not available
(Font)              Font shape `OMS/cmsy/m/n' tried instead on input line 221.

Overfull \vbox (12.0pt too high) has occurred while \output is active []

 [19]
Overfull \vbox (12.0pt too high) has occurred while \output is active []

 [20]

LaTeX Warning: Reference `fig:boichard-pedigree-basic' on page 21 undefined on 
input line 268.


Overfull \vbox (12.0pt too high) has occurred while \output is active []

 [21]
Overfull \hbox (17.6972pt too wide) in paragraph at lines 339--339
[]\OT1/pcr/m/n/9 Fri, 06 May 2005 10:27:22 WARNING  Reached end-of-line in boic
hard2.ped after reading[] 
 []


Overfull \hbox (1.49722pt too wide) in paragraph at lines 354--354
[]\OT1/pcr/m/n/9 Thu, 04 Aug 2005 15:36:18 INFO     Pedigree comment (line 2): 
# in Hartl and Clark[] 
 []


Overfull \hbox (1.49722pt too wide) in paragraph at lines 354--354
[]                                   \OT1/pcr/m/n/9 does not have the same numb
er of columns (4) as[] 
 []


Overfull \hbox (1.49722pt too wide) in paragraph at lines 354--354
[]                                   \OT1/pcr/m/n/9 should (3). Please check yo
ur pedigree file and[] 
 []


Overfull \vbox (12.0pt too high) has occurred while \output is active []

 [22]
File: ./graphics/simulatedPedigree.eps Graphic file (type eps)

<./graphics/simulatedPedigree.eps>)
(/Users/jcole/Documents/pypedal/PyPedal/doc/inputoutput.tex
Overfull \vbox (12.0pt too high) has occurred while \output is active []

 [23]
Overfull \vbox (12.0pt too high) has occurred while \output is active []

 [24

]
Chapter 4.

Underfull \hbox (badness 6332) in paragraph at lines 29--30
\OT1/pcr/m/n/10 NewPedigree::load() \OT1/ptm/m/n/10 method, while out-put meth-
ods are im-ple-mented as in-di-vid-ual meth-ods of
 []


Overfull \vbox (12.0pt too high) has occurred while \output is active []

 [25]
Overfull \vbox (12.0pt too high) has occurred while \output is active []

 [26]
Overfull \hbox (44.69717pt too wide) in paragraph at lines 101--101
[]    \OT1/pcr/m/n/9 test = pyp_newclasses.loadPedigree(options,pedsource='text
stream',pedstream=pedstream)[] 
 []


Overfull \vbox (12.0pt too high) has occurred while \output is active []

 [27]
Overfull \vbox (12.0pt too high) has occurred while \output is active []

 [28]
Overfull \vbox (12.0pt too high) has occurred while \output is active []

 [29]
Overfull \hbox (552.2966pt too wide) in paragraph at lines 207--207
[]\OT1/pcr/m/n/9 1 0 0 0 m 01011900 0.0 Unknown_Breed 7 1900 0 -999 -999.0 7 Un
known_Name Unknown_Name ['1900000000000000071__1', '1900000000000000071__2'] 57
361b5fd9993f00437fbe4c4675feca Unknown_Herd[] 
 []


Overfull \hbox (552.2966pt too wide) in paragraph at lines 207--207
[]\OT1/pcr/m/n/9 2 0 0 0 m 01011900 0.0 Unknown_Breed 6 1900 0 -999 -999.0 6 Un
known_Name Unknown_Name ['1900000000000000061__1', '1900000000000000061__2'] 57
361b5fd9993f00437fbe4c4675feca Unknown_Herd[] 
 []


Overfull \hbox (552.2966pt too wide) in paragraph at lines 207--207
[]\OT1/pcr/m/n/9 3 0 0 0 m 01011900 0.0 Unknown_Breed 5 1900 0 -999 -999.0 5 Un
known_Name Unknown_Name ['1900000000000000051__1', '1900000000000000051__2'] 57
361b5fd9993f00437fbe4c4675feca Unknown_Herd[] 
 []


Overfull \hbox (552.2966pt too wide) in paragraph at lines 207--207
[]\OT1/pcr/m/n/9 4 0 0 0 f 01011900 0.0 Unknown_Breed 3 1900 0 -999 -999.0 3 Un
known_Name Unknown_Name ['1900000000000000031__1', '1900000000000000031__2'] 57
361b5fd9993f00437fbe4c4675feca Unknown_Herd[] 
 []


Overfull \hbox (552.2966pt too wide) in paragraph at lines 207--207
[]\OT1/pcr/m/n/9 5 0 0 0 f 01011900 0.0 Unknown_Breed 2 1900 0 -999 -999.0 2 Un
known_Name Unknown_Name ['1900000000000000021__1', '1900000000000000021__2'] 57
361b5fd9993f00437fbe4c4675feca Unknown_Herd[] 
 []


Overfull \hbox (44.69717pt too wide) in paragraph at lines 213--213
[]\OT1/pcr/m/n/9 test.save('test_save_peterson.ped', pedformat = 'asd', sepchar
 = '...Kneel before Zod!...'[] 
 []


Overfull \vbox (12.0pt too high) has occurred while \output is active []

 [30]
Overfull \vbox (12.0pt too high) has occurred while \output is active []

 [31]
Overfull \hbox (44.69717pt too wide) in paragraph at lines 284--284
[]\OT1/pcr/m/n/9 >>> test = pyp_newclasses.loadPedigree(options,pedsource='text
stream',pedstream=pedstream)[] 
 []


Underfull \hbox (badness 10000) in paragraph at lines 312--313
[]\OT1/ptm/m/n/10 The type of database you are us-ing
 []


Overfull \vbox (12.0pt too high) has occurred while \output is active []

 [32]
Underfull \hbox (badness 10000) in paragraph at lines 367--368
\OT1/ptm/m/n/10 PyPedal can write \OT1/pcr/m/n/10 NewPedigree \OT1/ptm/m/n/10 p
edi-grees to ASDx-formatted SQLite ta-bles us-ing the
 []


Overfull \vbox (12.0pt too high) has occurred while \output is active []

 [33]
Overfull \hbox (363.29681pt too wide) in paragraph at lines 401--401
[]\OT1/pcr/m/n/9 617  sql = "INSERT INTO %s ( animalName, sireName, damName, se
x ) VALUES ('%s', '%s', '%s', '%s')" % ( self.kw['database_table'], an, si, da,
 p.sex )[] 
 []

) (/Users/jcole/Documents/pypedal/PyPedal/doc/calculations.tex
Overfull \vbox (12.0pt too high) has occurred while \output is active []

 [34]
Overfull \vbox (12.0pt too high) has occurred while \output is active []

 [35]
Overfull \vbox (12.0pt too high) has occurred while \output is active []

 [36

]
Chapter 5.

Underfull \hbox (badness 10000) in paragraph at lines 33--48
[] \OT1/ptm/m/n/10 The
 []


Overfull \vbox (12.0pt too high) has occurred while \output is active []

 [37]
Overfull \vbox (12.0pt too high) has occurred while \output is active []

 [38]
Overfull \vbox (12.0pt too high) has occurred while \output is active []

 [39]
Overfull \vbox (12.0pt too high) has occurred while \output is active []

 [40]
Overfull \hbox (12.29721pt too wide) in paragraph at lines 161--161
[]\OT1/pcr/m/n/9 matings.append('%s_%s'%(example.pedigree[0].animalID, example.
pedigree[4].animalID))[] 
 []


Overfull \hbox (17.6972pt too wide) in paragraph at lines 161--161
[]\OT1/pcr/m/n/9 matings.append('%s_%s'%(example.pedigree[0].animalID, example.
pedigree[13].animalID))[] 
 []


Overfull \hbox (17.6972pt too wide) in paragraph at lines 161--161
[]\OT1/pcr/m/n/9 matings.append('%s_%s'%(example.pedigree[4].animalID, example.
pedigree[13].animalID))[] 
 []


Overfull \hbox (50.09717pt too wide) in paragraph at lines 184--184
[]\OT1/pcr/m/n/9 list_r = pyp_metrics.common_ancestors(example.pedigree[4].anim
alID,example.pedigree[13].ani[] 
 []


Overfull \vbox (12.0pt too high) has occurred while \output is active []

 [41]
Overfull \vbox (12.0pt too high) has occurred while \output is active []

 [42]
Overfull \vbox (12.0pt too high) has occurred while \output is active []

 [43]
Overfull \vbox (12.0pt too high) has occurred while \output is active []

 [44]
Overfull \vbox (12.0pt too high) has occurred while \output is active []

 [45])
(/Users/jcole/Documents/pypedal/PyPedal/doc/objects.tex
Overfull \vbox (12.0pt too high) has occurred while \output is active []

 [46]
Chapter 6.

LaTeX Warning: Reference `sec:functions-pyp-newclasses' on page 47 undefined on
 input line 11.


Underfull \hbox (badness 7151) in paragraph at lines 31--32
\OT1/pcr/m/n/10 BASE_-DEMOGRAPHIC_-YEAR \OT1/ptm/m/n/10 de-fined in
 []


Underfull \hbox (badness 10000) in paragraph at lines 34--35
\OT1/pcr/m/n/10 pyp_-utils.set_-ancestor_-flag()
 []


Overfull \vbox (12.0pt too high) has occurred while \output is active []

 [47

]
Overfull \vbox (12.0pt too high) has occurred while \output is active []

 [48]
Underfull \hbox (badness 10000) in paragraph at lines 47--48
[]\OT1/ptm/m/n/10 Generation in-ferred by \OT1/pcr/m/n/10 pyp_-
 []


Overfull \hbox (46.8889pt too wide) in paragraph at lines 42--58
 [] 
 []


Overfull \vbox (12.0pt too high) has occurred while \output is active []

 [49]
Overfull \hbox (97.42001pt too wide) in paragraph at lines 76--77
[][][]$\OT1/pcr/m/n/10 http : / / www . brpreiss . com / books / opus7 / html /
 page220 . html # progstrnga$[][][][]\OT1/ptm/m/n/10 .| 
 []


Overfull \vbox (12.0pt too high) has occurred while \output is active []

 [50]
Overfull \hbox (97.42001pt too wide) in paragraph at lines 115--116
[][][]$\OT1/pcr/m/n/10 http : / / www . brpreiss . com / books / opus7 / html /
 page220 . html # progstrnga$[][][][]\OT1/ptm/m/n/10 .| 
 []


Overfull \vbox (12.0pt too high) has occurred while \output is active []

 [51]
Overfull \vbox (12.0pt too high) has occurred while \output is active []

 [52]
Underfull \hbox (badness 10000) in paragraph at lines 199--200
\OT1/ptm/m/n/10 method from Matvec 1.1a (sr-c/-class-es/-pedi-gree.cpp;
 []


Overfull \hbox (52.74997pt too wide) in paragraph at lines 199--200
[][][]$\OT1/pcr/m/n/10 http : / / statistics . unl . edu / faculty / steve / so
ftware / matvec/$[][][][]\OT1/ptm/m/n/10 ),
 []


Overfull \vbox (12.0pt too high) has occurred while \output is active []

 [53]
Overfull \hbox (1.51448pt too wide) in paragraph at lines 217--235
 [] 
 []


Overfull \vbox (12.0pt too high) has occurred while \output is active []

 [54]
Underfull \hbox (badness 10000) in paragraph at lines 259--260
[]\OT1/ptm/m/n/10 Prints a sum-mary of the pedi-gree meta-data stored in the
 []


Underfull \hbox (badness 8038) in paragraph at lines 260--261
[]\OT1/ptm/m/n/10 Returns a sum-mary of the pedi-gree meta-data stored in the
 []


Underfull \hbox (badness 7151) in paragraph at lines 289--290
[]\OT1/ptm/m/n/10 Calls \OT1/pcr/m/n/10 pyp_-nrm.fast_-a_-matrix() \OT1/ptm/m/n
/10 or \OT1/pcr/m/n/10 pyp_-nrm.fast_-a_-
 []


Overfull \vbox (12.0pt too high) has occurred while \output is active []

 [55])
(/Users/jcole/Documents/pypedal/PyPedal/doc/methodology.tex
Overfull \vbox (12.0pt too high) has occurred while \output is active []

 [56]
Chapter 7.

Overfull \vbox (12.0pt too high) has occurred while \output is active []

 [57

]
Overfull \hbox (17.6972pt too wide) in paragraph at lines 30--30
[]\OT1/pcr/m/n/9 >>> print newf_f['fx'][example.idmap[example.namemap['Kaptn Kv
ols von Widdersdorf']]][] 
 []


Overfull \vbox (12.0pt too high) has occurred while \output is active []

 [58]
Overfull \vbox (12.0pt too high) has occurred while \output is active []

 [59]
Overfull \vbox (12.0pt too high) has occurred while \output is active []

 [60]
Overfull \vbox (12.0pt too high) has occurred while \output is active []

 [61])
(/Users/jcole/Documents/pypedal/PyPedal/doc/howtos.tex
Overfull \vbox (12.0pt too high) has occurred while \output is active []

 [62]
Chapter 8.

Overfull \vbox (12.0pt too high) has occurred while \output is active []

 [63

]
Overfull \vbox (12.0pt too high) has occurred while \output is active []

 [64]
Overfull \hbox (320.09686pt too wide) in paragraph at lines 94--94
[]  \OT1/pcr/m/n/9 File "/home/jcole/sage-4.8/local/lib/python2.6/site-packages
/PyPedal-2.0.3-py2.6.egg/PyPedal/pyp_newclasses.py", line 2875, in loadPedigree
[] 
 []


Overfull \hbox (271.49692pt too wide) in paragraph at lines 94--94
[]  \OT1/pcr/m/n/9 File "/home/jcole/sage-4.8/local/lib/python2.6/site-packages
/PyPedal-2.0.3-py2.6.egg/PyPedal/pyp_newclasses.py", line 444, in load[] 
 []


Overfull \hbox (309.29688pt too wide) in paragraph at lines 94--94
[]  \OT1/pcr/m/n/9 File "/home/jcole/sage-4.8/local/lib/python2.6/site-packages
/PyPedal-2.0.3-py2.6.egg/PyPedal/pyp_newclasses.py", line 1076, in preprocess[]
 
 []


Overfull \vbox (12.0pt too high) has occurred while \output is active []

 [65]
Overfull \hbox (1.49722pt too wide) in paragraph at lines 146--146
[]\OT1/pcr/m/n/9 28: 0.25, 29: 0.0, 30: 0.0, 31: 0.25, 32: 0.0, 33: 0.0, 34: 0.
0, 35: 0.0, 36: 0.0,[] 
 []


Overfull \hbox (1.49722pt too wide) in paragraph at lines 146--146
[]\OT1/pcr/m/n/9 37: 0.0, 38: 0.21875, 39: 0.0, 40: 0.0625, 41: 0.0, 42: 0.0, 4
3: 0.03125, 44: 0.0,[] 
 []


LaTeX Warning: Reference `sec:pyp-reports' on page 66 undefined on input line 1
63.


LaTeX Warning: Reference `sec:pyp-db' on page 66 undefined on input line 163.


Overfull \vbox (12.0pt too high) has occurred while \output is active []

 [66]
Overfull \vbox (12.0pt too high) has occurred while \output is active []

 [67]

LaTeX Warning: Reference `sec:pyp-network' on page 68 undefined on input line 2
14.


Overfull \vbox (12.0pt too high) has occurred while \output is active []

 [68]
Overfull \vbox (12.0pt too high) has occurred while \output is active []

 [69]
Overfull \vbox (12.0pt too high) has occurred while \output is active []

 [70]
Overfull \hbox (44.69717pt too wide) in paragraph at lines 348--348
[]    \OT1/pcr/m/n/9 test = pyp_newclasses.loadPedigree(options,pedsource='text
stream',pedstream=pedstream)[] 
 []


Overfull \hbox (120.29709pt too wide) in paragraph at lines 348--348
[]    \OT1/pcr/m/n/9 pyp_graphics.new_draw_pedigree(test, gfilename='partial', 
gtitle='Text Stream', gorient='p',gname=1)[] 
 []

File: ./graphics/pedfromstring.eps Graphic file (type eps)
<./graphics/pedfromstring.eps>)
(/Users/jcole/Documents/pypedal/PyPedal/doc/graphics.tex
Overfull \vbox (12.0pt too high) has occurred while \output is active []

 [71]
Overfull \vbox (12.0pt too high) has occurred while \output is active []

 [72]
Chapter 9.
File: ./graphics/boichard2Pedigree.eps Graphic file (type eps)
<./graphics/boichard2Pedigree.eps>
File: ./graphics/BoichardPedigreeBasic.eps Graphic file (type eps)
 <./graphics/BoichardPedigreeBasic.eps>
File: ./graphics/dougPRlNotitle.eps Graphic file (type eps)

<./graphics/dougPRlNotitle.eps>

LaTeX Warning: Reference `sec:pyp-graphics-draw-pedigree' on page 73 undefined 
on input line 58.


Overfull \vbox (12.0pt too high) has occurred while \output is active []

 [73

]
Overfull \vbox (12.0pt too high) has occurred while \output is active []

 [74]
Overfull \vbox (12.0pt too high) has occurred while \output is active []

 [75]
File: ./graphics/newfoundland.eps Graphic file (type eps)

<./graphics/newfoundland.eps>
LaTeX Font Info:    Font shape `OT1/ptm/bx/it' in size <10> not available
(Font)              Font shape `OT1/ptm/b/it' tried instead on input line 69.

Overfull \vbox (12.0pt too high) has occurred while \output is active []

 [76]
File: ./graphics/ayCoiByYear.eps Graphic file (type eps)

<./graphics/ayCoiByYear.eps>

LaTeX Warning: Reference `sec:pyp-reports-mean-metric-by' on page 77 undefined 
on input line 88.


LaTeX Warning: Reference `sec:pyp-graphics-plot-line-xy' on page 77 undefined o
n input line 90.


Overfull \vbox (12.0pt too high) has occurred while \output is active []

 [77]

LaTeX Font Warning: Command \scriptsize invalid in math mode on input line 98.


LaTeX Font Warning: Command \normalsize invalid in math mode on input line 121.



Overfull \hbox (14.30162pt too wide) detected at line 122
[]
 []

File: ./graphics/boichard2Pcolor.eps Graphic file (type eps)
<./graphics/boichard2Pcolor.eps>
File: ./graphics/boichard2Spy.eps Graphic file (type eps)
 <./graphics/boichard2Spy.eps>)
(/Users/jcole/Documents/pypedal/PyPedal/doc/reports.tex
Overfull \vbox (12.0pt too high) has occurred while \output is active []

 [78]
Overfull \vbox (12.0pt too high) has occurred while \output is active []

 [79]
Overfull \vbox (12.0pt too high) has occurred while \output is active []

 [80

]
Chapter 10.

LaTeX Warning: Reference `sec:pyp-db' on page 81 undefined on input line 9.


LaTeX Warning: Reference `sec:pyp-reports' on page 81 undefined on input line 9
.


Overfull \vbox (12.0pt too high) has occurred while \output is active []

 [81]

LaTeX Warning: Reference `sec:pyp-reports-pdf-three-gen-ped' on page 82 undefin
ed on input line 54.

File: ./graphics/greensDingoPedigree.eps Graphic file (type eps)
<./graphics/greensDingoPedigree.eps>

LaTeX Warning: Float too large for page by 10.70406pt on input line 61.


Overfull \hbox (17.6972pt too wide) in paragraph at lines 84--84
[]    \OT1/pcr/m/n/9 if not pyp_db.tableExists(pedobj.kw['database_name'], pedo
bj.kw['dbtable_name']):[] 
 []


Overfull \vbox (12.0pt too high) has occurred while \output is active []

 [82]
Overfull \vbox (12.0pt too high) has occurred while \output is active []

 [83]
Overfull \hbox (12.29721pt too wide) in paragraph at lines 105--105
[]\OT1/pcr/m/n/9 def pdfInbreedingByYear(pedobj,results,titlepage=0,reporttitle
='',reportauthor='', \[] 
 []


Overfull \hbox (6.89722pt too wide) in paragraph at lines 105--105
[]        \OT1/pcr/m/n/9 _pdfOutfile = '%s_inbreeding_by_year.pdf' % ( pedobj.k
w['default_report'] )[] 
 []


Overfull \vbox (12.0pt too high) has occurred while \output is active []

 [84]
Overfull \hbox (6.89722pt too wide) in paragraph at lines 155--155
[]    \OT1/pcr/m/n/9 # Paginate the document if the contents of a textLine are 
longer than one page.[] 
 []


Overfull \vbox (12.0pt too high) has occurred while \output is active []

 [85])
(/Users/jcole/Documents/pypedal/PyPedal/doc/newfeatures.tex
Overfull \vbox (12.0pt too high) has occurred while \output is active []

 [86]
Chapter 11.

Overfull \vbox (12.0pt too high) has occurred while \output is active []

 [87

]
Overfull \vbox (12.0pt too high) has occurred while \output is active []

 [88]
Overfull \vbox (12.0pt too high) has occurred while \output is active []

 [89]
Overfull \vbox (12.0pt too high) has occurred while \output is active []

 [90]
Overfull \vbox (12.0pt too high) has occurred while \output is active []

 [91]
File: ./graphics/BoichardPedigreeColored.eps Graphic file (type eps)

<./graphics/BoichardPedigreeColored.eps>
Overfull \vbox (12.0pt too high) has occurred while \output is active []

 [92]
Overfull \vbox (12.0pt too high) has occurred while \output is active []

 [93])
(/Users/jcole/Documents/pypedal/PyPedal/doc/glossary.tex
Overfull \vbox (12.0pt too high) has occurred while \output is active []

 [94]
Chapter 12.
) (/Users/jcole/Documents/pypedal/PyPedal/doc/appendix.tex
Overfull \vbox (12.0pt too high) has occurred while \output is active []

 [95

]
Overfull \vbox (12.0pt too high) has occurred while \output is active []

 [96

]
Appendix A.

Underfull \hbox (badness 10000) in paragraph at lines 16--16
[]\OT1/ptm/m/n/10 Configuration
 []


Underfull \hbox (badness 10000) in paragraph at lines 16--16
[]\OT1/ptm/m/n/10 Configuration
 []


Underfull \hbox (badness 10000) in paragraph at lines 16--16
[]\OT1/ptm/m/n/10 Configuration
 []


Underfull \hbox (badness 10000) in paragraph at lines 20--20
[]\OT1/ptm/m/n/10 new[]-de-com-
 []


Underfull \hbox (badness 10000) in paragraph at lines 20--20
[]\OT1/ptm/m/n/10 new[]-de-com-
 []


Underfull \hbox (badness 7116) in paragraph at lines 24--25
[]\OT1/ptm/m/n/10 Demonstrates use of \OT1/pcr/m/n/10 pyp_-graphics.draw_-
 []


Overfull \hbox (19.4945pt too wide) in paragraph at lines 16--26
 [] 
 []


Overfull \vbox (12.0pt too high) has occurred while \output is active []

 [97]
Underfull \hbox (badness 10000) in paragraph at lines 26--26
[]\OT1/ptm/m/n/10 Configuration
 []


Underfull \hbox (badness 10000) in paragraph at lines 26--26
[]\OT1/ptm/m/n/10 new[]-in-breed-
 []


Underfull \hbox (badness 10000) in paragraph at lines 26--26
[]\OT1/ptm/m/n/10 new[]-renum-ber-
 []


Underfull \hbox (badness 10000) in paragraph at lines 27--27
[]\OT1/ptm/m/n/10 new[]-in-breed-
 []


Underfull \hbox (badness 10000) in paragraph at lines 27--27
\OT1/ptm/m/n/10 ing2.ini,
 []


Underfull \hbox (badness 10000) in paragraph at lines 27--27
\OT1/ptm/m/n/10 new[]-in-breed-
 []


Underfull \hbox (badness 10000) in paragraph at lines 27--27
[]\OT1/ptm/m/n/10 new[]-renum-
 []


Underfull \hbox (badness 10000) in paragraph at lines 27--27
\OT1/ptm/m/n/10 ber-ing.ped,
 []


Underfull \hbox (badness 10000) in paragraph at lines 29--29
[]\OT1/ptm/m/n/10 new[]-lacy.ini,
 []


Underfull \hbox (badness 10000) in paragraph at lines 29--29
[]\OT1/ptm/m/n/10 new[]-lacy.ped,
 []


Underfull \hbox (badness 10000) in paragraph at lines 30--31
[]\OT1/ptm/m/n/10 Use of \OT1/pcr/m/n/10 pyp_-metrics.related_-animals()
 []


Underfull \hbox (badness 10000) in paragraph at lines 31--31
[]\OT1/ptm/m/n/10 new[]-net-
 []


Underfull \hbox (badness 10000) in paragraph at lines 33--33
[]\OT1/ptm/m/n/10 new[]-renum-ber-
 []


Underfull \hbox (badness 10000) in paragraph at lines 33--33
[]\OT1/ptm/m/n/10 new[]-renum-ber-
 []


Underfull \hbox (badness 10000) in paragraph at lines 34--34
[]\OT1/ptm/m/n/10 new[]-renum-ber-
 []


Overfull \hbox (25.60448pt too wide) in paragraph at lines 26--38
 [] 
 []


Overfull \vbox (12.0pt too high) has occurred while \output is active []

 [98]
Appendix B.

LaTeX Warning: Reference `tbl:gedcom-supported-records-and-tags-import,tbl:gedc
om-supported-records-and-tags-export' on page 99 undefined on input line 43.


Overfull \vbox (12.0pt too high) has occurred while \output is active []

 [99

]
Overfull \vbox (12.0pt too high) has occurred while \output is active []

 [100]
Appendix C.

Underfull \hbox (badness 7796) in paragraph at lines 111--117
\OT1/ptm/m/n/10 Lacy's GENES 1.20 pro-gram ([][][]$\OT1/pcr/m/n/10 http : / / w
ww . vortex9 . org / genes . html$[][][][]\OT1/ptm/m/n/10 ). The code that does

 []


Underfull \hbox (badness 5064) in paragraph at lines 111--117
\OT1/ptm/m/n/10 the ac-tual con-ver-sion is a mod-i-fied ver-sion of "Recipe 36
2715: DBF reader and writer (Python)"
 []

)
Overfull \vbox (12.0pt too high) has occurred while \output is active []

 [101

]
(/Users/jcole/Documents/pypedal/PyPedal/doc/pypedal.bbl
Overfull \vbox (12.0pt too high) has occurred while \output is active []

 [102]
Overfull \vbox (12.0pt too high) has occurred while \output is active []

 [103

])
(/Users/jcole/Documents/pypedal/PyPedal/doc/pypedal.ind
Overfull \vbox (12.0pt too high) has occurred while \output is active []

 [104]
Overfull \vbox (12.0pt too high) has occurred while \output is active []

 [105


])
(/Users/jcole/Documents/pypedal/PyPedal/doc/pypedal.fnd)
Package atveryend Info: Empty hook `BeforeClearDocument' on input line 192.
Package atveryend Info: Empty hook `AfterLastShipout' on input line 192.

(/Users/jcole/Documents/pypedal/PyPedal/doc/pypedal.aux)
Package atveryend Info: Empty hook `AtVeryEndDocument' on input line 192.
Package atveryend Info: Executing hook `AtEndAfterFileList' on input line 192.
Package rerunfilecheck Info: File `pypedal.out' has not changed.
(rerunfilecheck)             Checksum: D5DDBA39016FA1AA7C297EAA2BADB843;4054.


LaTeX Warning: There were undefined references.

Package atveryend Info: Empty hook `AtVeryVeryEnd' on input line 192.
 ) 
Here is how much of TeX's memory you used:
 8952 strings out of 493634
 130318 string characters out of 3149139
 248163 words of memory out of 3000000
 12029 multiletter control sequences out of 15000+200000
 22547 words of font info for 62 fonts, out of 3000000 for 9000
 832 hyphenation exceptions out of 8191
 31i,17n,49p,1810b,443s stack positions out of 5000i,500n,10000p,200000b,50000s

Output written on pypedal.dvi (112 pages, 513464 bytes).
